Replace Part Bateria1 Jack in E:\UnB\Equipes de Competição\D.Ro.I.D\Executando\OPEN - 2018\Open2018\Eletronica\Altium_Chaves\schChaves.SchDoc with Jack from Componentes_Open.SchLib
Replace Part Bateria2 Jack in E:\UnB\Equipes de Competição\D.Ro.I.D\Executando\OPEN - 2018\Open2018\Eletronica\Altium_Chaves\schChaves.SchDoc with Jack from Componentes_Open.SchLib
Replace Part C1 Cap2 in E:\UnB\Equipes de Competição\D.Ro.I.D\Executando\OPEN - 2018\Open2018\Eletronica\Altium_Chaves\schChaves.SchDoc with Cap2 from Miscellaneous Devices.IntLib
Replace Part C3 Cap2 in E:\UnB\Equipes de Competição\D.Ro.I.D\Executando\OPEN - 2018\Open2018\Eletronica\Altium_Chaves\schChaves.SchDoc with Cap2 from Miscellaneous Devices.IntLib
Replace Part C5 Cap2 in E:\UnB\Equipes de Competição\D.Ro.I.D\Executando\OPEN - 2018\Open2018\Eletronica\Altium_Chaves\schChaves.SchDoc with Cap2 from Miscellaneous Devices.IntLib
Replace Part C_3.3V_Chassi Chave in E:\UnB\Equipes de Competição\D.Ro.I.D\Executando\OPEN - 2018\Open2018\Eletronica\Altium_Chaves\schChaves.SchDoc with Chave from Componentes_Open.SchLib
Replace Part C_5V_BBB Chave in E:\UnB\Equipes de Competição\D.Ro.I.D\Executando\OPEN - 2018\Open2018\Eletronica\Altium_Chaves\schChaves.SchDoc with Chave from Componentes_Open.SchLib
Replace Part C_5V_Chassi Chave in E:\UnB\Equipes de Competição\D.Ro.I.D\Executando\OPEN - 2018\Open2018\Eletronica\Altium_Chaves\schChaves.SchDoc with Chave from Componentes_Open.SchLib
Replace Part C_5V_Garra Chave in E:\UnB\Equipes de Competição\D.Ro.I.D\Executando\OPEN - 2018\Open2018\Eletronica\Altium_Chaves\schChaves.SchDoc with Chave from Componentes_Open.SchLib
Replace Part C_12V_BBB Chave in E:\UnB\Equipes de Competição\D.Ro.I.D\Executando\OPEN - 2018\Open2018\Eletronica\Altium_Chaves\schChaves.SchDoc with Chave from Componentes_Open.SchLib
Replace Part C_12V_Garra Chave in E:\UnB\Equipes de Competição\D.Ro.I.D\Executando\OPEN - 2018\Open2018\Eletronica\Altium_Chaves\schChaves.SchDoc with Chave from Componentes_Open.SchLib
Replace Part Chave Jack in E:\UnB\Equipes de Competição\D.Ro.I.D\Executando\OPEN - 2018\Open2018\Eletronica\Altium_Chaves\schChaves.SchDoc with Jack from Componentes_Open.SchLib
Replace Part D1 LED2 in E:\UnB\Equipes de Competição\D.Ro.I.D\Executando\OPEN - 2018\Open2018\Eletronica\Altium_Chaves\schChaves.SchDoc with LED2 from Miscellaneous Devices.IntLib
Replace Part D2 LED2 in E:\UnB\Equipes de Competição\D.Ro.I.D\Executando\OPEN - 2018\Open2018\Eletronica\Altium_Chaves\schChaves.SchDoc with LED2 from Miscellaneous Devices.IntLib
Replace Part D3 LED2 in E:\UnB\Equipes de Competição\D.Ro.I.D\Executando\OPEN - 2018\Open2018\Eletronica\Altium_Chaves\schChaves.SchDoc with LED2 from Miscellaneous Devices.IntLib
Replace Part D4 LED2 in E:\UnB\Equipes de Competição\D.Ro.I.D\Executando\OPEN - 2018\Open2018\Eletronica\Altium_Chaves\schChaves.SchDoc with LED2 from Miscellaneous Devices.IntLib
Replace Part D6 LED2 in E:\UnB\Equipes de Competição\D.Ro.I.D\Executando\OPEN - 2018\Open2018\Eletronica\Altium_Chaves\schChaves.SchDoc with LED2 from Miscellaneous Devices.IntLib
Replace Part D7 LED2 in E:\UnB\Equipes de Competição\D.Ro.I.D\Executando\OPEN - 2018\Open2018\Eletronica\Altium_Chaves\schChaves.SchDoc with LED2 from Miscellaneous Devices.IntLib
Replace Part D8 LED2 in E:\UnB\Equipes de Competição\D.Ro.I.D\Executando\OPEN - 2018\Open2018\Eletronica\Altium_Chaves\schChaves.SchDoc with LED2 from Miscellaneous Devices.IntLib
Replace Part DIO1 Diode 1N4007 in E:\UnB\Equipes de Competição\D.Ro.I.D\Executando\OPEN - 2018\Open2018\Eletronica\Altium_Chaves\schChaves.SchDoc with Diode 1N4007 from Miscellaneous Devices.IntLib
Replace Part DIO2 Diode 1N4007 in E:\UnB\Equipes de Competição\D.Ro.I.D\Executando\OPEN - 2018\Open2018\Eletronica\Altium_Chaves\schChaves.SchDoc with Diode 1N4007 from Miscellaneous Devices.IntLib
Replace Part F1 Fuse 2 in E:\UnB\Equipes de Competição\D.Ro.I.D\Executando\OPEN - 2018\Open2018\Eletronica\Altium_Chaves\schChaves.SchDoc with Fuse 2 from Miscellaneous Devices.IntLib
Replace Part F2 Fuse 2 in E:\UnB\Equipes de Competição\D.Ro.I.D\Executando\OPEN - 2018\Open2018\Eletronica\Altium_Chaves\schChaves.SchDoc with Fuse 2 from Miscellaneous Devices.IntLib
Replace Part F3 Fuse 2 in E:\UnB\Equipes de Competição\D.Ro.I.D\Executando\OPEN - 2018\Open2018\Eletronica\Altium_Chaves\schChaves.SchDoc with Fuse 2 from Miscellaneous Devices.IntLib
Replace Part F4 Fuse 2 in E:\UnB\Equipes de Competição\D.Ro.I.D\Executando\OPEN - 2018\Open2018\Eletronica\Altium_Chaves\schChaves.SchDoc with Fuse 2 from Miscellaneous Devices.IntLib
Replace Part F6 Fuse 2 in E:\UnB\Equipes de Competição\D.Ro.I.D\Executando\OPEN - 2018\Open2018\Eletronica\Altium_Chaves\schChaves.SchDoc with Fuse 2 from Miscellaneous Devices.IntLib
Replace Part F7 Fuse 2 in E:\UnB\Equipes de Competição\D.Ro.I.D\Executando\OPEN - 2018\Open2018\Eletronica\Altium_Chaves\schChaves.SchDoc with Fuse 2 from Miscellaneous Devices.IntLib
Replace Part F8 Fuse 2 in E:\UnB\Equipes de Competição\D.Ro.I.D\Executando\OPEN - 2018\Open2018\Eletronica\Altium_Chaves\schChaves.SchDoc with Fuse 2 from Miscellaneous Devices.IntLib
Replace Part goto5V Jack in E:\UnB\Equipes de Competição\D.Ro.I.D\Executando\OPEN - 2018\Open2018\Eletronica\Altium_Chaves\schChaves.SchDoc with Jack from Componentes_Open.SchLib
Replace Part in3.3 Jack in E:\UnB\Equipes de Competição\D.Ro.I.D\Executando\OPEN - 2018\Open2018\Eletronica\Altium_Chaves\schChaves.SchDoc with Jack from Componentes_Open.SchLib
Replace Part in5V Jack in E:\UnB\Equipes de Competição\D.Ro.I.D\Executando\OPEN - 2018\Open2018\Eletronica\Altium_Chaves\schChaves.SchDoc with Jack from Componentes_Open.SchLib
Replace Part J_5V_BBB Jack in E:\UnB\Equipes de Competição\D.Ro.I.D\Executando\OPEN - 2018\Open2018\Eletronica\Altium_Chaves\schChaves.SchDoc with Jack from Componentes_Open.SchLib
Replace Part J_5V_Garra Jack in E:\UnB\Equipes de Competição\D.Ro.I.D\Executando\OPEN - 2018\Open2018\Eletronica\Altium_Chaves\schChaves.SchDoc with Jack from Componentes_Open.SchLib
Replace Part J_12V_BBB Jack in E:\UnB\Equipes de Competição\D.Ro.I.D\Executando\OPEN - 2018\Open2018\Eletronica\Altium_Chaves\schChaves.SchDoc with Jack from Componentes_Open.SchLib
Replace Part J_12V_Garra Jack in E:\UnB\Equipes de Competição\D.Ro.I.D\Executando\OPEN - 2018\Open2018\Eletronica\Altium_Chaves\schChaves.SchDoc with Jack from Componentes_Open.SchLib
Replace Part KK_Chassi KK3Vias in E:\UnB\Equipes de Competição\D.Ro.I.D\Executando\OPEN - 2018\Open2018\Eletronica\Altium_Chaves\schChaves.SchDoc with KK3Vias from Componentes_Open.SchLib
Replace Part R1 Res1 in E:\UnB\Equipes de Competição\D.Ro.I.D\Executando\OPEN - 2018\Open2018\Eletronica\Altium_Chaves\schChaves.SchDoc with Res1 from Miscellaneous Devices.IntLib
Replace Part R2 Res1 in E:\UnB\Equipes de Competição\D.Ro.I.D\Executando\OPEN - 2018\Open2018\Eletronica\Altium_Chaves\schChaves.SchDoc with Res1 from Miscellaneous Devices.IntLib
Replace Part R3 Res1 in E:\UnB\Equipes de Competição\D.Ro.I.D\Executando\OPEN - 2018\Open2018\Eletronica\Altium_Chaves\schChaves.SchDoc with Res1 from Miscellaneous Devices.IntLib
Replace Part R4 Res1 in E:\UnB\Equipes de Competição\D.Ro.I.D\Executando\OPEN - 2018\Open2018\Eletronica\Altium_Chaves\schChaves.SchDoc with Res1 from Miscellaneous Devices.IntLib
Replace Part R6 Res1 in E:\UnB\Equipes de Competição\D.Ro.I.D\Executando\OPEN - 2018\Open2018\Eletronica\Altium_Chaves\schChaves.SchDoc with Res1 from Miscellaneous Devices.IntLib
Replace Part R7 Res1 in E:\UnB\Equipes de Competição\D.Ro.I.D\Executando\OPEN - 2018\Open2018\Eletronica\Altium_Chaves\schChaves.SchDoc with Res1 from Miscellaneous Devices.IntLib
Replace Part R8 Res1 in E:\UnB\Equipes de Competição\D.Ro.I.D\Executando\OPEN - 2018\Open2018\Eletronica\Altium_Chaves\schChaves.SchDoc with Res1 from Miscellaneous Devices.IntLib
