Removed Pin From Net: NetName=GND Pin=Matriz-4
Removed Pin From Net: NetName=5V Pin=Matriz-5
Removed Member From Class: ClassName=schGarra Member=Matriz
Added Component: Designator=K1(3-vias)
Add component. Clean all parameters for all variants
Added Component: Designator=K2(3-vias)
Add component. Clean all parameters for all variants
Added Component: Designator=K3(3-vias)
Add component. Clean all parameters for all variants
Added Component: Designator=R3(AXIAL-0.3)
Add component. Clean all parameters for all variants
Add component (AddParameter): Name = "LatestRevisionDate"; Value = "17-Jul-2002"; VariantName = "[No Variations]"
Add component (AddParameter): Name = "LatestRevisionNote"; Value = "Re-released for DXP Platform."; VariantName = "[No Variations]"
Add component (AddParameter): Name = "PackageDescription"; Value = "Axial Device, Thru-Hole; 2 Leads; 0.3 in Pin Spacing"; VariantName = "[No Variations]"
Add component (AddParameter): Name = "PackageReference"; Value = "AXIAL-0.3"; VariantName = "[No Variations]"
Add component (AddParameter): Name = "Published"; Value = "8-Jun-2000"; VariantName = "[No Variations]"
Add component (AddParameter): Name = "Publisher"; Value = "Altium Limited"; VariantName = "[No Variations]"
Add component (AddParameter): Name = "Value"; Value = "1K"; VariantName = "[No Variations]"
Added Component: Designator=R4(AXIAL-0.3)
Add component. Clean all parameters for all variants
Add component (AddParameter): Name = "LatestRevisionDate"; Value = "17-Jul-2002"; VariantName = "[No Variations]"
Add component (AddParameter): Name = "LatestRevisionNote"; Value = "Re-released for DXP Platform."; VariantName = "[No Variations]"
Add component (AddParameter): Name = "PackageDescription"; Value = "Axial Device, Thru-Hole; 2 Leads; 0.3 in Pin Spacing"; VariantName = "[No Variations]"
Add component (AddParameter): Name = "PackageReference"; Value = "AXIAL-0.3"; VariantName = "[No Variations]"
Add component (AddParameter): Name = "Published"; Value = "8-Jun-2000"; VariantName = "[No Variations]"
Add component (AddParameter): Name = "Publisher"; Value = "Altium Limited"; VariantName = "[No Variations]"
Add component (AddParameter): Name = "Value"; Value = "1K"; VariantName = "[No Variations]"
Added Component: Designator=R5(AXIAL-0.3)
Add component. Clean all parameters for all variants
Add component (AddParameter): Name = "LatestRevisionDate"; Value = "17-Jul-2002"; VariantName = "[No Variations]"
Add component (AddParameter): Name = "LatestRevisionNote"; Value = "Re-released for DXP Platform."; VariantName = "[No Variations]"
Add component (AddParameter): Name = "PackageDescription"; Value = "Axial Device, Thru-Hole; 2 Leads; 0.3 in Pin Spacing"; VariantName = "[No Variations]"
Add component (AddParameter): Name = "PackageReference"; Value = "AXIAL-0.3"; VariantName = "[No Variations]"
Add component (AddParameter): Name = "Published"; Value = "8-Jun-2000"; VariantName = "[No Variations]"
Add component (AddParameter): Name = "Publisher"; Value = "Altium Limited"; VariantName = "[No Variations]"
Add component (AddParameter): Name = "Value"; Value = "1K"; VariantName = "[No Variations]"
Added Pin To Net: NetName=5V Pin=K1-1
Added Pin To Net: NetName=5V Pin=K2-1
Added Pin To Net: NetName=5V Pin=K3-1
Added Pin To Net: NetName=GND Pin=R3-2
Added Pin To Net: NetName=GND Pin=R4-2
Added Pin To Net: NetName=GND Pin=R5-2
Change Net Color : Old Net Color=Yellow New Net Color=RGB(255, 110, 255)
Change Net Color : Old Net Color=RGB(110, 255, 110) New Net Color=Default
Change Net Color : Old Net Color=RGB(255, 110, 110) New Net Color=Default
Added Pin To Net: NetName=D7 Pin=K1-2
Added Pin To Net: NetName=D7 Pin=Nano_2-9
Added Net: Name=D7
Added Pin To Net: NetName=D9 Pin=K2-2
Added Pin To Net: NetName=D9 Pin=Nano_2-10
Added Net: Name=D9
Added Pin To Net: NetName=NetK1_3 Pin=K1-3
Added Pin To Net: NetName=NetK1_3 Pin=R3-1
Added Net: Name=NetK1_3
Added Pin To Net: NetName=NetK2_3 Pin=K2-3
Added Pin To Net: NetName=NetK2_3 Pin=R4-1
Added Net: Name=NetK2_3
Added Pin To Net: NetName=NetK3_2 Pin=K3-2
Added Pin To Net: NetName=NetK3_2 Pin=Nano_2-11
Added Net: Name=NetK3_2
Added Pin To Net: NetName=NetK3_3 Pin=K3-3
Added Pin To Net: NetName=NetK3_3 Pin=R5-1
Added Net: Name=NetK3_3
Added Member To Class: ClassName=schGarra Member=Component Jack mot Jack
Added Member To Class: ClassName=schGarra Member=Component K1 KK3 - FDC
Added Member To Class: ClassName=schGarra Member=Component K2 KK3 - FDC
Added Member To Class: ClassName=schGarra Member=Component K3 KK3 - FDC
Added Member To Class: ClassName=schGarra Member=Component Mot1 KK4
Added Member To Class: ClassName=schGarra Member=Component R3 Res1
Added Member To Class: ClassName=schGarra Member=Component R4 Res1
Added Member To Class: ClassName=schGarra Member=Component R5 Res1
Added Room: Name=schGarra
