Removed Member From Class: ClassName=TesteRJ45 Member=KK2
Removed Member From Class: ClassName=TesteRJ45 Member=KK3
Removed Member From Class: ClassName=TesteRJ45 Member=KK4
Added Component: Designator=K1(2-vias)
Add component. Clean all parameters for all variants
Added Component: Designator=K2(2-vias)
Add component. Clean all parameters for all variants
Added Component: Designator=K3(3-vias)
Add component. Clean all parameters for all variants
Added Component: Designator=K4(3-vias)
Add component. Clean all parameters for all variants
Added Pin To Net: NetName=NetK1_1 Pin=K1-1
Added Pin To Net: NetName=NetK1_1 Pin=K2-2
Added Net: Name=NetK1_1
Added Pin To Net: NetName=NetK1_2 Pin=K1-2
Added Pin To Net: NetName=NetK1_2 Pin=K2-1
Added Net: Name=NetK1_2
Added Net: Name=NetK3_1
Added Net: Name=NetK3_2
Added Net: Name=NetK3_3
Added Member To Class: ClassName=TesteRJ45 Member=Component K1 KK2
Added Member To Class: ClassName=TesteRJ45 Member=Component K2 KK2
Added Member To Class: ClassName=TesteRJ45 Member=Component K3 KK3
Added Member To Class: ClassName=TesteRJ45 Member=Component K4 KK3
