Added Component: Designator=K3(3-vias)
Add component. Clean all parameters for all variants
Added Component: Designator=K4(3-vias)
Add component. Clean all parameters for all variants
Added Component: Designator=RJ1(RJ45_Simples)
Add component. Clean all parameters for all variants
Added Component: Designator=RJ2(RJ45_Simples)
Add component. Clean all parameters for all variants
Added Component: Designator=RJ3(RJ45_Simples)
Add component. Clean all parameters for all variants
Added Pin To Net: NetName=NetK3_7 Pin=K3-7
Added Pin To Net: NetName=NetK3_5 Pin=K4-7
Added Pin To Net: NetName=NetRJ1_1 Pin=RJ1-1
Added Pin To Net: NetName=NetRJ1_2 Pin=RJ1-2
Added Pin To Net: NetName=NetRJ1_3 Pin=RJ1-3
Added Pin To Net: NetName=NetRJ1_4 Pin=RJ1-4
Added Pin To Net: NetName=NetRJ1_5 Pin=RJ1-5
Added Pin To Net: NetName=NetRJ1_6 Pin=RJ1-6
Added Pin To Net: NetName=NetRJ1_7 Pin=RJ1-7
Added Pin To Net: NetName=NetRJ1_8 Pin=RJ1-8
Added Pin To Net: NetName=NetRJ1_1 Pin=RJ2-1
Added Pin To Net: NetName=NetRJ1_2 Pin=RJ2-2
Added Pin To Net: NetName=NetRJ1_3 Pin=RJ2-3
Added Pin To Net: NetName=NetRJ1_4 Pin=RJ2-4
Added Pin To Net: NetName=NetRJ1_5 Pin=RJ2-5
Added Pin To Net: NetName=NetRJ1_6 Pin=RJ2-6
Added Pin To Net: NetName=NetRJ1_7 Pin=RJ2-7
Added Pin To Net: NetName=NetRJ1_8 Pin=RJ2-8
Added Pin To Net: NetName=NetRJ1_8 Pin=RJ3-1
Added Pin To Net: NetName=NetRJ1_7 Pin=RJ3-2
Added Pin To Net: NetName=NetRJ1_6 Pin=RJ3-3
Added Pin To Net: NetName=NetRJ1_5 Pin=RJ3-4
Added Pin To Net: NetName=NetRJ1_4 Pin=RJ3-5
Added Pin To Net: NetName=NetRJ1_3 Pin=RJ3-6
Added Pin To Net: NetName=NetRJ1_2 Pin=RJ3-7
Added Pin To Net: NetName=NetRJ1_1 Pin=RJ3-8
Added Member To Class: ClassName=TesteKK Member=Component K3 KK3
Added Member To Class: ClassName=TesteKK Member=Component K4 KK3
Added Member To Class: ClassName=TesteRJ45 Member=Component RJ1 RJ45
Added Member To Class: ClassName=TesteRJ45 Member=Component RJ2 RJ45
Added Member To Class: ClassName=TesteRJ45 Member=Component RJ3 RJ45
