Added Component: Designator=K7(2-vias)
Add component. Clean all parameters for all variants
Added Component: Designator=K8(2-vias)
Add component. Clean all parameters for all variants
Added Net: Name=NetK1_1
Added Net: Name=NetK1_2
Added Net: Name=NetK3_1
Added Net: Name=NetK3_2
Added Net: Name=NetK3_3
Added Net: Name=NetK5_p1
Added Net: Name=NetK5_p2
Added Net: Name=NetK5_p3
Added Net: Name=NetK5_p4
Added Pin To Net: NetName=NetK7_1 Pin=K7-1
Added Pin To Net: NetName=NetK7_1 Pin=K8-2
Added Net: Name=NetK7_1
Added Pin To Net: NetName=NetK7_2 Pin=K7-2
Added Pin To Net: NetName=NetK7_2 Pin=K8-1
Added Net: Name=NetK7_2
Added Net: Name=NetRJ1_1
Added Net: Name=NetRJ1_2
Added Net: Name=NetRJ1_3
Added Net: Name=NetRJ1_4
Added Net: Name=NetRJ1_5
Added Net: Name=NetRJ1_6
Added Net: Name=NetRJ1_7
Added Net: Name=NetRJ1_8
Added Member To Class: ClassName=TesteKK Member=Component K7 KK2
Added Member To Class: ClassName=TesteKK Member=Component K8 KK3
Added Room: Name=TesteKK
Added Room: Name=TesteRJ45
