Removed Pin From Net: NetName=NetK1_2 Pin=K2-1
Removed Pin From Net: NetName=NetK1_1 Pin=K2-2
Removed Member From Class: ClassName=TesteRJ45 Member=K1
Removed Member From Class: ClassName=TesteRJ45 Member=K2
Removed Member From Class: ClassName=TesteRJ45 Member=K3
Removed Member From Class: ClassName=TesteRJ45 Member=K4
Removed Member From Class: ClassName=TesteKK Member=K12
Removed Member From Class: ClassName=TesteKK Member=K13
Change Component Footprint: Designator=K1 Old Footprint=2-vias New Footprint=4-vias
Change Component Footprint: Designator=K2 Old Footprint=2-vias New Footprint=4-vias
Change Component Comment : Designator=K1 Old Comment=KK2 New Comment=KK4
Change Component Comment : Designator=K2 Old Comment=KK2 New Comment=KK4
Change component parameters: Designator = "K1"; Footprint = "4-vias"; UniqueID = "\JWRINGYO"
Change component parameters. Clean all parameters for all variants
Change component parameters (AddParameter): Name = "ComponentLink1Description"; Value = "Fabricante"; VariantName = "[No Variations]"
Change component parameters (AddParameter): Name = "ComponentLink1URL"; Value = "https://www.molex.com/molex/products/family?key=kk_254_rpc_connector_system&channel=products&chanName=family&pageTitle=Introduction&parentKey=kk_interconnect_solutions"; VariantName = "[No Variations]"
Change component parameters: Designator = "K2"; Footprint = "4-vias"; UniqueID = "\JGDDYTRM"
Change component parameters. Clean all parameters for all variants
Change component parameters (AddParameter): Name = "ComponentLink1Description"; Value = "Fabricante"; VariantName = "[No Variations]"
Change component parameters (AddParameter): Name = "ComponentLink1URL"; Value = "https://www.molex.com/molex/products/family?key=kk_254_rpc_connector_system&channel=products&chanName=family&pageTitle=Introduction&parentKey=kk_interconnect_solutions"; VariantName = "[No Variations]"
Added Pin To Net: NetName=NetK1_2 Pin=K2-3
Added Pin To Net: NetName=NetK1_1 Pin=K2-4
Added Pin To Net: NetName=NetK1_3 Pin=K1-3
Added Pin To Net: NetName=NetK1_3 Pin=K2-2
Added Net: Name=NetK1_3
Added Pin To Net: NetName=NetK1_4 Pin=K1-4
Added Pin To Net: NetName=NetK1_4 Pin=K2-1
Added Net: Name=NetK1_4
Added Member To Class: ClassName=TesteKK Member=Component K1 KK4
Added Member To Class: ClassName=TesteKK Member=Component K2 KK4
