Added Component: Designator=Central_1(RJ45_90)
Add component. Clean all parameters for all variants
Added Component: Designator=Central_2(RJ45_90)
Add component. Clean all parameters for all variants
Added Component: Designator=Central_3(RJ45_90)
Add component. Clean all parameters for all variants
Added Component: Designator=Central_?(RJ45_90)
Add component. Clean all parameters for all variants
Added Component: Designator=Central_?(RJ45_90)
Add component. Clean all parameters for all variants
Added Component: Designator=Central_?(RJ45_90)
Add component. Clean all parameters for all variants
Added Component: Designator=Encoder_1(4-vias)
Add component. Clean all parameters for all variants
Add component (AddParameter): Name = "ComponentLink1Description"; Value = "Fabricante"; VariantName = "[No Variations]"
Add component (AddParameter): Name = "ComponentLink1URL"; Value = "https://www.molex.com/molex/products/family?key=kk_254_rpc_connector_system&channel=products&chanName=family&pageTitle=Introduction&parentKey=kk_interconnect_solutions"; VariantName = "[No Variations]"
Added Component: Designator=Encoder_2(4-vias)
Add component. Clean all parameters for all variants
Add component (AddParameter): Name = "ComponentLink1Description"; Value = "Fabricante"; VariantName = "[No Variations]"
Add component (AddParameter): Name = "ComponentLink1URL"; Value = "https://www.molex.com/molex/products/family?key=kk_254_rpc_connector_system&channel=products&chanName=family&pageTitle=Introduction&parentKey=kk_interconnect_solutions"; VariantName = "[No Variations]"
Added Component: Designator=Encoder_3(4-vias)
Add component. Clean all parameters for all variants
Add component (AddParameter): Name = "ComponentLink1Description"; Value = "Fabricante"; VariantName = "[No Variations]"
Add component (AddParameter): Name = "ComponentLink1URL"; Value = "https://www.molex.com/molex/products/family?key=kk_254_rpc_connector_system&channel=products&chanName=family&pageTitle=Introduction&parentKey=kk_interconnect_solutions"; VariantName = "[No Variations]"
Added Component: Designator=Encoder_?(4-vias)
Add component. Clean all parameters for all variants
Add component (AddParameter): Name = "ComponentLink1Description"; Value = "Fabricante"; VariantName = "[No Variations]"
Add component (AddParameter): Name = "ComponentLink1URL"; Value = "https://www.molex.com/molex/products/family?key=kk_254_rpc_connector_system&channel=products&chanName=family&pageTitle=Introduction&parentKey=kk_interconnect_solutions"; VariantName = "[No Variations]"
Added Component: Designator=Encoder_?(4-vias)
Add component. Clean all parameters for all variants
Add component (AddParameter): Name = "ComponentLink1Description"; Value = "Fabricante"; VariantName = "[No Variations]"
Add component (AddParameter): Name = "ComponentLink1URL"; Value = "https://www.molex.com/molex/products/family?key=kk_254_rpc_connector_system&channel=products&chanName=family&pageTitle=Introduction&parentKey=kk_interconnect_solutions"; VariantName = "[No Variations]"
Added Component: Designator=Encoder_?(4-vias)
Add component. Clean all parameters for all variants
Add component (AddParameter): Name = "ComponentLink1Description"; Value = "Fabricante"; VariantName = "[No Variations]"
Add component (AddParameter): Name = "ComponentLink1URL"; Value = "https://www.molex.com/molex/products/family?key=kk_254_rpc_connector_system&channel=products&chanName=family&pageTitle=Introduction&parentKey=kk_interconnect_solutions"; VariantName = "[No Variations]"
Added Component: Designator=K3(4-vias)
Add component. Clean all parameters for all variants
Add component (AddParameter): Name = "ComponentLink1Description"; Value = "Fabricante"; VariantName = "[No Variations]"
Add component (AddParameter): Name = "ComponentLink1URL"; Value = "https://www.molex.com/molex/products/family?key=kk_254_rpc_connector_system&channel=products&chanName=family&pageTitle=Introduction&parentKey=kk_interconnect_solutions"; VariantName = "[No Variations]"
Added Component: Designator=K?(4-vias)
Add component. Clean all parameters for all variants
Add component (AddParameter): Name = "ComponentLink1Description"; Value = "Fabricante"; VariantName = "[No Variations]"
Add component (AddParameter): Name = "ComponentLink1URL"; Value = "https://www.molex.com/molex/products/family?key=kk_254_rpc_connector_system&channel=products&chanName=family&pageTitle=Introduction&parentKey=kk_interconnect_solutions"; VariantName = "[No Variations]"
Added Component: Designator=LDR_1(RJ45_Simples)
Add component. Clean all parameters for all variants
Added Component: Designator=LDR_2(RJ45_Simples)
Add component. Clean all parameters for all variants
Added Component: Designator=LDR_3(RJ45_Simples)
Add component. Clean all parameters for all variants
Added Component: Designator=LDR_?(RJ45_Simples)
Add component. Clean all parameters for all variants
Added Component: Designator=LDR_?(RJ45_Simples)
Add component. Clean all parameters for all variants
Added Component: Designator=LDR_?(RJ45_Simples)
Add component. Clean all parameters for all variants
Added Component: Designator=R1(AXIAL-0.4)
Add component. Clean all parameters for all variants
Add component (AddParameter): Name = "LatestRevisionDate"; Value = "17-Jul-2002"; VariantName = "[No Variations]"
Add component (AddParameter): Name = "LatestRevisionNote"; Value = "Re-released for DXP Platform."; VariantName = "[No Variations]"
Add component (AddParameter): Name = "PackageDescription"; Value = "Axial Device, Thru-Hole; 2 Leads; 0.4 in Pin Spacing"; VariantName = "[No Variations]"
Add component (AddParameter): Name = "PackageReference"; Value = "AXIAL-0.4"; VariantName = "[No Variations]"
Add component (AddParameter): Name = "Published"; Value = "8-Jun-2000"; VariantName = "[No Variations]"
Add component (AddParameter): Name = "Publisher"; Value = "Altium Limited"; VariantName = "[No Variations]"
Add component (AddParameter): Name = "Value"; Value = "1K"; VariantName = "[No Variations]"
Added Component: Designator=R2(AXIAL-0.4)
Add component. Clean all parameters for all variants
Add component (AddParameter): Name = "LatestRevisionDate"; Value = "17-Jul-2002"; VariantName = "[No Variations]"
Add component (AddParameter): Name = "LatestRevisionNote"; Value = "Re-released for DXP Platform."; VariantName = "[No Variations]"
Add component (AddParameter): Name = "PackageDescription"; Value = "Axial Device, Thru-Hole; 2 Leads; 0.4 in Pin Spacing"; VariantName = "[No Variations]"
Add component (AddParameter): Name = "PackageReference"; Value = "AXIAL-0.4"; VariantName = "[No Variations]"
Add component (AddParameter): Name = "Published"; Value = "8-Jun-2000"; VariantName = "[No Variations]"
Add component (AddParameter): Name = "Publisher"; Value = "Altium Limited"; VariantName = "[No Variations]"
Add component (AddParameter): Name = "Value"; Value = "1K"; VariantName = "[No Variations]"
Added Component: Designator=R3(AXIAL-0.4)
Add component. Clean all parameters for all variants
Add component (AddParameter): Name = "LatestRevisionDate"; Value = "17-Jul-2002"; VariantName = "[No Variations]"
Add component (AddParameter): Name = "LatestRevisionNote"; Value = "Re-released for DXP Platform."; VariantName = "[No Variations]"
Add component (AddParameter): Name = "PackageDescription"; Value = "Axial Device, Thru-Hole; 2 Leads; 0.4 in Pin Spacing"; VariantName = "[No Variations]"
Add component (AddParameter): Name = "PackageReference"; Value = "AXIAL-0.4"; VariantName = "[No Variations]"
Add component (AddParameter): Name = "Published"; Value = "8-Jun-2000"; VariantName = "[No Variations]"
Add component (AddParameter): Name = "Publisher"; Value = "Altium Limited"; VariantName = "[No Variations]"
Add component (AddParameter): Name = "Value"; Value = "1K"; VariantName = "[No Variations]"
Added Component: Designator=R4(AXIAL-0.4)
Add component. Clean all parameters for all variants
Add component (AddParameter): Name = "LatestRevisionDate"; Value = "17-Jul-2002"; VariantName = "[No Variations]"
Add component (AddParameter): Name = "LatestRevisionNote"; Value = "Re-released for DXP Platform."; VariantName = "[No Variations]"
Add component (AddParameter): Name = "PackageDescription"; Value = "Axial Device, Thru-Hole; 2 Leads; 0.4 in Pin Spacing"; VariantName = "[No Variations]"
Add component (AddParameter): Name = "PackageReference"; Value = "AXIAL-0.4"; VariantName = "[No Variations]"
Add component (AddParameter): Name = "Published"; Value = "8-Jun-2000"; VariantName = "[No Variations]"
Add component (AddParameter): Name = "Publisher"; Value = "Altium Limited"; VariantName = "[No Variations]"
Add component (AddParameter): Name = "Value"; Value = "1K"; VariantName = "[No Variations]"
Added Component: Designator=R5(AXIAL-0.4)
Add component. Clean all parameters for all variants
Add component (AddParameter): Name = "LatestRevisionDate"; Value = "17-Jul-2002"; VariantName = "[No Variations]"
Add component (AddParameter): Name = "LatestRevisionNote"; Value = "Re-released for DXP Platform."; VariantName = "[No Variations]"
Add component (AddParameter): Name = "PackageDescription"; Value = "Axial Device, Thru-Hole; 2 Leads; 0.4 in Pin Spacing"; VariantName = "[No Variations]"
Add component (AddParameter): Name = "PackageReference"; Value = "AXIAL-0.4"; VariantName = "[No Variations]"
Add component (AddParameter): Name = "Published"; Value = "8-Jun-2000"; VariantName = "[No Variations]"
Add component (AddParameter): Name = "Publisher"; Value = "Altium Limited"; VariantName = "[No Variations]"
Add component (AddParameter): Name = "Value"; Value = "1K"; VariantName = "[No Variations]"
Added Component: Designator=R6(AXIAL-0.4)
Add component. Clean all parameters for all variants
Add component (AddParameter): Name = "LatestRevisionDate"; Value = "17-Jul-2002"; VariantName = "[No Variations]"
Add component (AddParameter): Name = "LatestRevisionNote"; Value = "Re-released for DXP Platform."; VariantName = "[No Variations]"
Add component (AddParameter): Name = "PackageDescription"; Value = "Axial Device, Thru-Hole; 2 Leads; 0.4 in Pin Spacing"; VariantName = "[No Variations]"
Add component (AddParameter): Name = "PackageReference"; Value = "AXIAL-0.4"; VariantName = "[No Variations]"
Add component (AddParameter): Name = "Published"; Value = "8-Jun-2000"; VariantName = "[No Variations]"
Add component (AddParameter): Name = "Publisher"; Value = "Altium Limited"; VariantName = "[No Variations]"
Add component (AddParameter): Name = "Value"; Value = "1K"; VariantName = "[No Variations]"
Added Component: Designator=R7(AXIAL-0.4)
Add component. Clean all parameters for all variants
Add component (AddParameter): Name = "LatestRevisionDate"; Value = "17-Jul-2002"; VariantName = "[No Variations]"
Add component (AddParameter): Name = "LatestRevisionNote"; Value = "Re-released for DXP Platform."; VariantName = "[No Variations]"
Add component (AddParameter): Name = "PackageDescription"; Value = "Axial Device, Thru-Hole; 2 Leads; 0.4 in Pin Spacing"; VariantName = "[No Variations]"
Add component (AddParameter): Name = "PackageReference"; Value = "AXIAL-0.4"; VariantName = "[No Variations]"
Add component (AddParameter): Name = "Published"; Value = "8-Jun-2000"; VariantName = "[No Variations]"
Add component (AddParameter): Name = "Publisher"; Value = "Altium Limited"; VariantName = "[No Variations]"
Add component (AddParameter): Name = "Value"; Value = "1K"; VariantName = "[No Variations]"
Added Component: Designator=R8(AXIAL-0.4)
Add component. Clean all parameters for all variants
Add component (AddParameter): Name = "LatestRevisionDate"; Value = "17-Jul-2002"; VariantName = "[No Variations]"
Add component (AddParameter): Name = "LatestRevisionNote"; Value = "Re-released for DXP Platform."; VariantName = "[No Variations]"
Add component (AddParameter): Name = "PackageDescription"; Value = "Axial Device, Thru-Hole; 2 Leads; 0.4 in Pin Spacing"; VariantName = "[No Variations]"
Add component (AddParameter): Name = "PackageReference"; Value = "AXIAL-0.4"; VariantName = "[No Variations]"
Add component (AddParameter): Name = "Published"; Value = "8-Jun-2000"; VariantName = "[No Variations]"
Add component (AddParameter): Name = "Publisher"; Value = "Altium Limited"; VariantName = "[No Variations]"
Add component (AddParameter): Name = "Value"; Value = "1K"; VariantName = "[No Variations]"
Added Component: Designator=R9(AXIAL-0.4)
Add component. Clean all parameters for all variants
Add component (AddParameter): Name = "LatestRevisionDate"; Value = "17-Jul-2002"; VariantName = "[No Variations]"
Add component (AddParameter): Name = "LatestRevisionNote"; Value = "Re-released for DXP Platform."; VariantName = "[No Variations]"
Add component (AddParameter): Name = "PackageDescription"; Value = "Axial Device, Thru-Hole; 2 Leads; 0.4 in Pin Spacing"; VariantName = "[No Variations]"
Add component (AddParameter): Name = "PackageReference"; Value = "AXIAL-0.4"; VariantName = "[No Variations]"
Add component (AddParameter): Name = "Published"; Value = "8-Jun-2000"; VariantName = "[No Variations]"
Add component (AddParameter): Name = "Publisher"; Value = "Altium Limited"; VariantName = "[No Variations]"
Add component (AddParameter): Name = "Value"; Value = "1K"; VariantName = "[No Variations]"
Added Component: Designator=R10(AXIAL-0.4)
Add component. Clean all parameters for all variants
Add component (AddParameter): Name = "LatestRevisionDate"; Value = "17-Jul-2002"; VariantName = "[No Variations]"
Add component (AddParameter): Name = "LatestRevisionNote"; Value = "Re-released for DXP Platform."; VariantName = "[No Variations]"
Add component (AddParameter): Name = "PackageDescription"; Value = "Axial Device, Thru-Hole; 2 Leads; 0.4 in Pin Spacing"; VariantName = "[No Variations]"
Add component (AddParameter): Name = "PackageReference"; Value = "AXIAL-0.4"; VariantName = "[No Variations]"
Add component (AddParameter): Name = "Published"; Value = "8-Jun-2000"; VariantName = "[No Variations]"
Add component (AddParameter): Name = "Publisher"; Value = "Altium Limited"; VariantName = "[No Variations]"
Add component (AddParameter): Name = "Value"; Value = "1K"; VariantName = "[No Variations]"
Added Component: Designator=R11(AXIAL-0.4)
Add component. Clean all parameters for all variants
Add component (AddParameter): Name = "LatestRevisionDate"; Value = "17-Jul-2002"; VariantName = "[No Variations]"
Add component (AddParameter): Name = "LatestRevisionNote"; Value = "Re-released for DXP Platform."; VariantName = "[No Variations]"
Add component (AddParameter): Name = "PackageDescription"; Value = "Axial Device, Thru-Hole; 2 Leads; 0.4 in Pin Spacing"; VariantName = "[No Variations]"
Add component (AddParameter): Name = "PackageReference"; Value = "AXIAL-0.4"; VariantName = "[No Variations]"
Add component (AddParameter): Name = "Published"; Value = "8-Jun-2000"; VariantName = "[No Variations]"
Add component (AddParameter): Name = "Publisher"; Value = "Altium Limited"; VariantName = "[No Variations]"
Add component (AddParameter): Name = "Value"; Value = "1K"; VariantName = "[No Variations]"
Added Component: Designator=R12(AXIAL-0.4)
Add component. Clean all parameters for all variants
Add component (AddParameter): Name = "LatestRevisionDate"; Value = "17-Jul-2002"; VariantName = "[No Variations]"
Add component (AddParameter): Name = "LatestRevisionNote"; Value = "Re-released for DXP Platform."; VariantName = "[No Variations]"
Add component (AddParameter): Name = "PackageDescription"; Value = "Axial Device, Thru-Hole; 2 Leads; 0.4 in Pin Spacing"; VariantName = "[No Variations]"
Add component (AddParameter): Name = "PackageReference"; Value = "AXIAL-0.4"; VariantName = "[No Variations]"
Add component (AddParameter): Name = "Published"; Value = "8-Jun-2000"; VariantName = "[No Variations]"
Add component (AddParameter): Name = "Publisher"; Value = "Altium Limited"; VariantName = "[No Variations]"
Add component (AddParameter): Name = "Value"; Value = "1K"; VariantName = "[No Variations]"
Added Component: Designator=R?(AXIAL-0.4)
Add component. Clean all parameters for all variants
Add component (AddParameter): Name = "LatestRevisionDate"; Value = "17-Jul-2002"; VariantName = "[No Variations]"
Add component (AddParameter): Name = "LatestRevisionNote"; Value = "Re-released for DXP Platform."; VariantName = "[No Variations]"
Add component (AddParameter): Name = "PackageDescription"; Value = "Axial Device, Thru-Hole; 2 Leads; 0.4 in Pin Spacing"; VariantName = "[No Variations]"
Add component (AddParameter): Name = "PackageReference"; Value = "AXIAL-0.4"; VariantName = "[No Variations]"
Add component (AddParameter): Name = "Published"; Value = "8-Jun-2000"; VariantName = "[No Variations]"
Add component (AddParameter): Name = "Publisher"; Value = "Altium Limited"; VariantName = "[No Variations]"
Add component (AddParameter): Name = "Value"; Value = "1K"; VariantName = "[No Variations]"
Added Component: Designator=R?(AXIAL-0.4)
Add component. Clean all parameters for all variants
Add component (AddParameter): Name = "LatestRevisionDate"; Value = "17-Jul-2002"; VariantName = "[No Variations]"
Add component (AddParameter): Name = "LatestRevisionNote"; Value = "Re-released for DXP Platform."; VariantName = "[No Variations]"
Add component (AddParameter): Name = "PackageDescription"; Value = "Axial Device, Thru-Hole; 2 Leads; 0.4 in Pin Spacing"; VariantName = "[No Variations]"
Add component (AddParameter): Name = "PackageReference"; Value = "AXIAL-0.4"; VariantName = "[No Variations]"
Add component (AddParameter): Name = "Published"; Value = "8-Jun-2000"; VariantName = "[No Variations]"
Add component (AddParameter): Name = "Publisher"; Value = "Altium Limited"; VariantName = "[No Variations]"
Add component (AddParameter): Name = "Value"; Value = "1K"; VariantName = "[No Variations]"
Added Component: Designator=R?(AXIAL-0.4)
Add component. Clean all parameters for all variants
Add component (AddParameter): Name = "LatestRevisionDate"; Value = "17-Jul-2002"; VariantName = "[No Variations]"
Add component (AddParameter): Name = "LatestRevisionNote"; Value = "Re-released for DXP Platform."; VariantName = "[No Variations]"
Add component (AddParameter): Name = "PackageDescription"; Value = "Axial Device, Thru-Hole; 2 Leads; 0.4 in Pin Spacing"; VariantName = "[No Variations]"
Add component (AddParameter): Name = "PackageReference"; Value = "AXIAL-0.4"; VariantName = "[No Variations]"
Add component (AddParameter): Name = "Published"; Value = "8-Jun-2000"; VariantName = "[No Variations]"
Add component (AddParameter): Name = "Publisher"; Value = "Altium Limited"; VariantName = "[No Variations]"
Add component (AddParameter): Name = "Value"; Value = "1K"; VariantName = "[No Variations]"
Added Component: Designator=R?(AXIAL-0.4)
Add component. Clean all parameters for all variants
Add component (AddParameter): Name = "LatestRevisionDate"; Value = "17-Jul-2002"; VariantName = "[No Variations]"
Add component (AddParameter): Name = "LatestRevisionNote"; Value = "Re-released for DXP Platform."; VariantName = "[No Variations]"
Add component (AddParameter): Name = "PackageDescription"; Value = "Axial Device, Thru-Hole; 2 Leads; 0.4 in Pin Spacing"; VariantName = "[No Variations]"
Add component (AddParameter): Name = "PackageReference"; Value = "AXIAL-0.4"; VariantName = "[No Variations]"
Add component (AddParameter): Name = "Published"; Value = "8-Jun-2000"; VariantName = "[No Variations]"
Add component (AddParameter): Name = "Publisher"; Value = "Altium Limited"; VariantName = "[No Variations]"
Add component (AddParameter): Name = "Value"; Value = "1K"; VariantName = "[No Variations]"
Added Component: Designator=R?(AXIAL-0.4)
Add component. Clean all parameters for all variants
Add component (AddParameter): Name = "LatestRevisionDate"; Value = "17-Jul-2002"; VariantName = "[No Variations]"
Add component (AddParameter): Name = "LatestRevisionNote"; Value = "Re-released for DXP Platform."; VariantName = "[No Variations]"
Add component (AddParameter): Name = "PackageDescription"; Value = "Axial Device, Thru-Hole; 2 Leads; 0.4 in Pin Spacing"; VariantName = "[No Variations]"
Add component (AddParameter): Name = "PackageReference"; Value = "AXIAL-0.4"; VariantName = "[No Variations]"
Add component (AddParameter): Name = "Published"; Value = "8-Jun-2000"; VariantName = "[No Variations]"
Add component (AddParameter): Name = "Publisher"; Value = "Altium Limited"; VariantName = "[No Variations]"
Add component (AddParameter): Name = "Value"; Value = "1K"; VariantName = "[No Variations]"
Added Component: Designator=R?(AXIAL-0.4)
Add component. Clean all parameters for all variants
Add component (AddParameter): Name = "LatestRevisionDate"; Value = "17-Jul-2002"; VariantName = "[No Variations]"
Add component (AddParameter): Name = "LatestRevisionNote"; Value = "Re-released for DXP Platform."; VariantName = "[No Variations]"
Add component (AddParameter): Name = "PackageDescription"; Value = "Axial Device, Thru-Hole; 2 Leads; 0.4 in Pin Spacing"; VariantName = "[No Variations]"
Add component (AddParameter): Name = "PackageReference"; Value = "AXIAL-0.4"; VariantName = "[No Variations]"
Add component (AddParameter): Name = "Published"; Value = "8-Jun-2000"; VariantName = "[No Variations]"
Add component (AddParameter): Name = "Publisher"; Value = "Altium Limited"; VariantName = "[No Variations]"
Add component (AddParameter): Name = "Value"; Value = "1K"; VariantName = "[No Variations]"
Added Component: Designator=R?(AXIAL-0.4)
Add component. Clean all parameters for all variants
Add component (AddParameter): Name = "LatestRevisionDate"; Value = "17-Jul-2002"; VariantName = "[No Variations]"
Add component (AddParameter): Name = "LatestRevisionNote"; Value = "Re-released for DXP Platform."; VariantName = "[No Variations]"
Add component (AddParameter): Name = "PackageDescription"; Value = "Axial Device, Thru-Hole; 2 Leads; 0.4 in Pin Spacing"; VariantName = "[No Variations]"
Add component (AddParameter): Name = "PackageReference"; Value = "AXIAL-0.4"; VariantName = "[No Variations]"
Add component (AddParameter): Name = "Published"; Value = "8-Jun-2000"; VariantName = "[No Variations]"
Add component (AddParameter): Name = "Publisher"; Value = "Altium Limited"; VariantName = "[No Variations]"
Add component (AddParameter): Name = "Value"; Value = "1K"; VariantName = "[No Variations]"
Added Component: Designator=R?(AXIAL-0.4)
Add component. Clean all parameters for all variants
Add component (AddParameter): Name = "LatestRevisionDate"; Value = "17-Jul-2002"; VariantName = "[No Variations]"
Add component (AddParameter): Name = "LatestRevisionNote"; Value = "Re-released for DXP Platform."; VariantName = "[No Variations]"
Add component (AddParameter): Name = "PackageDescription"; Value = "Axial Device, Thru-Hole; 2 Leads; 0.4 in Pin Spacing"; VariantName = "[No Variations]"
Add component (AddParameter): Name = "PackageReference"; Value = "AXIAL-0.4"; VariantName = "[No Variations]"
Add component (AddParameter): Name = "Published"; Value = "8-Jun-2000"; VariantName = "[No Variations]"
Add component (AddParameter): Name = "Publisher"; Value = "Altium Limited"; VariantName = "[No Variations]"
Add component (AddParameter): Name = "Value"; Value = "1K"; VariantName = "[No Variations]"
Added Component: Designator=R?(AXIAL-0.4)
Add component. Clean all parameters for all variants
Add component (AddParameter): Name = "LatestRevisionDate"; Value = "17-Jul-2002"; VariantName = "[No Variations]"
Add component (AddParameter): Name = "LatestRevisionNote"; Value = "Re-released for DXP Platform."; VariantName = "[No Variations]"
Add component (AddParameter): Name = "PackageDescription"; Value = "Axial Device, Thru-Hole; 2 Leads; 0.4 in Pin Spacing"; VariantName = "[No Variations]"
Add component (AddParameter): Name = "PackageReference"; Value = "AXIAL-0.4"; VariantName = "[No Variations]"
Add component (AddParameter): Name = "Published"; Value = "8-Jun-2000"; VariantName = "[No Variations]"
Add component (AddParameter): Name = "Publisher"; Value = "Altium Limited"; VariantName = "[No Variations]"
Add component (AddParameter): Name = "Value"; Value = "1K"; VariantName = "[No Variations]"
Added Component: Designator=R?(AXIAL-0.4)
Add component. Clean all parameters for all variants
Add component (AddParameter): Name = "LatestRevisionDate"; Value = "17-Jul-2002"; VariantName = "[No Variations]"
Add component (AddParameter): Name = "LatestRevisionNote"; Value = "Re-released for DXP Platform."; VariantName = "[No Variations]"
Add component (AddParameter): Name = "PackageDescription"; Value = "Axial Device, Thru-Hole; 2 Leads; 0.4 in Pin Spacing"; VariantName = "[No Variations]"
Add component (AddParameter): Name = "PackageReference"; Value = "AXIAL-0.4"; VariantName = "[No Variations]"
Add component (AddParameter): Name = "Published"; Value = "8-Jun-2000"; VariantName = "[No Variations]"
Add component (AddParameter): Name = "Publisher"; Value = "Altium Limited"; VariantName = "[No Variations]"
Add component (AddParameter): Name = "Value"; Value = "1K"; VariantName = "[No Variations]"
Added Component: Designator=R?(AXIAL-0.4)
Add component. Clean all parameters for all variants
Add component (AddParameter): Name = "LatestRevisionDate"; Value = "17-Jul-2002"; VariantName = "[No Variations]"
Add component (AddParameter): Name = "LatestRevisionNote"; Value = "Re-released for DXP Platform."; VariantName = "[No Variations]"
Add component (AddParameter): Name = "PackageDescription"; Value = "Axial Device, Thru-Hole; 2 Leads; 0.4 in Pin Spacing"; VariantName = "[No Variations]"
Add component (AddParameter): Name = "PackageReference"; Value = "AXIAL-0.4"; VariantName = "[No Variations]"
Add component (AddParameter): Name = "Published"; Value = "8-Jun-2000"; VariantName = "[No Variations]"
Add component (AddParameter): Name = "Publisher"; Value = "Altium Limited"; VariantName = "[No Variations]"
Add component (AddParameter): Name = "Value"; Value = "1K"; VariantName = "[No Variations]"
Added Component: Designator=R?(AXIAL-0.4)
Add component. Clean all parameters for all variants
Add component (AddParameter): Name = "LatestRevisionDate"; Value = "17-Jul-2002"; VariantName = "[No Variations]"
Add component (AddParameter): Name = "LatestRevisionNote"; Value = "Re-released for DXP Platform."; VariantName = "[No Variations]"
Add component (AddParameter): Name = "PackageDescription"; Value = "Axial Device, Thru-Hole; 2 Leads; 0.4 in Pin Spacing"; VariantName = "[No Variations]"
Add component (AddParameter): Name = "PackageReference"; Value = "AXIAL-0.4"; VariantName = "[No Variations]"
Add component (AddParameter): Name = "Published"; Value = "8-Jun-2000"; VariantName = "[No Variations]"
Add component (AddParameter): Name = "Publisher"; Value = "Altium Limited"; VariantName = "[No Variations]"
Add component (AddParameter): Name = "Value"; Value = "1K"; VariantName = "[No Variations]"
Added Component: Designator=RJ1(RJ45_90)
Add component. Clean all parameters for all variants
Added Component: Designator=RJ?(RJ45_90)
Add component. Clean all parameters for all variants
Added Component: Designator=TCS230_1(RJ45_90)
Add component. Clean all parameters for all variants
Added Component: Designator=TCS230_2(RJ45_90)
Add component. Clean all parameters for all variants
Added Component: Designator=TCS230_3(RJ45_Simples)
Add component. Clean all parameters for all variants
Added Component: Designator=TCS?(RJ45_90)
Add component. Clean all parameters for all variants
Added Component: Designator=TCS?(RJ45_90)
Add component. Clean all parameters for all variants
Added Component: Designator=TCS?(RJ45_Simples)
Add component. Clean all parameters for all variants
Added Pin To Net: NetName=3.3V Pin=Central_3-3
Added Pin To Net: NetName=3.3V Pin=Central_?-3
Added Pin To Net: NetName=3.3V Pin=Encoder_1-1
Added Pin To Net: NetName=3.3V Pin=Encoder_2-1
Added Pin To Net: NetName=3.3V Pin=Encoder_3-1
Added Pin To Net: NetName=3.3V Pin=Encoder_?-1
Added Pin To Net: NetName=3.3V Pin=Encoder_?-1
Added Pin To Net: NetName=3.3V Pin=Encoder_?-1
Added Pin To Net: NetName=3.3V Pin=K3-1
Added Pin To Net: NetName=3.3V Pin=K?-1
Added Net: Name=3.3V
Added Pin To Net: NetName=5VCC Pin=Central_3-4
Added Pin To Net: NetName=5VCC Pin=Central_?-4
Added Pin To Net: NetName=5VCC Pin=R1-2
Added Pin To Net: NetName=5VCC Pin=R2-2
Added Pin To Net: NetName=5VCC Pin=R3-2
Added Pin To Net: NetName=5VCC Pin=R4-2
Added Pin To Net: NetName=5VCC Pin=R5-2
Added Pin To Net: NetName=5VCC Pin=R6-2
Added Pin To Net: NetName=5VCC Pin=R7-2
Added Pin To Net: NetName=5VCC Pin=R8-2
Added Pin To Net: NetName=5VCC Pin=R9-2
Added Pin To Net: NetName=5VCC Pin=R10-2
Added Pin To Net: NetName=5VCC Pin=R11-2
Added Pin To Net: NetName=5VCC Pin=R12-2
Added Pin To Net: NetName=5VCC Pin=R?-2
Added Pin To Net: NetName=5VCC Pin=R?-2
Added Pin To Net: NetName=5VCC Pin=R?-2
Added Pin To Net: NetName=5VCC Pin=R?-2
Added Pin To Net: NetName=5VCC Pin=R?-2
Added Pin To Net: NetName=5VCC Pin=R?-2
Added Pin To Net: NetName=5VCC Pin=R?-2
Added Pin To Net: NetName=5VCC Pin=R?-2
Added Pin To Net: NetName=5VCC Pin=R?-2
Added Pin To Net: NetName=5VCC Pin=R?-2
Added Pin To Net: NetName=5VCC Pin=R?-2
Added Pin To Net: NetName=5VCC Pin=R?-2
Added Pin To Net: NetName=5VCC Pin=TCS230_1-1
Added Pin To Net: NetName=5VCC Pin=TCS230_2-1
Added Pin To Net: NetName=5VCC Pin=TCS230_3-1
Added Pin To Net: NetName=5VCC Pin=TCS?-1
Added Pin To Net: NetName=5VCC Pin=TCS?-1
Added Pin To Net: NetName=5VCC Pin=TCS?-1
Added Net: Name=5VCC
Added Pin To Net: NetName=GND Pin=Central_3-1
Added Pin To Net: NetName=GND Pin=Central_?-1
Added Pin To Net: NetName=GND Pin=Encoder_1-4
Added Pin To Net: NetName=GND Pin=Encoder_2-4
Added Pin To Net: NetName=GND Pin=Encoder_3-4
Added Pin To Net: NetName=GND Pin=Encoder_?-4
Added Pin To Net: NetName=GND Pin=Encoder_?-4
Added Pin To Net: NetName=GND Pin=Encoder_?-4
Added Pin To Net: NetName=GND Pin=K3-4
Added Pin To Net: NetName=GND Pin=K?-4
Added Pin To Net: NetName=GND Pin=LDR_1-2
Added Pin To Net: NetName=GND Pin=LDR_1-4
Added Pin To Net: NetName=GND Pin=LDR_1-6
Added Pin To Net: NetName=GND Pin=LDR_1-8
Added Pin To Net: NetName=GND Pin=LDR_2-2
Added Pin To Net: NetName=GND Pin=LDR_2-4
Added Pin To Net: NetName=GND Pin=LDR_2-6
Added Pin To Net: NetName=GND Pin=LDR_2-8
Added Pin To Net: NetName=GND Pin=LDR_3-2
Added Pin To Net: NetName=GND Pin=LDR_3-4
Added Pin To Net: NetName=GND Pin=LDR_3-6
Added Pin To Net: NetName=GND Pin=LDR_3-8
Added Pin To Net: NetName=GND Pin=LDR_?-2
Added Pin To Net: NetName=GND Pin=LDR_?-2
Added Pin To Net: NetName=GND Pin=LDR_?-2
Added Pin To Net: NetName=GND Pin=LDR_?-4
Added Pin To Net: NetName=GND Pin=LDR_?-4
Added Pin To Net: NetName=GND Pin=LDR_?-4
Added Pin To Net: NetName=GND Pin=LDR_?-6
Added Pin To Net: NetName=GND Pin=LDR_?-6
Added Pin To Net: NetName=GND Pin=LDR_?-6
Added Pin To Net: NetName=GND Pin=LDR_?-8
Added Pin To Net: NetName=GND Pin=LDR_?-8
Added Pin To Net: NetName=GND Pin=LDR_?-8
Added Pin To Net: NetName=GND Pin=TCS230_1-8
Added Pin To Net: NetName=GND Pin=TCS230_2-8
Added Pin To Net: NetName=GND Pin=TCS230_3-8
Added Pin To Net: NetName=GND Pin=TCS?-8
Added Pin To Net: NetName=GND Pin=TCS?-8
Added Pin To Net: NetName=GND Pin=TCS?-8
Added Net: Name=GND
Added Pin To Net: NetName=NetCentral_1_1 Pin=Central_1-1
Added Pin To Net: NetName=NetCentral_1_1 Pin=TCS230_1-5
Added Pin To Net: NetName=NetCentral_1_1 Pin=TCS230_2-5
Added Pin To Net: NetName=NetCentral_1_1 Pin=TCS230_3-5
Added Net: Name=NetCentral_1_1
Added Pin To Net: NetName=NetCentral_1_2 Pin=Central_1-2
Added Pin To Net: NetName=NetCentral_1_2 Pin=TCS230_3-7
Added Net: Name=NetCentral_1_2
Added Pin To Net: NetName=NetCentral_1_3 Pin=Central_1-3
Added Pin To Net: NetName=NetCentral_1_3 Pin=TCS230_2-7
Added Net: Name=NetCentral_1_3
Added Pin To Net: NetName=NetCentral_1_4 Pin=Central_1-4
Added Pin To Net: NetName=NetCentral_1_4 Pin=TCS230_1-7
Added Net: Name=NetCentral_1_4
Added Pin To Net: NetName=NetCentral_1_5 Pin=Central_1-5
Added Pin To Net: NetName=NetCentral_1_5 Pin=TCS230_1-3
Added Pin To Net: NetName=NetCentral_1_5 Pin=TCS230_2-3
Added Pin To Net: NetName=NetCentral_1_5 Pin=TCS230_3-3
Added Net: Name=NetCentral_1_5
Added Pin To Net: NetName=NetCentral_1_6 Pin=Central_1-6
Added Pin To Net: NetName=NetCentral_1_6 Pin=TCS230_1-2
Added Pin To Net: NetName=NetCentral_1_6 Pin=TCS230_2-2
Added Pin To Net: NetName=NetCentral_1_6 Pin=TCS230_3-2
Added Net: Name=NetCentral_1_6
Added Pin To Net: NetName=NetCentral_1_7 Pin=Central_1-7
Added Pin To Net: NetName=NetCentral_1_7 Pin=TCS230_1-4
Added Pin To Net: NetName=NetCentral_1_7 Pin=TCS230_2-4
Added Pin To Net: NetName=NetCentral_1_7 Pin=TCS230_3-4
Added Net: Name=NetCentral_1_7
Added Pin To Net: NetName=NetCentral_1_8 Pin=Central_1-8
Added Pin To Net: NetName=NetCentral_1_8 Pin=TCS230_1-6
Added Pin To Net: NetName=NetCentral_1_8 Pin=TCS230_2-6
Added Pin To Net: NetName=NetCentral_1_8 Pin=TCS230_3-6
Added Net: Name=NetCentral_1_8
Added Pin To Net: NetName=NetCentral_2_1 Pin=Central_2-1
Added Pin To Net: NetName=NetCentral_2_1 Pin=LDR_1-5
Added Pin To Net: NetName=NetCentral_2_1 Pin=R2-1
Added Net: Name=NetCentral_2_1
Added Pin To Net: NetName=NetCentral_2_2 Pin=Central_2-2
Added Pin To Net: NetName=NetCentral_2_2 Pin=LDR_1-7
Added Pin To Net: NetName=NetCentral_2_2 Pin=R1-1
Added Net: Name=NetCentral_2_2
Added Pin To Net: NetName=NetCentral_2_3 Pin=Central_2-3
Added Pin To Net: NetName=NetCentral_2_3 Pin=LDR_1-1
Added Pin To Net: NetName=NetCentral_2_3 Pin=R4-1
Added Net: Name=NetCentral_2_3
Added Pin To Net: NetName=NetCentral_2_4 Pin=Central_2-4
Added Pin To Net: NetName=NetCentral_2_4 Pin=LDR_1-3
Added Pin To Net: NetName=NetCentral_2_4 Pin=R3-1
Added Net: Name=NetCentral_2_4
Added Pin To Net: NetName=NetCentral_2_5 Pin=Central_2-5
Added Pin To Net: NetName=NetCentral_2_5 Pin=LDR_2-7
Added Pin To Net: NetName=NetCentral_2_5 Pin=R5-1
Added Net: Name=NetCentral_2_5
Added Pin To Net: NetName=NetCentral_2_6 Pin=Central_2-6
Added Pin To Net: NetName=NetCentral_2_6 Pin=LDR_2-5
Added Pin To Net: NetName=NetCentral_2_6 Pin=R6-1
Added Net: Name=NetCentral_2_6
Added Pin To Net: NetName=NetCentral_2_7 Pin=Central_2-7
Added Pin To Net: NetName=NetCentral_2_7 Pin=LDR_2-3
Added Pin To Net: NetName=NetCentral_2_7 Pin=R7-1
Added Net: Name=NetCentral_2_7
Added Pin To Net: NetName=NetCentral_2_8 Pin=Central_2-8
Added Pin To Net: NetName=NetCentral_2_8 Pin=LDR_2-1
Added Pin To Net: NetName=NetCentral_2_8 Pin=R8-1
Added Net: Name=NetCentral_2_8
Added Pin To Net: NetName=NetCentral_3_5 Pin=Central_3-5
Added Pin To Net: NetName=NetCentral_3_5 Pin=LDR_3-7
Added Pin To Net: NetName=NetCentral_3_5 Pin=R9-1
Added Net: Name=NetCentral_3_5
Added Pin To Net: NetName=NetCentral_3_6 Pin=Central_3-6
Added Pin To Net: NetName=NetCentral_3_6 Pin=LDR_3-5
Added Pin To Net: NetName=NetCentral_3_6 Pin=R10-1
Added Net: Name=NetCentral_3_6
Added Pin To Net: NetName=NetCentral_3_7 Pin=Central_3-7
Added Pin To Net: NetName=NetCentral_3_7 Pin=LDR_3-3
Added Pin To Net: NetName=NetCentral_3_7 Pin=R11-1
Added Net: Name=NetCentral_3_7
Added Pin To Net: NetName=NetCentral_3_8 Pin=Central_3-8
Added Pin To Net: NetName=NetCentral_3_8 Pin=LDR_3-1
Added Pin To Net: NetName=NetCentral_3_8 Pin=R12-1
Added Net: Name=NetCentral_3_8
Added Pin To Net: NetName=NetCentral_?_1 Pin=Central_?-1
Added Pin To Net: NetName=NetCentral_?_1 Pin=LDR_?-5
Added Pin To Net: NetName=NetCentral_?_1 Pin=R?-1
Added Net: Name=NetCentral_?_1
Added Pin To Net: NetName=NetCentral_?_2 Pin=Central_?-2
Added Pin To Net: NetName=NetCentral_?_2 Pin=LDR_?-7
Added Pin To Net: NetName=NetCentral_?_2 Pin=R?-1
Added Net: Name=NetCentral_?_2
Added Pin To Net: NetName=NetCentral_?_3 Pin=Central_?-3
Added Pin To Net: NetName=NetCentral_?_3 Pin=LDR_?-1
Added Pin To Net: NetName=NetCentral_?_3 Pin=R?-1
Added Net: Name=NetCentral_?_3
Added Pin To Net: NetName=NetCentral_?_4 Pin=Central_?-4
Added Pin To Net: NetName=NetCentral_?_4 Pin=TCS?-7
Added Net: Name=NetCentral_?_4
Added Pin To Net: NetName=NetCentral_?_5 Pin=Central_?-5
Added Pin To Net: NetName=NetCentral_?_5 Pin=LDR_?-7
Added Pin To Net: NetName=NetCentral_?_5 Pin=R?-1
Added Net: Name=NetCentral_?_5
Added Pin To Net: NetName=NetCentral_?_6 Pin=Central_?-6
Added Pin To Net: NetName=NetCentral_?_6 Pin=LDR_?-5
Added Pin To Net: NetName=NetCentral_?_6 Pin=R?-1
Added Net: Name=NetCentral_?_6
Added Pin To Net: NetName=NetCentral_?_7 Pin=Central_?-7
Added Pin To Net: NetName=NetCentral_?_7 Pin=LDR_?-3
Added Pin To Net: NetName=NetCentral_?_7 Pin=R?-1
Added Net: Name=NetCentral_?_7
Added Pin To Net: NetName=NetCentral_?_8 Pin=Central_?-8
Added Pin To Net: NetName=NetCentral_?_8 Pin=TCS?-6
Added Pin To Net: NetName=NetCentral_?_8 Pin=TCS?-6
Added Pin To Net: NetName=NetCentral_?_8 Pin=TCS?-6
Added Net: Name=NetCentral_?_8
Added Pin To Net: NetName=NetEncoder_1_2 Pin=Encoder_1-2
Added Pin To Net: NetName=NetEncoder_1_2 Pin=RJ1-2
Added Net: Name=NetEncoder_1_2
Added Pin To Net: NetName=NetEncoder_1_3 Pin=Encoder_1-3
Added Pin To Net: NetName=NetEncoder_1_3 Pin=RJ1-1
Added Net: Name=NetEncoder_1_3
Added Pin To Net: NetName=NetEncoder_2_2 Pin=Encoder_2-2
Added Pin To Net: NetName=NetEncoder_2_2 Pin=RJ1-4
Added Net: Name=NetEncoder_2_2
Added Pin To Net: NetName=NetEncoder_2_3 Pin=Encoder_2-3
Added Pin To Net: NetName=NetEncoder_2_3 Pin=RJ1-3
Added Net: Name=NetEncoder_2_3
Added Pin To Net: NetName=NetEncoder_3_2 Pin=Encoder_3-2
Added Pin To Net: NetName=NetEncoder_3_2 Pin=RJ1-6
Added Net: Name=NetEncoder_3_2
Added Pin To Net: NetName=NetEncoder_3_3 Pin=Encoder_3-3
Added Pin To Net: NetName=NetEncoder_3_3 Pin=RJ1-5
Added Net: Name=NetEncoder_3_3
Added Pin To Net: NetName=NetEncoder_?_2 Pin=Encoder_?-2
Added Pin To Net: NetName=NetEncoder_?_2 Pin=RJ?-6
Added Net: Name=NetEncoder_?_2
Added Pin To Net: NetName=NetEncoder_?_3 Pin=Encoder_?-3
Added Pin To Net: NetName=NetEncoder_?_3 Pin=RJ?-5
Added Net: Name=NetEncoder_?_3
Added Pin To Net: NetName=NetK3_2 Pin=K3-2
Added Pin To Net: NetName=NetK3_2 Pin=RJ1-8
Added Net: Name=NetK3_2
Added Pin To Net: NetName=NetK3_3 Pin=K3-3
Added Pin To Net: NetName=NetK3_3 Pin=RJ1-7
Added Net: Name=NetK3_3
Added Pin To Net: NetName=NetK?_2 Pin=K?-2
Added Pin To Net: NetName=NetK?_2 Pin=RJ?-8
Added Net: Name=NetK?_2
Added Pin To Net: NetName=NetK?_3 Pin=K?-3
Added Pin To Net: NetName=NetK?_3 Pin=RJ?-7
Added Net: Name=NetK?_3
Added Class: Name=MapaSensorChassi002
Added Class: Name=schMapaSensorChassi
Added Room: Name=MapaSensorChassi002
Added Room: Name=schMapaSensorChassi
