Added Component: Designator=C1(RAD-0.3)
Add component. Clean all parameters for all variants
Add component (AddParameter): Name = "LatestRevisionDate"; Value = "17-Jul-2002"; VariantName = "[No Variations]"
Add component (AddParameter): Name = "LatestRevisionNote"; Value = "Re-released for DXP Platform."; VariantName = "[No Variations]"
Add component (AddParameter): Name = "PackageDescription"; Value = "Radial Cap, Thru-Hole; 2 Leads; 0.3 in Pin Spacing"; VariantName = "[No Variations]"
Add component (AddParameter): Name = "PackageReference"; Value = "RAD-0.3"; VariantName = "[No Variations]"
Add component (AddParameter): Name = "Published"; Value = "8-Jun-2000"; VariantName = "[No Variations]"
Add component (AddParameter): Name = "Publisher"; Value = "Altium Limited"; VariantName = "[No Variations]"
Add component (AddParameter): Name = "Value"; Value = "100pF"; VariantName = "[No Variations]"
Added Component: Designator=C2(RAD-0.3)
Add component. Clean all parameters for all variants
Add component (AddParameter): Name = "LatestRevisionDate"; Value = "17-Jul-2002"; VariantName = "[No Variations]"
Add component (AddParameter): Name = "LatestRevisionNote"; Value = "Re-released for DXP Platform."; VariantName = "[No Variations]"
Add component (AddParameter): Name = "PackageDescription"; Value = "Radial Cap, Thru-Hole; 2 Leads; 0.3 in Pin Spacing"; VariantName = "[No Variations]"
Add component (AddParameter): Name = "PackageReference"; Value = "RAD-0.3"; VariantName = "[No Variations]"
Add component (AddParameter): Name = "Published"; Value = "8-Jun-2000"; VariantName = "[No Variations]"
Add component (AddParameter): Name = "Publisher"; Value = "Altium Limited"; VariantName = "[No Variations]"
Add component (AddParameter): Name = "Value"; Value = "100pF"; VariantName = "[No Variations]"
Added Component: Designator=C3(RAD-0.3)
Add component. Clean all parameters for all variants
Add component (AddParameter): Name = "LatestRevisionDate"; Value = "17-Jul-2002"; VariantName = "[No Variations]"
Add component (AddParameter): Name = "LatestRevisionNote"; Value = "Re-released for DXP Platform."; VariantName = "[No Variations]"
Add component (AddParameter): Name = "PackageDescription"; Value = "Radial Cap, Thru-Hole; 2 Leads; 0.3 in Pin Spacing"; VariantName = "[No Variations]"
Add component (AddParameter): Name = "PackageReference"; Value = "RAD-0.3"; VariantName = "[No Variations]"
Add component (AddParameter): Name = "Published"; Value = "8-Jun-2000"; VariantName = "[No Variations]"
Add component (AddParameter): Name = "Publisher"; Value = "Altium Limited"; VariantName = "[No Variations]"
Add component (AddParameter): Name = "Value"; Value = "100pF"; VariantName = "[No Variations]"
Added Component: Designator=C4(RAD-0.3)
Add component. Clean all parameters for all variants
Add component (AddParameter): Name = "LatestRevisionDate"; Value = "17-Jul-2002"; VariantName = "[No Variations]"
Add component (AddParameter): Name = "LatestRevisionNote"; Value = "Re-released for DXP Platform."; VariantName = "[No Variations]"
Add component (AddParameter): Name = "PackageDescription"; Value = "Radial Cap, Thru-Hole; 2 Leads; 0.3 in Pin Spacing"; VariantName = "[No Variations]"
Add component (AddParameter): Name = "PackageReference"; Value = "RAD-0.3"; VariantName = "[No Variations]"
Add component (AddParameter): Name = "Published"; Value = "8-Jun-2000"; VariantName = "[No Variations]"
Add component (AddParameter): Name = "Publisher"; Value = "Altium Limited"; VariantName = "[No Variations]"
Add component (AddParameter): Name = "Value"; Value = "100pF"; VariantName = "[No Variations]"
Added Component: Designator=C5(RAD-0.3)
Add component. Clean all parameters for all variants
Add component (AddParameter): Name = "LatestRevisionDate"; Value = "17-Jul-2002"; VariantName = "[No Variations]"
Add component (AddParameter): Name = "LatestRevisionNote"; Value = "Re-released for DXP Platform."; VariantName = "[No Variations]"
Add component (AddParameter): Name = "PackageDescription"; Value = "Radial Cap, Thru-Hole; 2 Leads; 0.3 in Pin Spacing"; VariantName = "[No Variations]"
Add component (AddParameter): Name = "PackageReference"; Value = "RAD-0.3"; VariantName = "[No Variations]"
Add component (AddParameter): Name = "Published"; Value = "8-Jun-2000"; VariantName = "[No Variations]"
Add component (AddParameter): Name = "Publisher"; Value = "Altium Limited"; VariantName = "[No Variations]"
Add component (AddParameter): Name = "Value"; Value = "100pF"; VariantName = "[No Variations]"
Added Component: Designator=C6(RAD-0.3)
Add component. Clean all parameters for all variants
Add component (AddParameter): Name = "LatestRevisionDate"; Value = "17-Jul-2002"; VariantName = "[No Variations]"
Add component (AddParameter): Name = "LatestRevisionNote"; Value = "Re-released for DXP Platform."; VariantName = "[No Variations]"
Add component (AddParameter): Name = "PackageDescription"; Value = "Radial Cap, Thru-Hole; 2 Leads; 0.3 in Pin Spacing"; VariantName = "[No Variations]"
Add component (AddParameter): Name = "PackageReference"; Value = "RAD-0.3"; VariantName = "[No Variations]"
Add component (AddParameter): Name = "Published"; Value = "8-Jun-2000"; VariantName = "[No Variations]"
Add component (AddParameter): Name = "Publisher"; Value = "Altium Limited"; VariantName = "[No Variations]"
Add component (AddParameter): Name = "Value"; Value = "100pF"; VariantName = "[No Variations]"
Added Component: Designator=Central_Principal1(RJ45_Simples)
Add component. Clean all parameters for all variants
Added Component: Designator=Central(RJ45_Simples)
Add component. Clean all parameters for all variants
Added Component: Designator=ChaveEN(2-vias)
Add component. Clean all parameters for all variants
Added Component: Designator=D1(2-vias)
Add component. Clean all parameters for all variants
Add component (AddParameter): Name = "LatestRevisionDate"; Value = "17-Jul-2002"; VariantName = "[No Variations]"
Add component (AddParameter): Name = "LatestRevisionNote"; Value = "Re-released for DXP Platform."; VariantName = "[No Variations]"
Add component (AddParameter): Name = "PackageDescription"; Value = "SM LED; 2 Flat Leads"; VariantName = "[No Variations]"
Add component (AddParameter): Name = "PackageReference"; Value = "3.2X1.6X1.1"; VariantName = "[No Variations]"
Add component (AddParameter): Name = "PackageVersion"; Value = "Feb-2002"; VariantName = "[No Variations]"
Add component (AddParameter): Name = "Published"; Value = "8-Jun-2000"; VariantName = "[No Variations]"
Add component (AddParameter): Name = "Publisher"; Value = "Altium Limited"; VariantName = "[No Variations]"
Added Component: Designator=D2(2-vias)
Add component. Clean all parameters for all variants
Add component (AddParameter): Name = "LatestRevisionDate"; Value = "17-Jul-2002"; VariantName = "[No Variations]"
Add component (AddParameter): Name = "LatestRevisionNote"; Value = "Re-released for DXP Platform."; VariantName = "[No Variations]"
Add component (AddParameter): Name = "PackageDescription"; Value = "SM LED; 2 Flat Leads"; VariantName = "[No Variations]"
Add component (AddParameter): Name = "PackageReference"; Value = "3.2X1.6X1.1"; VariantName = "[No Variations]"
Add component (AddParameter): Name = "PackageVersion"; Value = "Feb-2002"; VariantName = "[No Variations]"
Add component (AddParameter): Name = "Published"; Value = "8-Jun-2000"; VariantName = "[No Variations]"
Add component (AddParameter): Name = "Publisher"; Value = "Altium Limited"; VariantName = "[No Variations]"
Added Component: Designator=D3(2-vias)
Add component. Clean all parameters for all variants
Add component (AddParameter): Name = "LatestRevisionDate"; Value = "17-Jul-2002"; VariantName = "[No Variations]"
Add component (AddParameter): Name = "LatestRevisionNote"; Value = "Re-released for DXP Platform."; VariantName = "[No Variations]"
Add component (AddParameter): Name = "PackageDescription"; Value = "SM LED; 2 Flat Leads"; VariantName = "[No Variations]"
Add component (AddParameter): Name = "PackageReference"; Value = "3.2X1.6X1.1"; VariantName = "[No Variations]"
Add component (AddParameter): Name = "PackageVersion"; Value = "Feb-2002"; VariantName = "[No Variations]"
Add component (AddParameter): Name = "Published"; Value = "8-Jun-2000"; VariantName = "[No Variations]"
Add component (AddParameter): Name = "Publisher"; Value = "Altium Limited"; VariantName = "[No Variations]"
Added Component: Designator=D4(2-vias)
Add component. Clean all parameters for all variants
Add component (AddParameter): Name = "LatestRevisionDate"; Value = "17-Jul-2002"; VariantName = "[No Variations]"
Add component (AddParameter): Name = "LatestRevisionNote"; Value = "Re-released for DXP Platform."; VariantName = "[No Variations]"
Add component (AddParameter): Name = "PackageDescription"; Value = "SM LED; 2 Flat Leads"; VariantName = "[No Variations]"
Add component (AddParameter): Name = "PackageReference"; Value = "3.2X1.6X1.1"; VariantName = "[No Variations]"
Add component (AddParameter): Name = "PackageVersion"; Value = "Feb-2002"; VariantName = "[No Variations]"
Add component (AddParameter): Name = "Published"; Value = "8-Jun-2000"; VariantName = "[No Variations]"
Add component (AddParameter): Name = "Publisher"; Value = "Altium Limited"; VariantName = "[No Variations]"
Added Component: Designator=D5(2-vias)
Add component. Clean all parameters for all variants
Add component (AddParameter): Name = "LatestRevisionDate"; Value = "17-Jul-2002"; VariantName = "[No Variations]"
Add component (AddParameter): Name = "LatestRevisionNote"; Value = "Re-released for DXP Platform."; VariantName = "[No Variations]"
Add component (AddParameter): Name = "PackageDescription"; Value = "SM LED; 2 Flat Leads"; VariantName = "[No Variations]"
Add component (AddParameter): Name = "PackageReference"; Value = "3.2X1.6X1.1"; VariantName = "[No Variations]"
Add component (AddParameter): Name = "PackageVersion"; Value = "Feb-2002"; VariantName = "[No Variations]"
Add component (AddParameter): Name = "Published"; Value = "8-Jun-2000"; VariantName = "[No Variations]"
Add component (AddParameter): Name = "Publisher"; Value = "Altium Limited"; VariantName = "[No Variations]"
Added Component: Designator=D6(2-vias)
Add component. Clean all parameters for all variants
Add component (AddParameter): Name = "LatestRevisionDate"; Value = "17-Jul-2002"; VariantName = "[No Variations]"
Add component (AddParameter): Name = "LatestRevisionNote"; Value = "Re-released for DXP Platform."; VariantName = "[No Variations]"
Add component (AddParameter): Name = "PackageDescription"; Value = "SM LED; 2 Flat Leads"; VariantName = "[No Variations]"
Add component (AddParameter): Name = "PackageReference"; Value = "3.2X1.6X1.1"; VariantName = "[No Variations]"
Add component (AddParameter): Name = "PackageVersion"; Value = "Feb-2002"; VariantName = "[No Variations]"
Add component (AddParameter): Name = "Published"; Value = "8-Jun-2000"; VariantName = "[No Variations]"
Add component (AddParameter): Name = "Publisher"; Value = "Altium Limited"; VariantName = "[No Variations]"
Added Component: Designator=D7(2-vias)
Add component. Clean all parameters for all variants
Add component (AddParameter): Name = "LatestRevisionDate"; Value = "17-Jul-2002"; VariantName = "[No Variations]"
Add component (AddParameter): Name = "LatestRevisionNote"; Value = "Re-released for DXP Platform."; VariantName = "[No Variations]"
Add component (AddParameter): Name = "PackageDescription"; Value = "SM LED; 2 Flat Leads"; VariantName = "[No Variations]"
Add component (AddParameter): Name = "PackageReference"; Value = "3.2X1.6X1.1"; VariantName = "[No Variations]"
Add component (AddParameter): Name = "PackageVersion"; Value = "Feb-2002"; VariantName = "[No Variations]"
Add component (AddParameter): Name = "Published"; Value = "8-Jun-2000"; VariantName = "[No Variations]"
Add component (AddParameter): Name = "Publisher"; Value = "Altium Limited"; VariantName = "[No Variations]"
Added Component: Designator=D8(2-vias)
Add component. Clean all parameters for all variants
Add component (AddParameter): Name = "LatestRevisionDate"; Value = "17-Jul-2002"; VariantName = "[No Variations]"
Add component (AddParameter): Name = "LatestRevisionNote"; Value = "Re-released for DXP Platform."; VariantName = "[No Variations]"
Add component (AddParameter): Name = "PackageDescription"; Value = "SM LED; 2 Flat Leads"; VariantName = "[No Variations]"
Add component (AddParameter): Name = "PackageReference"; Value = "3.2X1.6X1.1"; VariantName = "[No Variations]"
Add component (AddParameter): Name = "PackageVersion"; Value = "Feb-2002"; VariantName = "[No Variations]"
Add component (AddParameter): Name = "Published"; Value = "8-Jun-2000"; VariantName = "[No Variations]"
Add component (AddParameter): Name = "Publisher"; Value = "Altium Limited"; VariantName = "[No Variations]"
Added Component: Designator=D9(2-vias)
Add component. Clean all parameters for all variants
Add component (AddParameter): Name = "LatestRevisionDate"; Value = "17-Jul-2002"; VariantName = "[No Variations]"
Add component (AddParameter): Name = "LatestRevisionNote"; Value = "Re-released for DXP Platform."; VariantName = "[No Variations]"
Add component (AddParameter): Name = "PackageDescription"; Value = "SM LED; 2 Flat Leads"; VariantName = "[No Variations]"
Add component (AddParameter): Name = "PackageReference"; Value = "3.2X1.6X1.1"; VariantName = "[No Variations]"
Add component (AddParameter): Name = "PackageVersion"; Value = "Feb-2002"; VariantName = "[No Variations]"
Add component (AddParameter): Name = "Published"; Value = "8-Jun-2000"; VariantName = "[No Variations]"
Add component (AddParameter): Name = "Publisher"; Value = "Altium Limited"; VariantName = "[No Variations]"
Added Component: Designator=D10(2-vias)
Add component. Clean all parameters for all variants
Add component (AddParameter): Name = "LatestRevisionDate"; Value = "17-Jul-2002"; VariantName = "[No Variations]"
Add component (AddParameter): Name = "LatestRevisionNote"; Value = "Re-released for DXP Platform."; VariantName = "[No Variations]"
Add component (AddParameter): Name = "PackageDescription"; Value = "SM LED; 2 Flat Leads"; VariantName = "[No Variations]"
Add component (AddParameter): Name = "PackageReference"; Value = "3.2X1.6X1.1"; VariantName = "[No Variations]"
Add component (AddParameter): Name = "PackageVersion"; Value = "Feb-2002"; VariantName = "[No Variations]"
Add component (AddParameter): Name = "Published"; Value = "8-Jun-2000"; VariantName = "[No Variations]"
Add component (AddParameter): Name = "Publisher"; Value = "Altium Limited"; VariantName = "[No Variations]"
Added Component: Designator=Driver 1(A4988)
Add component. Clean all parameters for all variants
Added Component: Designator=Driver 2(A4988)
Add component. Clean all parameters for all variants
Added Component: Designator=Eletroima1(2-vias)
Add component. Clean all parameters for all variants
Added Component: Designator=Eletroima2(2-vias)
Add component. Clean all parameters for all variants
Added Component: Designator=Eltroima1(3-vias)
Add component. Clean all parameters for all variants
Add component (AddParameter): Name = "LatestRevisionDate"; Value = "17-Jul-2002"; VariantName = "[No Variations]"
Add component (AddParameter): Name = "LatestRevisionNote"; Value = "Re-released for DXP Platform."; VariantName = "[No Variations]"
Add component (AddParameter): Name = "PackageDescription"; Value = "TO, Flat Index; 3 In-Line, Axial Leads; Body Dia. 4.6mm; Lead Dia. 0.5 mm (max)"; VariantName = "[No Variations]"
Add component (AddParameter): Name = "PackageReference"; Value = "E3"; VariantName = "[No Variations]"
Add component (AddParameter): Name = "PackageVersion"; Value = "1995/1996"; VariantName = "[No Variations]"
Add component (AddParameter): Name = "Published"; Value = "8-Jun-2000"; VariantName = "[No Variations]"
Add component (AddParameter): Name = "Publisher"; Value = "Altium Limited"; VariantName = "[No Variations]"
Added Component: Designator=Eltroima2(3-vias)
Add component. Clean all parameters for all variants
Add component (AddParameter): Name = "LatestRevisionDate"; Value = "17-Jul-2002"; VariantName = "[No Variations]"
Add component (AddParameter): Name = "LatestRevisionNote"; Value = "Re-released for DXP Platform."; VariantName = "[No Variations]"
Add component (AddParameter): Name = "PackageDescription"; Value = "TO, Flat Index; 3 In-Line, Axial Leads; Body Dia. 4.6mm; Lead Dia. 0.5 mm (max)"; VariantName = "[No Variations]"
Add component (AddParameter): Name = "PackageReference"; Value = "E3"; VariantName = "[No Variations]"
Add component (AddParameter): Name = "PackageVersion"; Value = "1995/1996"; VariantName = "[No Variations]"
Add component (AddParameter): Name = "Published"; Value = "8-Jun-2000"; VariantName = "[No Variations]"
Add component (AddParameter): Name = "Publisher"; Value = "Altium Limited"; VariantName = "[No Variations]"
Added Component: Designator=Encoder_4(4-vias)
Add component. Clean all parameters for all variants
Add component (AddParameter): Name = "ComponentLink1Description"; Value = "Fabricante"; VariantName = "[No Variations]"
Add component (AddParameter): Name = "ComponentLink1URL"; Value = "https://www.molex.com/molex/products/family?key=kk_254_rpc_connector_system&channel=products&chanName=family&pageTitle=Introduction&parentKey=kk_interconnect_solutions"; VariantName = "[No Variations]"
Added Component: Designator=Encoder_5(4-vias)
Add component. Clean all parameters for all variants
Add component (AddParameter): Name = "ComponentLink1Description"; Value = "Fabricante"; VariantName = "[No Variations]"
Add component (AddParameter): Name = "ComponentLink1URL"; Value = "https://www.molex.com/molex/products/family?key=kk_254_rpc_connector_system&channel=products&chanName=family&pageTitle=Introduction&parentKey=kk_interconnect_solutions"; VariantName = "[No Variations]"
Added Component: Designator=Encoder_6(4-vias)
Add component. Clean all parameters for all variants
Add component (AddParameter): Name = "ComponentLink1Description"; Value = "Fabricante"; VariantName = "[No Variations]"
Add component (AddParameter): Name = "ComponentLink1URL"; Value = "https://www.molex.com/molex/products/family?key=kk_254_rpc_connector_system&channel=products&chanName=family&pageTitle=Introduction&parentKey=kk_interconnect_solutions"; VariantName = "[No Variations]"
Added Component: Designator=Jack 5v(JACK J4)
Add component. Clean all parameters for all variants
Added Component: Designator=Jack *1(JACK J4)
Add component. Clean all parameters for all variants
Added Component: Designator=Jack *(JACK J4)
Add component. Clean all parameters for all variants
Added Component: Designator=Jack mot(JACK J4)
Add component. Clean all parameters for all variants
Added Component: Designator=K1(4-vias)
Add component. Clean all parameters for all variants
Add component (AddParameter): Name = "ComponentLink1Description"; Value = "Fabricante"; VariantName = "[No Variations]"
Add component (AddParameter): Name = "ComponentLink1URL"; Value = "https://www.molex.com/molex/products/family?key=kk_254_rpc_connector_system&channel=products&chanName=family&pageTitle=Introduction&parentKey=kk_interconnect_solutions"; VariantName = "[No Variations]"
Added Component: Designator=K2(3-vias)
Add component. Clean all parameters for all variants
Added Component: Designator=K3(3-vias)
Add component. Clean all parameters for all variants
Added Component: Designator=K4(3-vias)
Add component. Clean all parameters for all variants
Added Component: Designator=K5(3-vias)
Add component. Clean all parameters for all variants
Added Component: Designator=K6(3-vias)
Add component. Clean all parameters for all variants
Added Component: Designator=K7(3-vias)
Add component. Clean all parameters for all variants
Added Component: Designator=K8(2-vias)
Add component. Clean all parameters for all variants
Added Component: Designator=K9(2-vias)
Add component. Clean all parameters for all variants
Added Component: Designator=K10(2-vias)
Add component. Clean all parameters for all variants
Added Component: Designator=K11(2-vias)
Add component. Clean all parameters for all variants
Added Component: Designator=K12(2-vias)
Add component. Clean all parameters for all variants
Added Component: Designator=K13(2-vias)
Add component. Clean all parameters for all variants
Added Component: Designator=K14(2-vias)
Add component. Clean all parameters for all variants
Added Component: Designator=K15(2-vias)
Add component. Clean all parameters for all variants
Added Component: Designator=K16(2-vias)
Add component. Clean all parameters for all variants
Added Component: Designator=LDR_1_2(RJ45_Simples)
Add component. Clean all parameters for all variants
Added Component: Designator=LDR_2_2(RJ45_Simples)
Add component. Clean all parameters for all variants
Added Component: Designator=Matriz(JTS-XH (5T))
Add component. Clean all parameters for all variants
Added Component: Designator=Mot1(4-vias)
Add component. Clean all parameters for all variants
Add component (AddParameter): Name = "ComponentLink1Description"; Value = "Fabricante"; VariantName = "[No Variations]"
Add component (AddParameter): Name = "ComponentLink1URL"; Value = "https://www.molex.com/molex/products/family?key=kk_254_rpc_connector_system&channel=products&chanName=family&pageTitle=Introduction&parentKey=kk_interconnect_solutions"; VariantName = "[No Variations]"
Added Component: Designator=Mot2(4-vias)
Add component. Clean all parameters for all variants
Add component (AddParameter): Name = "ComponentLink1Description"; Value = "Fabricante"; VariantName = "[No Variations]"
Add component (AddParameter): Name = "ComponentLink1URL"; Value = "https://www.molex.com/molex/products/family?key=kk_254_rpc_connector_system&channel=products&chanName=family&pageTitle=Introduction&parentKey=kk_interconnect_solutions"; VariantName = "[No Variations]"
Added Component: Designator=MS1(2-vias)
Add component. Clean all parameters for all variants
Added Component: Designator=MS2(2-vias)
Add component. Clean all parameters for all variants
Added Component: Designator=MS3(2-vias)
Add component. Clean all parameters for all variants
Added Component: Designator=Nano_1(Arduino_Nano)
Add component. Clean all parameters for all variants
Added Component: Designator=Nano_2(Arduino_Nano)
Add component. Clean all parameters for all variants
Added Component: Designator=R1(AXIAL-0.3)
Add component. Clean all parameters for all variants
Add component (AddParameter): Name = "LatestRevisionDate"; Value = "17-Jul-2002"; VariantName = "[No Variations]"
Add component (AddParameter): Name = "LatestRevisionNote"; Value = "Re-released for DXP Platform."; VariantName = "[No Variations]"
Add component (AddParameter): Name = "PackageDescription"; Value = "Axial Device, Thru-Hole; 2 Leads; 0.3 in Pin Spacing"; VariantName = "[No Variations]"
Add component (AddParameter): Name = "PackageReference"; Value = "AXIAL-0.3"; VariantName = "[No Variations]"
Add component (AddParameter): Name = "Published"; Value = "8-Jun-2000"; VariantName = "[No Variations]"
Add component (AddParameter): Name = "Publisher"; Value = "Altium Limited"; VariantName = "[No Variations]"
Add component (AddParameter): Name = "Value"; Value = "1K"; VariantName = "[No Variations]"
Added Component: Designator=R2(AXIAL-0.3)
Add component. Clean all parameters for all variants
Add component (AddParameter): Name = "LatestRevisionDate"; Value = "17-Jul-2002"; VariantName = "[No Variations]"
Add component (AddParameter): Name = "LatestRevisionNote"; Value = "Re-released for DXP Platform."; VariantName = "[No Variations]"
Add component (AddParameter): Name = "PackageDescription"; Value = "Axial Device, Thru-Hole; 2 Leads; 0.3 in Pin Spacing"; VariantName = "[No Variations]"
Add component (AddParameter): Name = "PackageReference"; Value = "AXIAL-0.3"; VariantName = "[No Variations]"
Add component (AddParameter): Name = "Published"; Value = "8-Jun-2000"; VariantName = "[No Variations]"
Add component (AddParameter): Name = "Publisher"; Value = "Altium Limited"; VariantName = "[No Variations]"
Add component (AddParameter): Name = "Value"; Value = "1K"; VariantName = "[No Variations]"
Added Component: Designator=R3(AXIAL-0.3)
Add component. Clean all parameters for all variants
Add component (AddParameter): Name = "LatestRevisionDate"; Value = "17-Jul-2002"; VariantName = "[No Variations]"
Add component (AddParameter): Name = "LatestRevisionNote"; Value = "Re-released for DXP Platform."; VariantName = "[No Variations]"
Add component (AddParameter): Name = "PackageDescription"; Value = "Axial Device, Thru-Hole; 2 Leads; 0.3 in Pin Spacing"; VariantName = "[No Variations]"
Add component (AddParameter): Name = "PackageReference"; Value = "AXIAL-0.3"; VariantName = "[No Variations]"
Add component (AddParameter): Name = "Published"; Value = "8-Jun-2000"; VariantName = "[No Variations]"
Add component (AddParameter): Name = "Publisher"; Value = "Altium Limited"; VariantName = "[No Variations]"
Add component (AddParameter): Name = "Value"; Value = "1K"; VariantName = "[No Variations]"
Added Component: Designator=R4(AXIAL-0.3)
Add component. Clean all parameters for all variants
Add component (AddParameter): Name = "LatestRevisionDate"; Value = "17-Jul-2002"; VariantName = "[No Variations]"
Add component (AddParameter): Name = "LatestRevisionNote"; Value = "Re-released for DXP Platform."; VariantName = "[No Variations]"
Add component (AddParameter): Name = "PackageDescription"; Value = "Axial Device, Thru-Hole; 2 Leads; 0.3 in Pin Spacing"; VariantName = "[No Variations]"
Add component (AddParameter): Name = "PackageReference"; Value = "AXIAL-0.3"; VariantName = "[No Variations]"
Add component (AddParameter): Name = "Published"; Value = "8-Jun-2000"; VariantName = "[No Variations]"
Add component (AddParameter): Name = "Publisher"; Value = "Altium Limited"; VariantName = "[No Variations]"
Add component (AddParameter): Name = "Value"; Value = "1K"; VariantName = "[No Variations]"
Added Component: Designator=R5(AXIAL-0.3)
Add component. Clean all parameters for all variants
Add component (AddParameter): Name = "LatestRevisionDate"; Value = "17-Jul-2002"; VariantName = "[No Variations]"
Add component (AddParameter): Name = "LatestRevisionNote"; Value = "Re-released for DXP Platform."; VariantName = "[No Variations]"
Add component (AddParameter): Name = "PackageDescription"; Value = "Axial Device, Thru-Hole; 2 Leads; 0.3 in Pin Spacing"; VariantName = "[No Variations]"
Add component (AddParameter): Name = "PackageReference"; Value = "AXIAL-0.3"; VariantName = "[No Variations]"
Add component (AddParameter): Name = "Published"; Value = "8-Jun-2000"; VariantName = "[No Variations]"
Add component (AddParameter): Name = "Publisher"; Value = "Altium Limited"; VariantName = "[No Variations]"
Add component (AddParameter): Name = "Value"; Value = "1K"; VariantName = "[No Variations]"
Added Component: Designator=R6(AXIAL-0.3)
Add component. Clean all parameters for all variants
Add component (AddParameter): Name = "LatestRevisionDate"; Value = "17-Jul-2002"; VariantName = "[No Variations]"
Add component (AddParameter): Name = "LatestRevisionNote"; Value = "Re-released for DXP Platform."; VariantName = "[No Variations]"
Add component (AddParameter): Name = "PackageDescription"; Value = "Axial Device, Thru-Hole; 2 Leads; 0.3 in Pin Spacing"; VariantName = "[No Variations]"
Add component (AddParameter): Name = "PackageReference"; Value = "AXIAL-0.3"; VariantName = "[No Variations]"
Add component (AddParameter): Name = "Published"; Value = "8-Jun-2000"; VariantName = "[No Variations]"
Add component (AddParameter): Name = "Publisher"; Value = "Altium Limited"; VariantName = "[No Variations]"
Add component (AddParameter): Name = "Value"; Value = "1K"; VariantName = "[No Variations]"
Added Component: Designator=R7(AXIAL-0.3)
Add component. Clean all parameters for all variants
Add component (AddParameter): Name = "LatestRevisionDate"; Value = "17-Jul-2002"; VariantName = "[No Variations]"
Add component (AddParameter): Name = "LatestRevisionNote"; Value = "Re-released for DXP Platform."; VariantName = "[No Variations]"
Add component (AddParameter): Name = "PackageDescription"; Value = "Axial Device, Thru-Hole; 2 Leads; 0.3 in Pin Spacing"; VariantName = "[No Variations]"
Add component (AddParameter): Name = "PackageReference"; Value = "AXIAL-0.3"; VariantName = "[No Variations]"
Add component (AddParameter): Name = "Published"; Value = "8-Jun-2000"; VariantName = "[No Variations]"
Add component (AddParameter): Name = "Publisher"; Value = "Altium Limited"; VariantName = "[No Variations]"
Add component (AddParameter): Name = "Value"; Value = "1K"; VariantName = "[No Variations]"
Added Component: Designator=R8(AXIAL-0.3)
Add component. Clean all parameters for all variants
Add component (AddParameter): Name = "LatestRevisionDate"; Value = "17-Jul-2002"; VariantName = "[No Variations]"
Add component (AddParameter): Name = "LatestRevisionNote"; Value = "Re-released for DXP Platform."; VariantName = "[No Variations]"
Add component (AddParameter): Name = "PackageDescription"; Value = "Axial Device, Thru-Hole; 2 Leads; 0.3 in Pin Spacing"; VariantName = "[No Variations]"
Add component (AddParameter): Name = "PackageReference"; Value = "AXIAL-0.3"; VariantName = "[No Variations]"
Add component (AddParameter): Name = "Published"; Value = "8-Jun-2000"; VariantName = "[No Variations]"
Add component (AddParameter): Name = "Publisher"; Value = "Altium Limited"; VariantName = "[No Variations]"
Add component (AddParameter): Name = "Value"; Value = "1K"; VariantName = "[No Variations]"
Added Component: Designator=R9(AXIAL-0.3)
Add component. Clean all parameters for all variants
Add component (AddParameter): Name = "LatestRevisionDate"; Value = "17-Jul-2002"; VariantName = "[No Variations]"
Add component (AddParameter): Name = "LatestRevisionNote"; Value = "Re-released for DXP Platform."; VariantName = "[No Variations]"
Add component (AddParameter): Name = "PackageDescription"; Value = "Axial Device, Thru-Hole; 2 Leads; 0.3 in Pin Spacing"; VariantName = "[No Variations]"
Add component (AddParameter): Name = "PackageReference"; Value = "AXIAL-0.3"; VariantName = "[No Variations]"
Add component (AddParameter): Name = "Published"; Value = "8-Jun-2000"; VariantName = "[No Variations]"
Add component (AddParameter): Name = "Publisher"; Value = "Altium Limited"; VariantName = "[No Variations]"
Add component (AddParameter): Name = "Value"; Value = "1K"; VariantName = "[No Variations]"
Added Component: Designator=R10(AXIAL-0.3)
Add component. Clean all parameters for all variants
Add component (AddParameter): Name = "LatestRevisionDate"; Value = "17-Jul-2002"; VariantName = "[No Variations]"
Add component (AddParameter): Name = "LatestRevisionNote"; Value = "Re-released for DXP Platform."; VariantName = "[No Variations]"
Add component (AddParameter): Name = "PackageDescription"; Value = "Axial Device, Thru-Hole; 2 Leads; 0.3 in Pin Spacing"; VariantName = "[No Variations]"
Add component (AddParameter): Name = "PackageReference"; Value = "AXIAL-0.3"; VariantName = "[No Variations]"
Add component (AddParameter): Name = "Published"; Value = "8-Jun-2000"; VariantName = "[No Variations]"
Add component (AddParameter): Name = "Publisher"; Value = "Altium Limited"; VariantName = "[No Variations]"
Add component (AddParameter): Name = "Value"; Value = "1K"; VariantName = "[No Variations]"
Added Component: Designator=R11(AXIAL-0.3)
Add component. Clean all parameters for all variants
Add component (AddParameter): Name = "LatestRevisionDate"; Value = "17-Jul-2002"; VariantName = "[No Variations]"
Add component (AddParameter): Name = "LatestRevisionNote"; Value = "Re-released for DXP Platform."; VariantName = "[No Variations]"
Add component (AddParameter): Name = "PackageDescription"; Value = "Axial Device, Thru-Hole; 2 Leads; 0.3 in Pin Spacing"; VariantName = "[No Variations]"
Add component (AddParameter): Name = "PackageReference"; Value = "AXIAL-0.3"; VariantName = "[No Variations]"
Add component (AddParameter): Name = "Published"; Value = "8-Jun-2000"; VariantName = "[No Variations]"
Add component (AddParameter): Name = "Publisher"; Value = "Altium Limited"; VariantName = "[No Variations]"
Add component (AddParameter): Name = "Value"; Value = "1K"; VariantName = "[No Variations]"
Added Component: Designator=R12(AXIAL-0.3)
Add component. Clean all parameters for all variants
Add component (AddParameter): Name = "LatestRevisionDate"; Value = "17-Jul-2002"; VariantName = "[No Variations]"
Add component (AddParameter): Name = "LatestRevisionNote"; Value = "Re-released for DXP Platform."; VariantName = "[No Variations]"
Add component (AddParameter): Name = "PackageDescription"; Value = "Axial Device, Thru-Hole; 2 Leads; 0.3 in Pin Spacing"; VariantName = "[No Variations]"
Add component (AddParameter): Name = "PackageReference"; Value = "AXIAL-0.3"; VariantName = "[No Variations]"
Add component (AddParameter): Name = "Published"; Value = "8-Jun-2000"; VariantName = "[No Variations]"
Add component (AddParameter): Name = "Publisher"; Value = "Altium Limited"; VariantName = "[No Variations]"
Add component (AddParameter): Name = "Value"; Value = "1K"; VariantName = "[No Variations]"
Added Component: Designator=R13(AXIAL-0.3)
Add component. Clean all parameters for all variants
Add component (AddParameter): Name = "LatestRevisionDate"; Value = "17-Jul-2002"; VariantName = "[No Variations]"
Add component (AddParameter): Name = "LatestRevisionNote"; Value = "Re-released for DXP Platform."; VariantName = "[No Variations]"
Add component (AddParameter): Name = "PackageDescription"; Value = "Axial Device, Thru-Hole; 2 Leads; 0.3 in Pin Spacing"; VariantName = "[No Variations]"
Add component (AddParameter): Name = "PackageReference"; Value = "AXIAL-0.3"; VariantName = "[No Variations]"
Add component (AddParameter): Name = "Published"; Value = "8-Jun-2000"; VariantName = "[No Variations]"
Add component (AddParameter): Name = "Publisher"; Value = "Altium Limited"; VariantName = "[No Variations]"
Add component (AddParameter): Name = "Value"; Value = "1K"; VariantName = "[No Variations]"
Added Component: Designator=R14(AXIAL-0.3)
Add component. Clean all parameters for all variants
Add component (AddParameter): Name = "LatestRevisionDate"; Value = "17-Jul-2002"; VariantName = "[No Variations]"
Add component (AddParameter): Name = "LatestRevisionNote"; Value = "Re-released for DXP Platform."; VariantName = "[No Variations]"
Add component (AddParameter): Name = "PackageDescription"; Value = "Axial Device, Thru-Hole; 2 Leads; 0.3 in Pin Spacing"; VariantName = "[No Variations]"
Add component (AddParameter): Name = "PackageReference"; Value = "AXIAL-0.3"; VariantName = "[No Variations]"
Add component (AddParameter): Name = "Published"; Value = "8-Jun-2000"; VariantName = "[No Variations]"
Add component (AddParameter): Name = "Publisher"; Value = "Altium Limited"; VariantName = "[No Variations]"
Add component (AddParameter): Name = "Value"; Value = "1K"; VariantName = "[No Variations]"
Added Component: Designator=R15(AXIAL-0.3)
Add component. Clean all parameters for all variants
Add component (AddParameter): Name = "LatestRevisionDate"; Value = "17-Jul-2002"; VariantName = "[No Variations]"
Add component (AddParameter): Name = "LatestRevisionNote"; Value = "Re-released for DXP Platform."; VariantName = "[No Variations]"
Add component (AddParameter): Name = "PackageDescription"; Value = "Axial Device, Thru-Hole; 2 Leads; 0.3 in Pin Spacing"; VariantName = "[No Variations]"
Add component (AddParameter): Name = "PackageReference"; Value = "AXIAL-0.3"; VariantName = "[No Variations]"
Add component (AddParameter): Name = "Published"; Value = "8-Jun-2000"; VariantName = "[No Variations]"
Add component (AddParameter): Name = "Publisher"; Value = "Altium Limited"; VariantName = "[No Variations]"
Add component (AddParameter): Name = "Value"; Value = "1K"; VariantName = "[No Variations]"
Added Component: Designator=R16(AXIAL-0.3)
Add component. Clean all parameters for all variants
Add component (AddParameter): Name = "LatestRevisionDate"; Value = "17-Jul-2002"; VariantName = "[No Variations]"
Add component (AddParameter): Name = "LatestRevisionNote"; Value = "Re-released for DXP Platform."; VariantName = "[No Variations]"
Add component (AddParameter): Name = "PackageDescription"; Value = "Axial Device, Thru-Hole; 2 Leads; 0.3 in Pin Spacing"; VariantName = "[No Variations]"
Add component (AddParameter): Name = "PackageReference"; Value = "AXIAL-0.3"; VariantName = "[No Variations]"
Add component (AddParameter): Name = "Published"; Value = "8-Jun-2000"; VariantName = "[No Variations]"
Add component (AddParameter): Name = "Publisher"; Value = "Altium Limited"; VariantName = "[No Variations]"
Add component (AddParameter): Name = "Value"; Value = "1K"; VariantName = "[No Variations]"
Added Component: Designator=R17(AXIAL-0.4)
Add component. Clean all parameters for all variants
Add component (AddParameter): Name = "LatestRevisionDate"; Value = "17-Jul-2002"; VariantName = "[No Variations]"
Add component (AddParameter): Name = "LatestRevisionNote"; Value = "Re-released for DXP Platform."; VariantName = "[No Variations]"
Add component (AddParameter): Name = "PackageDescription"; Value = "Axial Device, Thru-Hole; 2 Leads; 0.4 in Pin Spacing"; VariantName = "[No Variations]"
Add component (AddParameter): Name = "PackageReference"; Value = "AXIAL-0.4"; VariantName = "[No Variations]"
Add component (AddParameter): Name = "Published"; Value = "8-Jun-2000"; VariantName = "[No Variations]"
Add component (AddParameter): Name = "Publisher"; Value = "Altium Limited"; VariantName = "[No Variations]"
Add component (AddParameter): Name = "Value"; Value = "1K"; VariantName = "[No Variations]"
Added Component: Designator=R18(AXIAL-0.4)
Add component. Clean all parameters for all variants
Add component (AddParameter): Name = "LatestRevisionDate"; Value = "17-Jul-2002"; VariantName = "[No Variations]"
Add component (AddParameter): Name = "LatestRevisionNote"; Value = "Re-released for DXP Platform."; VariantName = "[No Variations]"
Add component (AddParameter): Name = "PackageDescription"; Value = "Axial Device, Thru-Hole; 2 Leads; 0.4 in Pin Spacing"; VariantName = "[No Variations]"
Add component (AddParameter): Name = "PackageReference"; Value = "AXIAL-0.4"; VariantName = "[No Variations]"
Add component (AddParameter): Name = "Published"; Value = "8-Jun-2000"; VariantName = "[No Variations]"
Add component (AddParameter): Name = "Publisher"; Value = "Altium Limited"; VariantName = "[No Variations]"
Add component (AddParameter): Name = "Value"; Value = "1K"; VariantName = "[No Variations]"
Added Component: Designator=R19(AXIAL-0.4)
Add component. Clean all parameters for all variants
Add component (AddParameter): Name = "LatestRevisionDate"; Value = "17-Jul-2002"; VariantName = "[No Variations]"
Add component (AddParameter): Name = "LatestRevisionNote"; Value = "Re-released for DXP Platform."; VariantName = "[No Variations]"
Add component (AddParameter): Name = "PackageDescription"; Value = "Axial Device, Thru-Hole; 2 Leads; 0.4 in Pin Spacing"; VariantName = "[No Variations]"
Add component (AddParameter): Name = "PackageReference"; Value = "AXIAL-0.4"; VariantName = "[No Variations]"
Add component (AddParameter): Name = "Published"; Value = "8-Jun-2000"; VariantName = "[No Variations]"
Add component (AddParameter): Name = "Publisher"; Value = "Altium Limited"; VariantName = "[No Variations]"
Add component (AddParameter): Name = "Value"; Value = "1K"; VariantName = "[No Variations]"
Added Component: Designator=R20(AXIAL-0.4)
Add component. Clean all parameters for all variants
Add component (AddParameter): Name = "LatestRevisionDate"; Value = "17-Jul-2002"; VariantName = "[No Variations]"
Add component (AddParameter): Name = "LatestRevisionNote"; Value = "Re-released for DXP Platform."; VariantName = "[No Variations]"
Add component (AddParameter): Name = "PackageDescription"; Value = "Axial Device, Thru-Hole; 2 Leads; 0.4 in Pin Spacing"; VariantName = "[No Variations]"
Add component (AddParameter): Name = "PackageReference"; Value = "AXIAL-0.4"; VariantName = "[No Variations]"
Add component (AddParameter): Name = "Published"; Value = "8-Jun-2000"; VariantName = "[No Variations]"
Add component (AddParameter): Name = "Publisher"; Value = "Altium Limited"; VariantName = "[No Variations]"
Add component (AddParameter): Name = "Value"; Value = "1K"; VariantName = "[No Variations]"
Added Component: Designator=R21(AXIAL-0.4)
Add component. Clean all parameters for all variants
Add component (AddParameter): Name = "LatestRevisionDate"; Value = "17-Jul-2002"; VariantName = "[No Variations]"
Add component (AddParameter): Name = "LatestRevisionNote"; Value = "Re-released for DXP Platform."; VariantName = "[No Variations]"
Add component (AddParameter): Name = "PackageDescription"; Value = "Axial Device, Thru-Hole; 2 Leads; 0.4 in Pin Spacing"; VariantName = "[No Variations]"
Add component (AddParameter): Name = "PackageReference"; Value = "AXIAL-0.4"; VariantName = "[No Variations]"
Add component (AddParameter): Name = "Published"; Value = "8-Jun-2000"; VariantName = "[No Variations]"
Add component (AddParameter): Name = "Publisher"; Value = "Altium Limited"; VariantName = "[No Variations]"
Add component (AddParameter): Name = "Value"; Value = "1K"; VariantName = "[No Variations]"
Added Component: Designator=R22(AXIAL-0.4)
Add component. Clean all parameters for all variants
Add component (AddParameter): Name = "LatestRevisionDate"; Value = "17-Jul-2002"; VariantName = "[No Variations]"
Add component (AddParameter): Name = "LatestRevisionNote"; Value = "Re-released for DXP Platform."; VariantName = "[No Variations]"
Add component (AddParameter): Name = "PackageDescription"; Value = "Axial Device, Thru-Hole; 2 Leads; 0.4 in Pin Spacing"; VariantName = "[No Variations]"
Add component (AddParameter): Name = "PackageReference"; Value = "AXIAL-0.4"; VariantName = "[No Variations]"
Add component (AddParameter): Name = "Published"; Value = "8-Jun-2000"; VariantName = "[No Variations]"
Add component (AddParameter): Name = "Publisher"; Value = "Altium Limited"; VariantName = "[No Variations]"
Add component (AddParameter): Name = "Value"; Value = "1K"; VariantName = "[No Variations]"
Added Component: Designator=R23(AXIAL-0.4)
Add component. Clean all parameters for all variants
Add component (AddParameter): Name = "LatestRevisionDate"; Value = "17-Jul-2002"; VariantName = "[No Variations]"
Add component (AddParameter): Name = "LatestRevisionNote"; Value = "Re-released for DXP Platform."; VariantName = "[No Variations]"
Add component (AddParameter): Name = "PackageDescription"; Value = "Axial Device, Thru-Hole; 2 Leads; 0.4 in Pin Spacing"; VariantName = "[No Variations]"
Add component (AddParameter): Name = "PackageReference"; Value = "AXIAL-0.4"; VariantName = "[No Variations]"
Add component (AddParameter): Name = "Published"; Value = "8-Jun-2000"; VariantName = "[No Variations]"
Add component (AddParameter): Name = "Publisher"; Value = "Altium Limited"; VariantName = "[No Variations]"
Add component (AddParameter): Name = "Value"; Value = "1K"; VariantName = "[No Variations]"
Added Component: Designator=R24(AXIAL-0.4)
Add component. Clean all parameters for all variants
Add component (AddParameter): Name = "LatestRevisionDate"; Value = "17-Jul-2002"; VariantName = "[No Variations]"
Add component (AddParameter): Name = "LatestRevisionNote"; Value = "Re-released for DXP Platform."; VariantName = "[No Variations]"
Add component (AddParameter): Name = "PackageDescription"; Value = "Axial Device, Thru-Hole; 2 Leads; 0.4 in Pin Spacing"; VariantName = "[No Variations]"
Add component (AddParameter): Name = "PackageReference"; Value = "AXIAL-0.4"; VariantName = "[No Variations]"
Add component (AddParameter): Name = "Published"; Value = "8-Jun-2000"; VariantName = "[No Variations]"
Add component (AddParameter): Name = "Publisher"; Value = "Altium Limited"; VariantName = "[No Variations]"
Add component (AddParameter): Name = "Value"; Value = "1K"; VariantName = "[No Variations]"
Added Component: Designator=R25(AXIAL-0.3)
Add component. Clean all parameters for all variants
Add component (AddParameter): Name = "LatestRevisionDate"; Value = "17-Jul-2002"; VariantName = "[No Variations]"
Add component (AddParameter): Name = "LatestRevisionNote"; Value = "Re-released for DXP Platform."; VariantName = "[No Variations]"
Add component (AddParameter): Name = "PackageDescription"; Value = "Axial Device, Thru-Hole; 2 Leads; 0.3 in Pin Spacing"; VariantName = "[No Variations]"
Add component (AddParameter): Name = "PackageReference"; Value = "AXIAL-0.3"; VariantName = "[No Variations]"
Add component (AddParameter): Name = "Published"; Value = "8-Jun-2000"; VariantName = "[No Variations]"
Add component (AddParameter): Name = "Publisher"; Value = "Altium Limited"; VariantName = "[No Variations]"
Add component (AddParameter): Name = "Value"; Value = "1K"; VariantName = "[No Variations]"
Added Component: Designator=R26(AXIAL-0.3)
Add component. Clean all parameters for all variants
Add component (AddParameter): Name = "LatestRevisionDate"; Value = "17-Jul-2002"; VariantName = "[No Variations]"
Add component (AddParameter): Name = "LatestRevisionNote"; Value = "Re-released for DXP Platform."; VariantName = "[No Variations]"
Add component (AddParameter): Name = "PackageDescription"; Value = "Axial Device, Thru-Hole; 2 Leads; 0.3 in Pin Spacing"; VariantName = "[No Variations]"
Add component (AddParameter): Name = "PackageReference"; Value = "AXIAL-0.3"; VariantName = "[No Variations]"
Add component (AddParameter): Name = "Published"; Value = "8-Jun-2000"; VariantName = "[No Variations]"
Add component (AddParameter): Name = "Publisher"; Value = "Altium Limited"; VariantName = "[No Variations]"
Add component (AddParameter): Name = "Value"; Value = "1K"; VariantName = "[No Variations]"
Added Component: Designator=RJ1(RJ45_90)
Add component. Clean all parameters for all variants
Added Component: Designator=RJ2(RJ45_Simples)
Add component. Clean all parameters for all variants
Added Component: Designator=RJ3(RJ45_Simples)
Add component. Clean all parameters for all variants
Added Component: Designator=RJ4(RJ45_90)
Add component. Clean all parameters for all variants
Added Component: Designator=RJ5(RJ45_Simples)
Add component. Clean all parameters for all variants
Added Component: Designator=RJ6(RJ45_90)
Add component. Clean all parameters for all variants
Added Component: Designator=TCS1(RJ45_Simples)
Add component. Clean all parameters for all variants
Added Component: Designator=TCS2(RJ45_Simples)
Add component. Clean all parameters for all variants
Added Component: Designator=TCS3(RJ45_Simples)
Add component. Clean all parameters for all variants
Added Component: Designator=TCS4(RJ45_Simples)
Add component. Clean all parameters for all variants
Added Component: Designator=TCS3200(RJ45_Simples)
Add component. Clean all parameters for all variants
Added Pin To Net: NetName=1A_M1 Pin=Driver 1-12
Added Pin To Net: NetName=1A_M1 Pin=Mot1-3
Added Net: Name=1A_M1
Added Pin To Net: NetName=1A_M2 Pin=Driver 2-12
Added Pin To Net: NetName=1A_M2 Pin=Mot2-3
Added Net: Name=1A_M2
Added Pin To Net: NetName=1B_M1 Pin=Driver 1-13
Added Pin To Net: NetName=1B_M1 Pin=Mot1-4
Added Net: Name=1B_M1
Added Pin To Net: NetName=1B_M2 Pin=Driver 2-13
Added Pin To Net: NetName=1B_M2 Pin=Mot2-4
Added Net: Name=1B_M2
Added Pin To Net: NetName=2A_M1 Pin=Driver 1-11
Added Pin To Net: NetName=2A_M1 Pin=Mot1-2
Added Net: Name=2A_M1
Added Pin To Net: NetName=2A_M2 Pin=Driver 2-11
Added Pin To Net: NetName=2A_M2 Pin=Mot2-2
Added Net: Name=2A_M2
Added Pin To Net: NetName=2B_M1 Pin=Driver 1-10
Added Pin To Net: NetName=2B_M1 Pin=Mot1-1
Added Net: Name=2B_M1
Added Pin To Net: NetName=2B_M2 Pin=Driver 2-10
Added Pin To Net: NetName=2B_M2 Pin=Mot2-1
Added Net: Name=2B_M2
Added Pin To Net: NetName=3VCC Pin=C1-1
Added Pin To Net: NetName=3VCC Pin=Encoder_4-1
Added Pin To Net: NetName=3VCC Pin=Encoder_5-1
Added Pin To Net: NetName=3VCC Pin=Encoder_6-1
Added Pin To Net: NetName=3VCC Pin=K1-1
Added Pin To Net: NetName=3VCC Pin=K2-3
Added Net: Name=3VCC
Added Pin To Net: NetName=5VCC Pin=C2-2
Added Pin To Net: NetName=5VCC Pin=K2-2
Added Pin To Net: NetName=5VCC Pin=K3-3
Added Pin To Net: NetName=5VCC Pin=K4-3
Added Pin To Net: NetName=5VCC Pin=K5-3
Added Pin To Net: NetName=5VCC Pin=K6-3
Added Pin To Net: NetName=5VCC Pin=Nano_1-29
Added Pin To Net: NetName=5VCC Pin=R17-2
Added Pin To Net: NetName=5VCC Pin=R18-2
Added Pin To Net: NetName=5VCC Pin=R19-2
Added Pin To Net: NetName=5VCC Pin=R20-2
Added Pin To Net: NetName=5VCC Pin=R21-2
Added Pin To Net: NetName=5VCC Pin=R22-2
Added Pin To Net: NetName=5VCC Pin=R23-2
Added Pin To Net: NetName=5VCC Pin=R24-2
Added Pin To Net: NetName=5VCC Pin=TCS1-8
Added Pin To Net: NetName=5VCC Pin=TCS2-8
Added Pin To Net: NetName=5VCC Pin=TCS3-8
Added Pin To Net: NetName=5VCC Pin=TCS4-8
Added Net: Name=5VCC
Added Pin To Net: NetName=5V Pin=C5-1
Added Pin To Net: NetName=5V Pin=ChaveEN-2
Added Pin To Net: NetName=5V Pin=Driver 1-14
Added Pin To Net: NetName=5V Pin=Driver 2-14
Added Pin To Net: NetName=5V Pin=Jack 5v-1
Added Pin To Net: NetName=5V Pin=Matriz-5
Added Pin To Net: NetName=5V Pin=MS1-2
Added Pin To Net: NetName=5V Pin=MS2-2
Added Pin To Net: NetName=5V Pin=MS3-2
Added Pin To Net: NetName=5V Pin=Nano_2-26
Added Pin To Net: NetName=5V Pin=TCS3200-8
Added Net: Name=5V
Added Pin To Net: NetName=12V Pin=C1-2
Added Pin To Net: NetName=12V Pin=C2-1
Added Pin To Net: NetName=12V Pin=C3-1
Added Pin To Net: NetName=12V Pin=C4-2
Added Pin To Net: NetName=12V Pin=C5-2
Added Pin To Net: NetName=12V Pin=D3-2
Added Pin To Net: NetName=12V Pin=D4-2
Added Pin To Net: NetName=12V Pin=D5-2
Added Pin To Net: NetName=12V Pin=D6-2
Added Pin To Net: NetName=12V Pin=D7-2
Added Pin To Net: NetName=12V Pin=D8-2
Added Pin To Net: NetName=12V Pin=D9-2
Added Pin To Net: NetName=12V Pin=D10-2
Added Pin To Net: NetName=12V Pin=Driver 1-15
Added Pin To Net: NetName=12V Pin=Driver 2-15
Added Pin To Net: NetName=12V Pin=Encoder_4-4
Added Pin To Net: NetName=12V Pin=Encoder_5-4
Added Pin To Net: NetName=12V Pin=Encoder_6-4
Added Pin To Net: NetName=12V Pin=Jack 5v-2
Added Pin To Net: NetName=12V Pin=Jack *1-1
Added Pin To Net: NetName=12V Pin=Jack *1-2
Added Pin To Net: NetName=12V Pin=Jack *-2
Added Pin To Net: NetName=12V Pin=K1-4
Added Pin To Net: NetName=12V Pin=K2-1
Added Pin To Net: NetName=12V Pin=K3-1
Added Pin To Net: NetName=12V Pin=K4-1
Added Pin To Net: NetName=12V Pin=K5-1
Added Pin To Net: NetName=12V Pin=K6-1
Added Pin To Net: NetName=12V Pin=K7-2
Added Pin To Net: NetName=12V Pin=K8-2
Added Pin To Net: NetName=12V Pin=K9-2
Added Pin To Net: NetName=12V Pin=K10-2
Added Pin To Net: NetName=12V Pin=K11-2
Added Pin To Net: NetName=12V Pin=K12-2
Added Pin To Net: NetName=12V Pin=K13-2
Added Pin To Net: NetName=12V Pin=K14-2
Added Pin To Net: NetName=12V Pin=K15-2
Added Pin To Net: NetName=12V Pin=K16-1
Added Pin To Net: NetName=12V Pin=LDR_1_2-2
Added Pin To Net: NetName=12V Pin=LDR_1_2-4
Added Pin To Net: NetName=12V Pin=LDR_1_2-6
Added Pin To Net: NetName=12V Pin=LDR_1_2-8
Added Pin To Net: NetName=12V Pin=LDR_2_2-1
Added Pin To Net: NetName=12V Pin=LDR_2_2-3
Added Pin To Net: NetName=12V Pin=LDR_2_2-5
Added Pin To Net: NetName=12V Pin=LDR_2_2-7
Added Pin To Net: NetName=12V Pin=Matriz-4
Added Pin To Net: NetName=12V Pin=Nano_1-28
Added Pin To Net: NetName=12V Pin=Nano_2-28
Added Pin To Net: NetName=12V Pin=R11-1
Added Pin To Net: NetName=12V Pin=R12-1
Added Pin To Net: NetName=12V Pin=R13-1
Added Pin To Net: NetName=12V Pin=R14-1
Added Pin To Net: NetName=12V Pin=R15-1
Added Pin To Net: NetName=12V Pin=R16-1
Added Pin To Net: NetName=12V Pin=R25-1
Added Pin To Net: NetName=12V Pin=R26-1
Added Pin To Net: NetName=12V Pin=TCS1-4
Added Pin To Net: NetName=12V Pin=TCS1-6
Added Pin To Net: NetName=12V Pin=TCS2-4
Added Pin To Net: NetName=12V Pin=TCS2-6
Added Pin To Net: NetName=12V Pin=TCS3-4
Added Pin To Net: NetName=12V Pin=TCS3-6
Added Pin To Net: NetName=12V Pin=TCS4-4
Added Pin To Net: NetName=12V Pin=TCS4-6
Added Pin To Net: NetName=12V Pin=TCS3200-4
Added Pin To Net: NetName=12V Pin=TCS3200-6
Added Net: Name=12V
Added Pin To Net: NetName=ChA_1 Pin=K1-2
Added Pin To Net: NetName=ChA_1 Pin=RJ2-1
Added Net: Name=ChA_1
Added Pin To Net: NetName=ChA_2 Pin=Encoder_4-2
Added Pin To Net: NetName=ChA_2 Pin=RJ2-5
Added Net: Name=ChA_2
Added Pin To Net: NetName=ChA_3 Pin=Encoder_5-2
Added Pin To Net: NetName=ChA_3 Pin=RJ2-8
Added Net: Name=ChA_3
Added Pin To Net: NetName=ChB_1 Pin=K1-3
Added Pin To Net: NetName=ChB_1 Pin=RJ2-3
Added Net: Name=ChB_1
Added Pin To Net: NetName=ChB_2 Pin=Encoder_4-3
Added Pin To Net: NetName=ChB_2 Pin=RJ2-7
Added Net: Name=ChB_2
Added Pin To Net: NetName=ChB_3 Pin=Encoder_5-3
Added Pin To Net: NetName=ChB_3 Pin=RJ2-6
Added Net: Name=ChB_3
Added Pin To Net: NetName=DIR_M1 Pin=Driver 1-7
Added Pin To Net: NetName=DIR_M1 Pin=Nano_2-4
Added Net: Name=DIR_M1
Added Pin To Net: NetName=DIR_M2 Pin=Driver 2-7
Added Pin To Net: NetName=DIR_M2 Pin=Nano_2-24
Added Net: Name=DIR_M2
Added Pin To Net: NetName=Eletro1 Pin=Eltroima1-2
Added Pin To Net: NetName=Eletro1 Pin=Nano_2-8
Added Net: Name=Eletro1
Added Pin To Net: NetName=Eletro2 Pin=Eltroima2-2
Added Pin To Net: NetName=Eletro2 Pin=Nano_2-7
Added Net: Name=Eletro2
Added Pin To Net: NetName=GND_MOT Pin=C6-2
Added Pin To Net: NetName=GND_MOT Pin=D1-2
Added Pin To Net: NetName=GND_MOT Pin=D2-2
Added Pin To Net: NetName=GND_MOT Pin=Driver 1-9
Added Pin To Net: NetName=GND_MOT Pin=Driver 2-9
Added Pin To Net: NetName=GND_MOT Pin=Eletroima1-1
Added Pin To Net: NetName=GND_MOT Pin=Eletroima2-1
Added Pin To Net: NetName=GND_MOT Pin=Eltroima1-3
Added Pin To Net: NetName=GND_MOT Pin=Eltroima2-3
Added Pin To Net: NetName=GND_MOT Pin=Jack mot-2
Added Net: Name=GND_MOT
Added Pin To Net: NetName=MISO_D12 Pin=Central_Principal1-5
Added Pin To Net: NetName=MISO_D12 Pin=Nano_1-14
Added Net: Name=MISO_D12
Added Pin To Net: NetName=MISO Pin=Central-8
Added Pin To Net: NetName=MISO Pin=Nano_2-14
Added Net: Name=MISO
Added Pin To Net: NetName=MOSI_D11 Pin=Central_Principal1-7
Added Pin To Net: NetName=MOSI_D11 Pin=Nano_1-13
Added Net: Name=MOSI_D11
Added Pin To Net: NetName=MOSI Pin=Central-6
Added Pin To Net: NetName=MOSI Pin=Nano_2-13
Added Net: Name=MOSI
Added Pin To Net: NetName=MS1 Pin=Driver 1-1
Added Pin To Net: NetName=MS1 Pin=Driver 2-1
Added Pin To Net: NetName=MS1 Pin=MS1-1
Added Net: Name=MS1
Added Pin To Net: NetName=MS2 Pin=Driver 1-2
Added Pin To Net: NetName=MS2 Pin=Driver 2-2
Added Pin To Net: NetName=MS2 Pin=MS2-1
Added Net: Name=MS2
Added Pin To Net: NetName=MS3 Pin=Driver 1-3
Added Pin To Net: NetName=MS3 Pin=Driver 2-3
Added Pin To Net: NetName=MS3 Pin=MS3-1
Added Net: Name=MS3
Added Pin To Net: NetName=NetC3_2 Pin=C3-2
Added Pin To Net: NetName=NetC3_2 Pin=K7-3
Added Net: Name=NetC3_2
Added Pin To Net: NetName=NetC4_1 Pin=C4-1
Added Pin To Net: NetName=NetC4_1 Pin=K7-1
Added Net: Name=NetC4_1
Added Pin To Net: NetName=NetChaveEN_1 Pin=ChaveEN-1
Added Pin To Net: NetName=NetChaveEN_1 Pin=Driver 1-16
Added Pin To Net: NetName=NetChaveEN_1 Pin=Driver 2-16
Added Net: Name=NetChaveEN_1
Added Pin To Net: NetName=NetD1_1 Pin=D1-1
Added Pin To Net: NetName=NetD1_1 Pin=R1-1
Added Net: Name=NetD1_1
Added Pin To Net: NetName=NetD2_1 Pin=D2-1
Added Pin To Net: NetName=NetD2_1 Pin=R2-2
Added Net: Name=NetD2_1
Added Pin To Net: NetName=NetD3_1 Pin=D3-1
Added Pin To Net: NetName=NetD3_1 Pin=R3-1
Added Net: Name=NetD3_1
Added Pin To Net: NetName=NetD4_1 Pin=D4-1
Added Pin To Net: NetName=NetD4_1 Pin=R4-1
Added Net: Name=NetD4_1
Added Pin To Net: NetName=NetD5_1 Pin=D5-1
Added Pin To Net: NetName=NetD5_1 Pin=R5-1
Added Net: Name=NetD5_1
Added Pin To Net: NetName=NetD6_1 Pin=D6-1
Added Pin To Net: NetName=NetD6_1 Pin=R6-1
Added Net: Name=NetD6_1
Added Pin To Net: NetName=NetD7_1 Pin=D7-1
Added Pin To Net: NetName=NetD7_1 Pin=R7-1
Added Net: Name=NetD7_1
Added Pin To Net: NetName=NetD8_1 Pin=D8-1
Added Pin To Net: NetName=NetD8_1 Pin=R8-1
Added Net: Name=NetD8_1
Added Pin To Net: NetName=NetD9_1 Pin=D9-1
Added Pin To Net: NetName=NetD9_1 Pin=R9-1
Added Net: Name=NetD9_1
Added Pin To Net: NetName=NetD10_1 Pin=D10-1
Added Pin To Net: NetName=NetD10_1 Pin=R10-1
Added Net: Name=NetD10_1
Added Pin To Net: NetName=NetEncoder_6_2 Pin=Encoder_6-2
Added Pin To Net: NetName=NetEncoder_6_2 Pin=RJ2-4
Added Net: Name=NetEncoder_6_2
Added Pin To Net: NetName=NetEncoder_6_3 Pin=Encoder_6-3
Added Pin To Net: NetName=NetEncoder_6_3 Pin=RJ2-2
Added Net: Name=NetEncoder_6_3
Added Pin To Net: NetName=NetJack *_1 Pin=Jack *-1
Added Pin To Net: NetName=NetJack *_1 Pin=K16-2
Added Net: Name=NetJack *_1
Added Pin To Net: NetName=NetK8_1 Pin=K8-1
Added Pin To Net: NetName=NetK8_1 Pin=R3-2
Added Pin To Net: NetName=NetK8_1 Pin=R11-2
Added Pin To Net: NetName=NetK8_1 Pin=RJ6-8
Added Net: Name=NetK8_1
Added Pin To Net: NetName=NetK9_1 Pin=K9-1
Added Pin To Net: NetName=NetK9_1 Pin=R4-2
Added Pin To Net: NetName=NetK9_1 Pin=R12-2
Added Pin To Net: NetName=NetK9_1 Pin=RJ6-7
Added Net: Name=NetK9_1
Added Pin To Net: NetName=NetK10_1 Pin=K10-1
Added Pin To Net: NetName=NetK10_1 Pin=R5-2
Added Pin To Net: NetName=NetK10_1 Pin=R13-2
Added Pin To Net: NetName=NetK10_1 Pin=RJ6-6
Added Net: Name=NetK10_1
Added Pin To Net: NetName=NetK11_1 Pin=K11-1
Added Pin To Net: NetName=NetK11_1 Pin=R6-2
Added Pin To Net: NetName=NetK11_1 Pin=R14-2
Added Pin To Net: NetName=NetK11_1 Pin=RJ6-5
Added Net: Name=NetK11_1
Added Pin To Net: NetName=NetK12_1 Pin=K12-1
Added Pin To Net: NetName=NetK12_1 Pin=R7-2
Added Pin To Net: NetName=NetK12_1 Pin=R15-2
Added Pin To Net: NetName=NetK12_1 Pin=RJ6-4
Added Net: Name=NetK12_1
Added Pin To Net: NetName=NetK13_1 Pin=K13-1
Added Pin To Net: NetName=NetK13_1 Pin=R8-2
Added Pin To Net: NetName=NetK13_1 Pin=R16-2
Added Pin To Net: NetName=NetK13_1 Pin=RJ6-3
Added Net: Name=NetK13_1
Added Pin To Net: NetName=NetK14_1 Pin=K14-1
Added Pin To Net: NetName=NetK14_1 Pin=R9-2
Added Pin To Net: NetName=NetK14_1 Pin=R25-2
Added Pin To Net: NetName=NetK14_1 Pin=RJ6-2
Added Net: Name=NetK14_1
Added Pin To Net: NetName=NetK15_1 Pin=K15-1
Added Pin To Net: NetName=NetK15_1 Pin=R10-2
Added Pin To Net: NetName=NetK15_1 Pin=R26-2
Added Pin To Net: NetName=NetK15_1 Pin=RJ6-1
Added Net: Name=NetK15_1
Added Pin To Net: NetName=NetLDR_1_2_1 Pin=LDR_1_2-1
Added Pin To Net: NetName=NetLDR_1_2_1 Pin=Nano_1-25
Added Pin To Net: NetName=NetLDR_1_2_1 Pin=R21-1
Added Net: Name=NetLDR_1_2_1
Added Pin To Net: NetName=NetLDR_1_2_3 Pin=LDR_1_2-3
Added Pin To Net: NetName=NetLDR_1_2_3 Pin=Nano_1-24
Added Pin To Net: NetName=NetLDR_1_2_3 Pin=R22-1
Added Net: Name=NetLDR_1_2_3
Added Pin To Net: NetName=NetLDR_1_2_5 Pin=LDR_1_2-5
Added Pin To Net: NetName=NetLDR_1_2_5 Pin=Nano_1-23
Added Pin To Net: NetName=NetLDR_1_2_5 Pin=R23-1
Added Net: Name=NetLDR_1_2_5
Added Pin To Net: NetName=NetLDR_1_2_7 Pin=LDR_1_2-7
Added Pin To Net: NetName=NetLDR_1_2_7 Pin=Nano_1-22
Added Pin To Net: NetName=NetLDR_1_2_7 Pin=R24-1
Added Net: Name=NetLDR_1_2_7
Added Pin To Net: NetName=NetLDR_2_2_2 Pin=LDR_2_2-2
Added Pin To Net: NetName=NetLDR_2_2_2 Pin=Nano_1-21
Added Pin To Net: NetName=NetLDR_2_2_2 Pin=R20-1
Added Net: Name=NetLDR_2_2_2
Added Pin To Net: NetName=NetLDR_2_2_4 Pin=LDR_2_2-4
Added Pin To Net: NetName=NetLDR_2_2_4 Pin=Nano_1-20
Added Pin To Net: NetName=NetLDR_2_2_4 Pin=R19-1
Added Net: Name=NetLDR_2_2_4
Added Pin To Net: NetName=NetLDR_2_2_6 Pin=LDR_2_2-6
Added Pin To Net: NetName=NetLDR_2_2_6 Pin=Nano_1-19
Added Pin To Net: NetName=NetLDR_2_2_6 Pin=R18-1
Added Net: Name=NetLDR_2_2_6
Added Pin To Net: NetName=NetLDR_2_2_8 Pin=LDR_2_2-8
Added Pin To Net: NetName=NetLDR_2_2_8 Pin=Nano_1-18
Added Pin To Net: NetName=NetLDR_2_2_8 Pin=R17-1
Added Net: Name=NetLDR_2_2_8
Added Pin To Net: NetName=NetMatriz_1 Pin=Matriz-1
Added Pin To Net: NetName=NetMatriz_1 Pin=Nano_2-9
Added Net: Name=NetMatriz_1
Added Pin To Net: NetName=NetMatriz_2 Pin=Matriz-2
Added Pin To Net: NetName=NetMatriz_2 Pin=Nano_2-10
Added Net: Name=NetMatriz_2
Added Pin To Net: NetName=NetMatriz_3 Pin=Matriz-3
Added Pin To Net: NetName=NetMatriz_3 Pin=Nano_2-11
Added Net: Name=NetMatriz_3
Added Pin To Net: NetName=NetNano_1_10 Pin=Nano_1-10
Added Pin To Net: NetName=NetNano_1_10 Pin=TCS1-2
Added Pin To Net: NetName=NetNano_1_10 Pin=TCS2-2
Added Pin To Net: NetName=NetNano_1_10 Pin=TCS3-2
Added Pin To Net: NetName=NetNano_1_10 Pin=TCS4-2
Added Net: Name=NetNano_1_10
Added Pin To Net: NetName=NetNano_2_18 Pin=Nano_2-18
Added Pin To Net: NetName=NetNano_2_18 Pin=TCS3200-2
Added Net: Name=NetNano_2_18
Added Pin To Net: NetName=NetNano_2_19 Pin=Nano_2-19
Added Pin To Net: NetName=NetNano_2_19 Pin=TCS3200-7
Added Net: Name=NetNano_2_19
Added Pin To Net: NetName=NetNano_2_20 Pin=Nano_2-20
Added Pin To Net: NetName=NetNano_2_20 Pin=TCS3200-5
Added Net: Name=NetNano_2_20
Added Pin To Net: NetName=NetNano_2_21 Pin=Nano_2-21
Added Pin To Net: NetName=NetNano_2_21 Pin=TCS3200-3
Added Net: Name=NetNano_2_21
Added Pin To Net: NetName=NetNano_2_22 Pin=Nano_2-22
Added Pin To Net: NetName=NetNano_2_22 Pin=TCS3200-1
Added Net: Name=NetNano_2_22
Added Pin To Net: NetName=RST_D Pin=Driver 1-4
Added Pin To Net: NetName=RST_D Pin=Driver 2-4
Added Pin To Net: NetName=RST_D Pin=Nano_2-6
Added Net: Name=RST_D
Added Pin To Net: NetName=S0 Pin=Nano_1-9
Added Pin To Net: NetName=S0 Pin=TCS1-1
Added Pin To Net: NetName=S0 Pin=TCS2-1
Added Pin To Net: NetName=S0 Pin=TCS3-1
Added Pin To Net: NetName=S0 Pin=TCS4-1
Added Net: Name=S0
Added Pin To Net: NetName=S1 Pin=Nano_1-6
Added Pin To Net: NetName=S1 Pin=TCS1-3
Added Pin To Net: NetName=S1 Pin=TCS2-3
Added Pin To Net: NetName=S1 Pin=TCS3-3
Added Pin To Net: NetName=S1 Pin=TCS4-3
Added Net: Name=S1
Added Pin To Net: NetName=S3 Pin=Nano_1-4
Added Pin To Net: NetName=S3 Pin=TCS1-5
Added Pin To Net: NetName=S3 Pin=TCS2-5
Added Pin To Net: NetName=S3 Pin=TCS3-5
Added Pin To Net: NetName=S3 Pin=TCS4-5
Added Net: Name=S3
Added Pin To Net: NetName=SCK Pin=Central-2
Added Pin To Net: NetName=SCK Pin=Central_Principal1-6
Added Pin To Net: NetName=SCK Pin=Nano_1-15
Added Pin To Net: NetName=SCK Pin=Nano_2-15
Added Net: Name=SCK
Added Pin To Net: NetName=Servo1 Pin=Central_Principal1-4
Added Pin To Net: NetName=Servo1 Pin=K6-2
Added Net: Name=Servo1
Added Pin To Net: NetName=Servo2 Pin=Central_Principal1-3
Added Pin To Net: NetName=Servo2 Pin=K5-2
Added Net: Name=Servo2
Added Pin To Net: NetName=Servo3 Pin=Central_Principal1-2
Added Pin To Net: NetName=Servo3 Pin=K4-2
Added Net: Name=Servo3
Added Pin To Net: NetName=Servo4 Pin=Central_Principal1-1
Added Pin To Net: NetName=Servo4 Pin=K3-2
Added Net: Name=Servo4
Added Pin To Net: NetName=SLEEP Pin=Driver 1-5
Added Pin To Net: NetName=SLEEP Pin=Driver 2-5
Added Pin To Net: NetName=SLEEP Pin=Nano_2-23
Added Net: Name=SLEEP
Added Pin To Net: NetName=SS_D10 Pin=Central_Principal1-8
Added Pin To Net: NetName=SS_D10 Pin=Nano_1-12
Added Net: Name=SS_D10
Added Pin To Net: NetName=SS Pin=Central-4
Added Pin To Net: NetName=SS Pin=Nano_2-12
Added Net: Name=SS
Added Pin To Net: NetName=STP_M1 Pin=Driver 1-6
Added Pin To Net: NetName=STP_M1 Pin=Nano_2-5
Added Net: Name=STP_M1
Added Pin To Net: NetName=STP_M2 Pin=Driver 2-6
Added Pin To Net: NetName=STP_M2 Pin=Nano_2-25
Added Net: Name=STP_M2
Added Pin To Net: NetName=TCS_OUT_1 Pin=Nano_1-11
Added Pin To Net: NetName=TCS_OUT_1 Pin=TCS1-7
Added Net: Name=TCS_OUT_1
Added Pin To Net: NetName=TCS_OUT_2 Pin=Nano_1-8
Added Pin To Net: NetName=TCS_OUT_2 Pin=TCS2-7
Added Net: Name=TCS_OUT_2
Added Pin To Net: NetName=TCS_OUT_3 Pin=Nano_1-7
Added Pin To Net: NetName=TCS_OUT_3 Pin=TCS3-7
Added Net: Name=TCS_OUT_3
Added Pin To Net: NetName=TCS_OUT_4 Pin=Nano_1-5
Added Pin To Net: NetName=TCS_OUT_4 Pin=TCS4-7
Added Net: Name=TCS_OUT_4
Added Pin To Net: NetName=Vin Pin=C6-1
Added Pin To Net: NetName=Vin Pin=Driver 1-8
Added Pin To Net: NetName=Vin Pin=Driver 2-8
Added Pin To Net: NetName=Vin Pin=Eletroima1-2
Added Pin To Net: NetName=Vin Pin=Eletroima2-2
Added Pin To Net: NetName=Vin Pin=Eltroima1-1
Added Pin To Net: NetName=Vin Pin=Eltroima2-1
Added Pin To Net: NetName=Vin Pin=Jack mot-1
Added Pin To Net: NetName=Vin Pin=R1-2
Added Pin To Net: NetName=Vin Pin=R2-1
Added Net: Name=Vin
Added Class: Name=schBeagleBone
Added Class: Name=schChaves
Added Class: Name=schGarra
Added Class: Name=schSensorChassiNano
Added Room: Name=schBeagleBone
Added Room: Name=schChaves
Added Room: Name=schGarra
Added Room: Name=schSensorChassiNano
