Change Component Footprint: Designator=Eltroima1 Old Footprint=3-vias New Footprint=E3
Change Component Footprint: Designator=Eltroima2 Old Footprint=3-vias New Footprint=E3
Change Component Footprint: Designator=Matriz Old Footprint=JTS-XH (5T) New Footprint=A4988
Added Component: Designator=C1(RAD-0.3)
Add component. Clean all parameters for all variants
Add component (AddParameter): Name = "LatestRevisionDate"; Value = "17-Jul-2002"; VariantName = "[No Variations]"
Add component (AddParameter): Name = "LatestRevisionNote"; Value = "Re-released for DXP Platform."; VariantName = "[No Variations]"
Add component (AddParameter): Name = "PackageDescription"; Value = "Radial Cap, Thru-Hole; 2 Leads; 0.3 in Pin Spacing"; VariantName = "[No Variations]"
Add component (AddParameter): Name = "PackageReference"; Value = "RAD-0.3"; VariantName = "[No Variations]"
Add component (AddParameter): Name = "Published"; Value = "8-Jun-2000"; VariantName = "[No Variations]"
Add component (AddParameter): Name = "Publisher"; Value = "Altium Limited"; VariantName = "[No Variations]"
Add component (AddParameter): Name = "Value"; Value = "100pF"; VariantName = "[No Variations]"
Added Component: Designator=C2(RAD-0.3)
Add component. Clean all parameters for all variants
Add component (AddParameter): Name = "LatestRevisionDate"; Value = "17-Jul-2002"; VariantName = "[No Variations]"
Add component (AddParameter): Name = "LatestRevisionNote"; Value = "Re-released for DXP Platform."; VariantName = "[No Variations]"
Add component (AddParameter): Name = "PackageDescription"; Value = "Radial Cap, Thru-Hole; 2 Leads; 0.3 in Pin Spacing"; VariantName = "[No Variations]"
Add component (AddParameter): Name = "PackageReference"; Value = "RAD-0.3"; VariantName = "[No Variations]"
Add component (AddParameter): Name = "Published"; Value = "8-Jun-2000"; VariantName = "[No Variations]"
Add component (AddParameter): Name = "Publisher"; Value = "Altium Limited"; VariantName = "[No Variations]"
Add component (AddParameter): Name = "Value"; Value = "100pF"; VariantName = "[No Variations]"
Added Component: Designator=C3(RAD-0.3)
Add component. Clean all parameters for all variants
Add component (AddParameter): Name = "LatestRevisionDate"; Value = "17-Jul-2002"; VariantName = "[No Variations]"
Add component (AddParameter): Name = "LatestRevisionNote"; Value = "Re-released for DXP Platform."; VariantName = "[No Variations]"
Add component (AddParameter): Name = "PackageDescription"; Value = "Radial Cap, Thru-Hole; 2 Leads; 0.3 in Pin Spacing"; VariantName = "[No Variations]"
Add component (AddParameter): Name = "PackageReference"; Value = "RAD-0.3"; VariantName = "[No Variations]"
Add component (AddParameter): Name = "Published"; Value = "8-Jun-2000"; VariantName = "[No Variations]"
Add component (AddParameter): Name = "Publisher"; Value = "Altium Limited"; VariantName = "[No Variations]"
Add component (AddParameter): Name = "Value"; Value = "100pF"; VariantName = "[No Variations]"
Added Component: Designator=C4(RAD-0.3)
Add component. Clean all parameters for all variants
Add component (AddParameter): Name = "LatestRevisionDate"; Value = "17-Jul-2002"; VariantName = "[No Variations]"
Add component (AddParameter): Name = "LatestRevisionNote"; Value = "Re-released for DXP Platform."; VariantName = "[No Variations]"
Add component (AddParameter): Name = "PackageDescription"; Value = "Radial Cap, Thru-Hole; 2 Leads; 0.3 in Pin Spacing"; VariantName = "[No Variations]"
Add component (AddParameter): Name = "PackageReference"; Value = "RAD-0.3"; VariantName = "[No Variations]"
Add component (AddParameter): Name = "Published"; Value = "8-Jun-2000"; VariantName = "[No Variations]"
Add component (AddParameter): Name = "Publisher"; Value = "Altium Limited"; VariantName = "[No Variations]"
Add component (AddParameter): Name = "Value"; Value = "100pF"; VariantName = "[No Variations]"
Added Component: Designator=Central_Principal1(RJ45_Simples)
Add component. Clean all parameters for all variants
Added Component: Designator=Encoder_4(4-vias)
Add component. Clean all parameters for all variants
Add component (AddParameter): Name = "ComponentLink1Description"; Value = "Fabricante"; VariantName = "[No Variations]"
Add component (AddParameter): Name = "ComponentLink1URL"; Value = "https://www.molex.com/molex/products/family?key=kk_254_rpc_connector_system&channel=products&chanName=family&pageTitle=Introduction&parentKey=kk_interconnect_solutions"; VariantName = "[No Variations]"
Added Component: Designator=Encoder_5(4-vias)
Add component. Clean all parameters for all variants
Add component (AddParameter): Name = "ComponentLink1Description"; Value = "Fabricante"; VariantName = "[No Variations]"
Add component (AddParameter): Name = "ComponentLink1URL"; Value = "https://www.molex.com/molex/products/family?key=kk_254_rpc_connector_system&channel=products&chanName=family&pageTitle=Introduction&parentKey=kk_interconnect_solutions"; VariantName = "[No Variations]"
Added Component: Designator=Encoder_6(4-vias)
Add component. Clean all parameters for all variants
Add component (AddParameter): Name = "ComponentLink1Description"; Value = "Fabricante"; VariantName = "[No Variations]"
Add component (AddParameter): Name = "ComponentLink1URL"; Value = "https://www.molex.com/molex/products/family?key=kk_254_rpc_connector_system&channel=products&chanName=family&pageTitle=Introduction&parentKey=kk_interconnect_solutions"; VariantName = "[No Variations]"
Added Component: Designator=K1(4-vias)
Add component. Clean all parameters for all variants
Add component (AddParameter): Name = "ComponentLink1Description"; Value = "Fabricante"; VariantName = "[No Variations]"
Add component (AddParameter): Name = "ComponentLink1URL"; Value = "https://www.molex.com/molex/products/family?key=kk_254_rpc_connector_system&channel=products&chanName=family&pageTitle=Introduction&parentKey=kk_interconnect_solutions"; VariantName = "[No Variations]"
Added Component: Designator=K2(3-vias)
Add component. Clean all parameters for all variants
Added Component: Designator=K3(3-vias)
Add component. Clean all parameters for all variants
Added Component: Designator=K4(3-vias)
Add component. Clean all parameters for all variants
Added Component: Designator=K5(3-vias)
Add component. Clean all parameters for all variants
Added Component: Designator=K6(3-vias)
Add component. Clean all parameters for all variants
Added Component: Designator=K7(3-vias)
Add component. Clean all parameters for all variants
Added Component: Designator=LDR_1_2(RJ45_Simples)
Add component. Clean all parameters for all variants
Added Component: Designator=LDR_2_2(RJ45_Simples)
Add component. Clean all parameters for all variants
Added Component: Designator=Nano_1(Arduino_Nano)
Add component. Clean all parameters for all variants
Added Component: Designator=R17(AXIAL-0.4)
Add component. Clean all parameters for all variants
Add component (AddParameter): Name = "LatestRevisionDate"; Value = "17-Jul-2002"; VariantName = "[No Variations]"
Add component (AddParameter): Name = "LatestRevisionNote"; Value = "Re-released for DXP Platform."; VariantName = "[No Variations]"
Add component (AddParameter): Name = "PackageDescription"; Value = "Axial Device, Thru-Hole; 2 Leads; 0.4 in Pin Spacing"; VariantName = "[No Variations]"
Add component (AddParameter): Name = "PackageReference"; Value = "AXIAL-0.4"; VariantName = "[No Variations]"
Add component (AddParameter): Name = "Published"; Value = "8-Jun-2000"; VariantName = "[No Variations]"
Add component (AddParameter): Name = "Publisher"; Value = "Altium Limited"; VariantName = "[No Variations]"
Add component (AddParameter): Name = "Value"; Value = "1K"; VariantName = "[No Variations]"
Added Component: Designator=R18(AXIAL-0.4)
Add component. Clean all parameters for all variants
Add component (AddParameter): Name = "LatestRevisionDate"; Value = "17-Jul-2002"; VariantName = "[No Variations]"
Add component (AddParameter): Name = "LatestRevisionNote"; Value = "Re-released for DXP Platform."; VariantName = "[No Variations]"
Add component (AddParameter): Name = "PackageDescription"; Value = "Axial Device, Thru-Hole; 2 Leads; 0.4 in Pin Spacing"; VariantName = "[No Variations]"
Add component (AddParameter): Name = "PackageReference"; Value = "AXIAL-0.4"; VariantName = "[No Variations]"
Add component (AddParameter): Name = "Published"; Value = "8-Jun-2000"; VariantName = "[No Variations]"
Add component (AddParameter): Name = "Publisher"; Value = "Altium Limited"; VariantName = "[No Variations]"
Add component (AddParameter): Name = "Value"; Value = "1K"; VariantName = "[No Variations]"
Added Component: Designator=R19(AXIAL-0.4)
Add component. Clean all parameters for all variants
Add component (AddParameter): Name = "LatestRevisionDate"; Value = "17-Jul-2002"; VariantName = "[No Variations]"
Add component (AddParameter): Name = "LatestRevisionNote"; Value = "Re-released for DXP Platform."; VariantName = "[No Variations]"
Add component (AddParameter): Name = "PackageDescription"; Value = "Axial Device, Thru-Hole; 2 Leads; 0.4 in Pin Spacing"; VariantName = "[No Variations]"
Add component (AddParameter): Name = "PackageReference"; Value = "AXIAL-0.4"; VariantName = "[No Variations]"
Add component (AddParameter): Name = "Published"; Value = "8-Jun-2000"; VariantName = "[No Variations]"
Add component (AddParameter): Name = "Publisher"; Value = "Altium Limited"; VariantName = "[No Variations]"
Add component (AddParameter): Name = "Value"; Value = "1K"; VariantName = "[No Variations]"
Added Component: Designator=R20(AXIAL-0.4)
Add component. Clean all parameters for all variants
Add component (AddParameter): Name = "LatestRevisionDate"; Value = "17-Jul-2002"; VariantName = "[No Variations]"
Add component (AddParameter): Name = "LatestRevisionNote"; Value = "Re-released for DXP Platform."; VariantName = "[No Variations]"
Add component (AddParameter): Name = "PackageDescription"; Value = "Axial Device, Thru-Hole; 2 Leads; 0.4 in Pin Spacing"; VariantName = "[No Variations]"
Add component (AddParameter): Name = "PackageReference"; Value = "AXIAL-0.4"; VariantName = "[No Variations]"
Add component (AddParameter): Name = "Published"; Value = "8-Jun-2000"; VariantName = "[No Variations]"
Add component (AddParameter): Name = "Publisher"; Value = "Altium Limited"; VariantName = "[No Variations]"
Add component (AddParameter): Name = "Value"; Value = "1K"; VariantName = "[No Variations]"
Added Component: Designator=R21(AXIAL-0.4)
Add component. Clean all parameters for all variants
Add component (AddParameter): Name = "LatestRevisionDate"; Value = "17-Jul-2002"; VariantName = "[No Variations]"
Add component (AddParameter): Name = "LatestRevisionNote"; Value = "Re-released for DXP Platform."; VariantName = "[No Variations]"
Add component (AddParameter): Name = "PackageDescription"; Value = "Axial Device, Thru-Hole; 2 Leads; 0.4 in Pin Spacing"; VariantName = "[No Variations]"
Add component (AddParameter): Name = "PackageReference"; Value = "AXIAL-0.4"; VariantName = "[No Variations]"
Add component (AddParameter): Name = "Published"; Value = "8-Jun-2000"; VariantName = "[No Variations]"
Add component (AddParameter): Name = "Publisher"; Value = "Altium Limited"; VariantName = "[No Variations]"
Add component (AddParameter): Name = "Value"; Value = "1K"; VariantName = "[No Variations]"
Added Component: Designator=R22(AXIAL-0.4)
Add component. Clean all parameters for all variants
Add component (AddParameter): Name = "LatestRevisionDate"; Value = "17-Jul-2002"; VariantName = "[No Variations]"
Add component (AddParameter): Name = "LatestRevisionNote"; Value = "Re-released for DXP Platform."; VariantName = "[No Variations]"
Add component (AddParameter): Name = "PackageDescription"; Value = "Axial Device, Thru-Hole; 2 Leads; 0.4 in Pin Spacing"; VariantName = "[No Variations]"
Add component (AddParameter): Name = "PackageReference"; Value = "AXIAL-0.4"; VariantName = "[No Variations]"
Add component (AddParameter): Name = "Published"; Value = "8-Jun-2000"; VariantName = "[No Variations]"
Add component (AddParameter): Name = "Publisher"; Value = "Altium Limited"; VariantName = "[No Variations]"
Add component (AddParameter): Name = "Value"; Value = "1K"; VariantName = "[No Variations]"
Added Component: Designator=R23(AXIAL-0.4)
Add component. Clean all parameters for all variants
Add component (AddParameter): Name = "LatestRevisionDate"; Value = "17-Jul-2002"; VariantName = "[No Variations]"
Add component (AddParameter): Name = "LatestRevisionNote"; Value = "Re-released for DXP Platform."; VariantName = "[No Variations]"
Add component (AddParameter): Name = "PackageDescription"; Value = "Axial Device, Thru-Hole; 2 Leads; 0.4 in Pin Spacing"; VariantName = "[No Variations]"
Add component (AddParameter): Name = "PackageReference"; Value = "AXIAL-0.4"; VariantName = "[No Variations]"
Add component (AddParameter): Name = "Published"; Value = "8-Jun-2000"; VariantName = "[No Variations]"
Add component (AddParameter): Name = "Publisher"; Value = "Altium Limited"; VariantName = "[No Variations]"
Add component (AddParameter): Name = "Value"; Value = "1K"; VariantName = "[No Variations]"
Added Component: Designator=R24(AXIAL-0.4)
Add component. Clean all parameters for all variants
Add component (AddParameter): Name = "LatestRevisionDate"; Value = "17-Jul-2002"; VariantName = "[No Variations]"
Add component (AddParameter): Name = "LatestRevisionNote"; Value = "Re-released for DXP Platform."; VariantName = "[No Variations]"
Add component (AddParameter): Name = "PackageDescription"; Value = "Axial Device, Thru-Hole; 2 Leads; 0.4 in Pin Spacing"; VariantName = "[No Variations]"
Add component (AddParameter): Name = "PackageReference"; Value = "AXIAL-0.4"; VariantName = "[No Variations]"
Add component (AddParameter): Name = "Published"; Value = "8-Jun-2000"; VariantName = "[No Variations]"
Add component (AddParameter): Name = "Publisher"; Value = "Altium Limited"; VariantName = "[No Variations]"
Add component (AddParameter): Name = "Value"; Value = "1K"; VariantName = "[No Variations]"
Added Component: Designator=RJ1(RJ45_90)
Add component. Clean all parameters for all variants
Added Component: Designator=RJ2(RJ45_Simples)
Add component. Clean all parameters for all variants
Added Component: Designator=RJ3(RJ45_Simples)
Add component. Clean all parameters for all variants
Added Component: Designator=RJ4(RJ45_90)
Add component. Clean all parameters for all variants
Added Component: Designator=RJ5(RJ45_Simples)
Add component. Clean all parameters for all variants
Added Component: Designator=TCS1(RJ45_Simples)
Add component. Clean all parameters for all variants
Added Component: Designator=TCS2(RJ45_Simples)
Add component. Clean all parameters for all variants
Added Component: Designator=TCS3(RJ45_Simples)
Add component. Clean all parameters for all variants
Added Component: Designator=TCS4(RJ45_Simples)
Add component. Clean all parameters for all variants
Added Pin To Net: NetName=3VCC Pin=C1-1
Added Pin To Net: NetName=GND Pin=C1-2
Added Pin To Net: NetName=GND Pin=C2-1
Added Pin To Net: NetName=5VCC Pin=C2-2
Added Pin To Net: NetName=GND Pin=C3-1
Added Pin To Net: NetName=NetC3_2 Pin=C3-2
Added Pin To Net: NetName=NetC4_1 Pin=C4-1
Added Pin To Net: NetName=GND Pin=C4-2
Added Pin To Net: NetName=Servo4 Pin=Central_Principal1-1
Added Pin To Net: NetName=Servo3 Pin=Central_Principal1-2
Added Pin To Net: NetName=Servo2 Pin=Central_Principal1-3
Added Pin To Net: NetName=Servo1 Pin=Central_Principal1-4
Added Pin To Net: NetName=MISO_D12 Pin=Central_Principal1-5
Added Pin To Net: NetName=SCK Pin=Central_Principal1-6
Added Pin To Net: NetName=MOSI_D11 Pin=Central_Principal1-7
Added Pin To Net: NetName=SS_D10 Pin=Central_Principal1-8
Added Pin To Net: NetName=3VCC Pin=Encoder_4-1
Added Pin To Net: NetName=ChA_2 Pin=Encoder_4-2
Added Pin To Net: NetName=ChB_2 Pin=Encoder_4-3
Added Pin To Net: NetName=GND Pin=Encoder_4-4
Added Pin To Net: NetName=3VCC Pin=Encoder_5-1
Added Pin To Net: NetName=ChA_3 Pin=Encoder_5-2
Added Pin To Net: NetName=ChB_3 Pin=Encoder_5-3
Added Pin To Net: NetName=GND Pin=Encoder_5-4
Added Pin To Net: NetName=3VCC Pin=Encoder_6-1
Added Pin To Net: NetName=NetEncoder_6_2 Pin=Encoder_6-2
Added Pin To Net: NetName=NetEncoder_6_3 Pin=Encoder_6-3
Added Pin To Net: NetName=GND Pin=Encoder_6-4
Added Pin To Net: NetName=3VCC Pin=K1-1
Added Pin To Net: NetName=ChA_1 Pin=K1-2
Added Pin To Net: NetName=ChB_1 Pin=K1-3
Added Pin To Net: NetName=GND Pin=K1-4
Added Pin To Net: NetName=GND Pin=K2-1
Added Pin To Net: NetName=5VCC Pin=K2-2
Added Pin To Net: NetName=3VCC Pin=K2-3
Added Pin To Net: NetName=GND Pin=K3-1
Added Pin To Net: NetName=Servo4 Pin=K3-2
Added Pin To Net: NetName=5VCC Pin=K3-3
Added Pin To Net: NetName=GND Pin=K4-1
Added Pin To Net: NetName=Servo3 Pin=K4-2
Added Pin To Net: NetName=5VCC Pin=K4-3
Added Pin To Net: NetName=GND Pin=K5-1
Added Pin To Net: NetName=Servo2 Pin=K5-2
Added Pin To Net: NetName=5VCC Pin=K5-3
Added Pin To Net: NetName=GND Pin=K6-1
Added Pin To Net: NetName=Servo1 Pin=K6-2
Added Pin To Net: NetName=5VCC Pin=K6-3
Added Pin To Net: NetName=NetC4_1 Pin=K7-1
Added Pin To Net: NetName=GND Pin=K7-2
Added Pin To Net: NetName=NetC3_2 Pin=K7-3
Added Pin To Net: NetName=NetLDR_1_2_1 Pin=LDR_1_2-1
Added Pin To Net: NetName=GND Pin=LDR_1_2-2
Added Pin To Net: NetName=NetLDR_1_2_3 Pin=LDR_1_2-3
Added Pin To Net: NetName=GND Pin=LDR_1_2-4
Added Pin To Net: NetName=NetLDR_1_2_5 Pin=LDR_1_2-5
Added Pin To Net: NetName=GND Pin=LDR_1_2-6
Added Pin To Net: NetName=NetLDR_1_2_7 Pin=LDR_1_2-7
Added Pin To Net: NetName=GND Pin=LDR_1_2-8
Added Pin To Net: NetName=GND Pin=LDR_2_2-1
Added Pin To Net: NetName=NetLDR_2_2_2 Pin=LDR_2_2-2
Added Pin To Net: NetName=GND Pin=LDR_2_2-3
Added Pin To Net: NetName=NetLDR_2_2_4 Pin=LDR_2_2-4
Added Pin To Net: NetName=GND Pin=LDR_2_2-5
Added Pin To Net: NetName=NetLDR_2_2_6 Pin=LDR_2_2-6
Added Pin To Net: NetName=GND Pin=LDR_2_2-7
Added Pin To Net: NetName=NetLDR_2_2_8 Pin=LDR_2_2-8
Added Pin To Net: NetName=S3 Pin=Nano_1-4
Added Pin To Net: NetName=TCS_OUT_4 Pin=Nano_1-5
Added Pin To Net: NetName=S1 Pin=Nano_1-6
Added Pin To Net: NetName=TCS_OUT_3 Pin=Nano_1-7
Added Pin To Net: NetName=TCS_OUT_2 Pin=Nano_1-8
Added Pin To Net: NetName=S0 Pin=Nano_1-9
Added Pin To Net: NetName=NetNano_1_10 Pin=Nano_1-10
Added Pin To Net: NetName=TCS_OUT_1 Pin=Nano_1-11
Added Pin To Net: NetName=SS_D10 Pin=Nano_1-12
Added Pin To Net: NetName=MOSI_D11 Pin=Nano_1-13
Added Pin To Net: NetName=MISO_D12 Pin=Nano_1-14
Added Pin To Net: NetName=SCK Pin=Nano_1-15
Added Pin To Net: NetName=NetLDR_2_2_8 Pin=Nano_1-18
Added Pin To Net: NetName=NetLDR_2_2_6 Pin=Nano_1-19
Added Pin To Net: NetName=NetLDR_2_2_4 Pin=Nano_1-20
Added Pin To Net: NetName=NetLDR_2_2_2 Pin=Nano_1-21
Added Pin To Net: NetName=NetLDR_1_2_7 Pin=Nano_1-22
Added Pin To Net: NetName=NetLDR_1_2_5 Pin=Nano_1-23
Added Pin To Net: NetName=NetLDR_1_2_3 Pin=Nano_1-24
Added Pin To Net: NetName=NetLDR_1_2_1 Pin=Nano_1-25
Added Pin To Net: NetName=GND Pin=Nano_1-28
Added Pin To Net: NetName=5VCC Pin=Nano_1-29
Added Pin To Net: NetName=NetLDR_2_2_8 Pin=R17-1
Added Pin To Net: NetName=5VCC Pin=R17-2
Added Pin To Net: NetName=NetLDR_2_2_6 Pin=R18-1
Added Pin To Net: NetName=5VCC Pin=R18-2
Added Pin To Net: NetName=NetLDR_2_2_4 Pin=R19-1
Added Pin To Net: NetName=5VCC Pin=R19-2
Added Pin To Net: NetName=NetLDR_2_2_2 Pin=R20-1
Added Pin To Net: NetName=5VCC Pin=R20-2
Added Pin To Net: NetName=NetLDR_1_2_1 Pin=R21-1
Added Pin To Net: NetName=5VCC Pin=R21-2
Added Pin To Net: NetName=NetLDR_1_2_3 Pin=R22-1
Added Pin To Net: NetName=5VCC Pin=R22-2
Added Pin To Net: NetName=NetLDR_1_2_5 Pin=R23-1
Added Pin To Net: NetName=5VCC Pin=R23-2
Added Pin To Net: NetName=NetLDR_1_2_7 Pin=R24-1
Added Pin To Net: NetName=5VCC Pin=R24-2
Added Pin To Net: NetName=ChA_1 Pin=RJ2-1
Added Pin To Net: NetName=NetEncoder_6_3 Pin=RJ2-2
Added Pin To Net: NetName=ChB_1 Pin=RJ2-3
Added Pin To Net: NetName=NetEncoder_6_2 Pin=RJ2-4
Added Pin To Net: NetName=ChA_2 Pin=RJ2-5
Added Pin To Net: NetName=ChB_3 Pin=RJ2-6
Added Pin To Net: NetName=ChB_2 Pin=RJ2-7
Added Pin To Net: NetName=ChA_3 Pin=RJ2-8
Added Pin To Net: NetName=S0 Pin=TCS1-1
Added Pin To Net: NetName=NetNano_1_10 Pin=TCS1-2
Added Pin To Net: NetName=S1 Pin=TCS1-3
Added Pin To Net: NetName=GND Pin=TCS1-4
Added Pin To Net: NetName=S3 Pin=TCS1-5
Added Pin To Net: NetName=GND Pin=TCS1-6
Added Pin To Net: NetName=TCS_OUT_1 Pin=TCS1-7
Added Pin To Net: NetName=5VCC Pin=TCS1-8
Added Pin To Net: NetName=S0 Pin=TCS2-1
Added Pin To Net: NetName=NetNano_1_10 Pin=TCS2-2
Added Pin To Net: NetName=S1 Pin=TCS2-3
Added Pin To Net: NetName=GND Pin=TCS2-4
Added Pin To Net: NetName=S3 Pin=TCS2-5
Added Pin To Net: NetName=GND Pin=TCS2-6
Added Pin To Net: NetName=TCS_OUT_2 Pin=TCS2-7
Added Pin To Net: NetName=5VCC Pin=TCS2-8
Added Pin To Net: NetName=S0 Pin=TCS3-1
Added Pin To Net: NetName=NetNano_1_10 Pin=TCS3-2
Added Pin To Net: NetName=S1 Pin=TCS3-3
Added Pin To Net: NetName=GND Pin=TCS3-4
Added Pin To Net: NetName=S3 Pin=TCS3-5
Added Pin To Net: NetName=GND Pin=TCS3-6
Added Pin To Net: NetName=TCS_OUT_3 Pin=TCS3-7
Added Pin To Net: NetName=5VCC Pin=TCS3-8
Added Pin To Net: NetName=S0 Pin=TCS4-1
Added Pin To Net: NetName=NetNano_1_10 Pin=TCS4-2
Added Pin To Net: NetName=S1 Pin=TCS4-3
Added Pin To Net: NetName=GND Pin=TCS4-4
Added Pin To Net: NetName=S3 Pin=TCS4-5
Added Pin To Net: NetName=GND Pin=TCS4-6
Added Pin To Net: NetName=TCS_OUT_4 Pin=TCS4-7
Added Pin To Net: NetName=5VCC Pin=TCS4-8
Added Member To Class: ClassName=schSensorChassiNano Member=Component C1 Cap
Added Member To Class: ClassName=schSensorChassiNano Member=Component C2 Cap
Added Member To Class: ClassName=schBeagleBone Member=Component C3 Cap
Added Member To Class: ClassName=schBeagleBone Member=Component C4 Cap
Added Member To Class: ClassName=schSensorChassiNano Member=Component Central_Principal1 RJ45
Added Member To Class: ClassName=schSensorChassiNano Member=Component Encoder_4 KK4
Added Member To Class: ClassName=schSensorChassiNano Member=Component Encoder_5 KK4
Added Member To Class: ClassName=schSensorChassiNano Member=Component Encoder_6 KK4
Added Member To Class: ClassName=schSensorChassiNano Member=Component K1 KK4
Added Member To Class: ClassName=schSensorChassiNano Member=Component K2 KK3
Added Member To Class: ClassName=schSensorChassiNano Member=Component K3 KK3
Added Member To Class: ClassName=schSensorChassiNano Member=Component K4 KK3
Added Member To Class: ClassName=schSensorChassiNano Member=Component K5 KK3
Added Member To Class: ClassName=schSensorChassiNano Member=Component K6 KK3
Added Member To Class: ClassName=schBeagleBone Member=Component K7 KK3
Added Member To Class: ClassName=schSensorChassiNano Member=Component LDR_1_2 RJ45
Added Member To Class: ClassName=schSensorChassiNano Member=Component LDR_2_2 RJ45
Added Member To Class: ClassName=schSensorChassiNano Member=Component Nano_1 Nano
Added Member To Class: ClassName=schSensorChassiNano Member=Component R17 Res2
Added Member To Class: ClassName=schSensorChassiNano Member=Component R18 Res2
Added Member To Class: ClassName=schSensorChassiNano Member=Component R19 Res2
Added Member To Class: ClassName=schSensorChassiNano Member=Component R20 Res2
Added Member To Class: ClassName=schSensorChassiNano Member=Component R21 Res2
Added Member To Class: ClassName=schSensorChassiNano Member=Component R22 Res2
Added Member To Class: ClassName=schSensorChassiNano Member=Component R23 Res2
Added Member To Class: ClassName=schSensorChassiNano Member=Component R24 Res2
Added Member To Class: ClassName=schBeagleBone Member=Component RJ1 RJ45
Added Member To Class: ClassName=schSensorChassiNano Member=Component RJ2 RJ45
Added Member To Class: ClassName=schBeagleBone Member=Component RJ3 RJ45
Added Member To Class: ClassName=schBeagleBone Member=Component RJ4 RJ45
Added Member To Class: ClassName=schBeagleBone Member=Component RJ5 RJ45
Added Member To Class: ClassName=schSensorChassiNano Member=Component TCS1 RJ45
Added Member To Class: ClassName=schSensorChassiNano Member=Component TCS2 RJ45
Added Member To Class: ClassName=schSensorChassiNano Member=Component TCS3 RJ45
Added Member To Class: ClassName=schSensorChassiNano Member=Component TCS4 RJ45
Added Room: Name=schBeagleBone
Added Room: Name=schGarra
Added Room: Name=schSensorChassiNano
