Change Component Footprint: Designator=Central_Principal Old Footprint=RJ45_Simples New Footprint=RJ45_90
Change Component Footprint: Designator=RJ2 Old Footprint=RJ45_Simples New Footprint=RJ45_90
Change Component Footprint: Designator=TCS2 Old Footprint=RJ45_Simples New Footprint=RJ45_90
Change Component Footprint: Designator=TCS3 Old Footprint=RJ45_Simples New Footprint=RJ45_90
Change Component Footprint: Designator=TCS4 Old Footprint=RJ45_Simples New Footprint=RJ45_90
Change Component Comment : Designator=Encoder_6 Old Comment=KK4 New Comment=Encoder1
Change Component Comment : Designator=Encoder_5 Old Comment=KK4 New Comment=Encoder_2
Change Component Comment : Designator=Encoder_4 Old Comment=KK4 New Comment=Encoder_3
Change Component Comment : Designator=K1 Old Comment=KK4 New Comment=Encoder_4
Added Component: Designator=C1(RAD-0.3)
Add component. Clean all parameters for all variants
Add component (AddParameter): Name = "LatestRevisionDate"; Value = "17-Jul-2002"; VariantName = "[No Variations]"
Add component (AddParameter): Name = "LatestRevisionNote"; Value = "Re-released for DXP Platform."; VariantName = "[No Variations]"
Add component (AddParameter): Name = "PackageDescription"; Value = "Radial Cap, Thru-Hole; 2 Leads; 0.3 in Pin Spacing"; VariantName = "[No Variations]"
Add component (AddParameter): Name = "PackageReference"; Value = "RAD-0.3"; VariantName = "[No Variations]"
Add component (AddParameter): Name = "Published"; Value = "8-Jun-2000"; VariantName = "[No Variations]"
Add component (AddParameter): Name = "Publisher"; Value = "Altium Limited"; VariantName = "[No Variations]"
Add component (AddParameter): Name = "Value"; Value = "100pF"; VariantName = "[No Variations]"
Added Component: Designator=C2(RAD-0.3)
Add component. Clean all parameters for all variants
Add component (AddParameter): Name = "LatestRevisionDate"; Value = "17-Jul-2002"; VariantName = "[No Variations]"
Add component (AddParameter): Name = "LatestRevisionNote"; Value = "Re-released for DXP Platform."; VariantName = "[No Variations]"
Add component (AddParameter): Name = "PackageDescription"; Value = "Radial Cap, Thru-Hole; 2 Leads; 0.3 in Pin Spacing"; VariantName = "[No Variations]"
Add component (AddParameter): Name = "PackageReference"; Value = "RAD-0.3"; VariantName = "[No Variations]"
Add component (AddParameter): Name = "Published"; Value = "8-Jun-2000"; VariantName = "[No Variations]"
Add component (AddParameter): Name = "Publisher"; Value = "Altium Limited"; VariantName = "[No Variations]"
Add component (AddParameter): Name = "Value"; Value = "100pF"; VariantName = "[No Variations]"
Added Component: Designator=K3(3-vias)
Add component. Clean all parameters for all variants
Added Component: Designator=K4(3-vias)
Add component. Clean all parameters for all variants
Added Pin To Net: NetName=3VCC Pin=C1-1
Added Pin To Net: NetName=GND Pin=C1-2
Added Pin To Net: NetName=5VCC Pin=C2-1
Added Pin To Net: NetName=GND Pin=C2-2
Added Pin To Net: NetName=NetK3_1 Pin=K3-1
Added Pin To Net: NetName=NetK3_1 Pin=K4-1
Added Net: Name=NetK3_1
Added Pin To Net: NetName=NetK3_2 Pin=K3-2
Added Pin To Net: NetName=NetK3_2 Pin=K4-2
Added Net: Name=NetK3_2
Added Pin To Net: NetName=NetK3_3 Pin=K3-3
Added Pin To Net: NetName=NetK3_3 Pin=K4-3
Added Net: Name=NetK3_3
Added Member To Class: ClassName=schSensorChassiNano Member=Component C1 Cap
Added Member To Class: ClassName=schSensorChassiNano Member=Component C2 Cap
Added Member To Class: ClassName=schSensorChassiNano Member=Component K3 KK3
Added Member To Class: ClassName=schSensorChassiNano Member=Component K4 KK3
