Change Component Designator: OldDesignator=LDR_1 NewDesignator=LDR_1_2
Change Component Designator: OldDesignator=LDR_2 NewDesignator=LDR_2_2
Change Component Designator: OldDesignator=LDR_3 NewDesignator=LDR_3_2
Added Component: Designator=TCS230_1(RJ45_90)
Add component. Clean all parameters for all variants
Added Component: Designator=TCS230_2(RJ45_90)
Add component. Clean all parameters for all variants
Added Component: Designator=TCS230_3(RJ45_Simples)
Add component. Clean all parameters for all variants
Added Pin To Net: NetName=5VCC Pin=TCS230_1-1
Added Pin To Net: NetName=NetCentral_1_6 Pin=TCS230_1-2
Added Pin To Net: NetName=NetCentral_1_5 Pin=TCS230_1-3
Added Pin To Net: NetName=NetCentral_1_7 Pin=TCS230_1-4
Added Pin To Net: NetName=NetCentral_1_1 Pin=TCS230_1-5
Added Pin To Net: NetName=NetCentral_1_8 Pin=TCS230_1-6
Added Pin To Net: NetName=NetCentral_1_4 Pin=TCS230_1-7
Added Pin To Net: NetName=3.3V Pin=TCS230_1-8
Added Pin To Net: NetName=5VCC Pin=TCS230_2-1
Added Pin To Net: NetName=NetCentral_1_6 Pin=TCS230_2-2
Added Pin To Net: NetName=NetCentral_1_5 Pin=TCS230_2-3
Added Pin To Net: NetName=NetCentral_1_7 Pin=TCS230_2-4
Added Pin To Net: NetName=NetCentral_1_1 Pin=TCS230_2-5
Added Pin To Net: NetName=NetCentral_1_8 Pin=TCS230_2-6
Added Pin To Net: NetName=NetCentral_1_3 Pin=TCS230_2-7
Added Pin To Net: NetName=3.3V Pin=TCS230_2-8
Added Pin To Net: NetName=5VCC Pin=TCS230_3-1
Added Pin To Net: NetName=NetCentral_1_6 Pin=TCS230_3-2
Added Pin To Net: NetName=NetCentral_1_5 Pin=TCS230_3-3
Added Pin To Net: NetName=NetCentral_1_7 Pin=TCS230_3-4
Added Pin To Net: NetName=NetCentral_1_1 Pin=TCS230_3-5
Added Pin To Net: NetName=NetCentral_1_8 Pin=TCS230_3-6
Added Pin To Net: NetName=NetCentral_1_2 Pin=TCS230_3-7
Added Pin To Net: NetName=3.3V Pin=TCS230_3-8
Change Net Name : Old Net Name=NetLDR_1_3 New Net Name=NetLDR_1_2_3
Change Net Name : Old Net Name=NetLDR_1_5 New Net Name=NetLDR_1_2_5
Change Net Name : Old Net Name=NetLDR_1_7 New Net Name=NetLDR_1_2_7
Change Net Name : Old Net Name=NetLDR_2_1 New Net Name=NetLDR_2_2_1
Change Net Name : Old Net Name=NetLDR_2_3 New Net Name=NetLDR_2_2_3
Change Net Name : Old Net Name=NetLDR_2_5 New Net Name=NetLDR_2_2_5
Change Net Name : Old Net Name=NetLDR_2_7 New Net Name=NetLDR_2_2_7
Change Net Name : Old Net Name=NetLDR_3_1 New Net Name=NetLDR_3_2_1
Change Net Name : Old Net Name=NetLDR_3_3 New Net Name=NetLDR_3_2_3
Change Net Name : Old Net Name=NetLDR_3_5 New Net Name=NetLDR_3_2_5
Change Net Name : Old Net Name=NetLDR_3_7 New Net Name=NetLDR_3_2_7
Added Member To Class: ClassName=schMapaSensorChassi Member=Component TCS230_1 RJ45
Added Member To Class: ClassName=schMapaSensorChassi Member=Component TCS230_2 RJ45
Added Member To Class: ClassName=schMapaSensorChassi Member=Component TCS230_3 RJ45
