Change Net Name : Old Net Name=NetEncoder_4_2 New Net Name=ChA_2
Change Net Name : Old Net Name=NetEncoder_4_3 New Net Name=ChB_2
Change Net Name : Old Net Name=NetEncoder_5_2 New Net Name=ChA_3
Change Net Name : Old Net Name=NetEncoder_5_3 New Net Name=ChB_3
Change Net Name : Old Net Name=NetEncoder_6_2 New Net Name=ChA_4
Change Net Name : Old Net Name=NetEncoder_6_3 New Net Name=ChB_4
Change Net Name : Old Net Name=NetK1_2 New Net Name=ChA_1
Change Net Name : Old Net Name=NetK1_3 New Net Name=ChB_1
Change Net Name : Old Net Name=NetLDR_2_2_1 New Net Name=LDR_5
Change Net Name : Old Net Name=NetLDR_2_2_3 New Net Name=LDR_6
Change Net Name : Old Net Name=NetLDR_2_2_5 New Net Name=LDR_7
Change Net Name : Old Net Name=NetLDR_2_2_7 New Net Name=LDR_8
Change Net Name : Old Net Name=NetNano_2_4 New Net Name=S3
Change Net Name : Old Net Name=NetNano_2_5 New Net Name=TCS_OUT_4
Change Net Name : Old Net Name=NetNano_2_6 New Net Name=S1
Change Net Name : Old Net Name=NetNano_2_7 New Net Name=TCS_OUT_3
Change Net Name : Old Net Name=NetNano_2_8 New Net Name=TCS_OUT_2
Change Net Name : Old Net Name=NetNano_2_9 New Net Name=S0
Change Net Name : Old Net Name=NetNano_2_10 New Net Name=S2
Change Net Name : Old Net Name=NetNano_2_22 New Net Name=OE
