Change Component Footprint: Designator=LDR_1_2 Old Footprint=RJ45_90 New Footprint=RJ45_Simples
Change Component Footprint: Designator=LDR_2_2 Old Footprint=RJ45_90 New Footprint=RJ45_Simples
Change Component Footprint: Designator=TCS1 Old Footprint=RJ45_90 New Footprint=RJ45_Simples
Change Component Footprint: Designator=TCS2 Old Footprint=RJ45_90 New Footprint=RJ45_Simples
Change Component Footprint: Designator=TCS3 Old Footprint=RJ45_90 New Footprint=RJ45_Simples
Change Component Footprint: Designator=TCS4 Old Footprint=RJ45_90 New Footprint=RJ45_Simples
Added Component: Designator=C?(RAD-0.3)
Add component. Clean all parameters for all variants
Add component (AddParameter): Name = "LatestRevisionDate"; Value = "17-Jul-2002"; VariantName = "[No Variations]"
Add component (AddParameter): Name = "LatestRevisionNote"; Value = "Re-released for DXP Platform."; VariantName = "[No Variations]"
Add component (AddParameter): Name = "PackageDescription"; Value = "Radial Cap, Thru-Hole; 2 Leads; 0.3 in Pin Spacing"; VariantName = "[No Variations]"
Add component (AddParameter): Name = "PackageReference"; Value = "RAD-0.3"; VariantName = "[No Variations]"
Add component (AddParameter): Name = "Published"; Value = "8-Jun-2000"; VariantName = "[No Variations]"
Add component (AddParameter): Name = "Publisher"; Value = "Altium Limited"; VariantName = "[No Variations]"
Add component (AddParameter): Name = "Value"; Value = "100pF"; VariantName = "[No Variations]"
Added Component: Designator=C?(RAD-0.3)
Add component. Clean all parameters for all variants
Add component (AddParameter): Name = "LatestRevisionDate"; Value = "17-Jul-2002"; VariantName = "[No Variations]"
Add component (AddParameter): Name = "LatestRevisionNote"; Value = "Re-released for DXP Platform."; VariantName = "[No Variations]"
Add component (AddParameter): Name = "PackageDescription"; Value = "Radial Cap, Thru-Hole; 2 Leads; 0.3 in Pin Spacing"; VariantName = "[No Variations]"
Add component (AddParameter): Name = "PackageReference"; Value = "RAD-0.3"; VariantName = "[No Variations]"
Add component (AddParameter): Name = "Published"; Value = "8-Jun-2000"; VariantName = "[No Variations]"
Add component (AddParameter): Name = "Publisher"; Value = "Altium Limited"; VariantName = "[No Variations]"
Add component (AddParameter): Name = "Value"; Value = "100pF"; VariantName = "[No Variations]"
Added Component: Designator=K?(3-vias)
Add component. Clean all parameters for all variants
Added Component: Designator=K?(3-vias)
Add component. Clean all parameters for all variants
Added Component: Designator=K?(3-vias)
Add component. Clean all parameters for all variants
Added Component: Designator=K?(3-vias)
Add component. Clean all parameters for all variants
Added Component: Designator=K?(3-vias)
Add component. Clean all parameters for all variants
Added Component: Designator=RJ?(RJ45_Simples)
Add component. Clean all parameters for all variants
Added Component: Designator=RJ?(RJ45_90)
Add component. Clean all parameters for all variants
Added Component: Designator=RJ?(RJ45_90)
Add component. Clean all parameters for all variants
Added Component: Designator=RJ?(RJ45_Simples)
Add component. Clean all parameters for all variants
Added Pin To Net: NetName=GND Pin=C?-1
Added Pin To Net: NetName=NetC?_1 Pin=C?-1
Added Pin To Net: NetName=GND Pin=C?-2
Added Pin To Net: NetName=NetC?_2 Pin=C?-2
Added Pin To Net: NetName=GND Pin=K?-1
Added Pin To Net: NetName=GND Pin=K?-1
Added Pin To Net: NetName=GND Pin=K?-1
Added Pin To Net: NetName=GND Pin=K?-1
Added Pin To Net: NetName=NetC?_1 Pin=K?-1
Added Pin To Net: NetName=GND Pin=K?-2
Added Pin To Net: NetName=5VCC Pin=K?-3
Added Pin To Net: NetName=5VCC Pin=K?-3
Added Pin To Net: NetName=5VCC Pin=K?-3
Added Pin To Net: NetName=5VCC Pin=K?-3
Added Pin To Net: NetName=NetC?_2 Pin=K?-3
Added Pin To Net: NetName=Servo1 Pin=Central_Principal1-4
Added Pin To Net: NetName=Servo1 Pin=K?-2
Added Net: Name=Servo1
Added Pin To Net: NetName=Servo2 Pin=Central_Principal1-3
Added Pin To Net: NetName=Servo2 Pin=K?-2
Added Net: Name=Servo2
Added Pin To Net: NetName=Servo3 Pin=Central_Principal1-2
Added Pin To Net: NetName=Servo3 Pin=K?-2
Added Net: Name=Servo3
Added Pin To Net: NetName=Servo4 Pin=Central_Principal1-1
Added Pin To Net: NetName=Servo4 Pin=K?-2
Added Net: Name=Servo4
Added Member To Class: ClassName=schBeagleBone Member=Component C? Cap
Added Member To Class: ClassName=schBeagleBone Member=Component C? Cap
Added Member To Class: ClassName=schBeagleBone Member=Component K? KK3
Added Member To Class: ClassName=schSensorChassiNano Member=Component K? KK3
Added Member To Class: ClassName=schSensorChassiNano Member=Component K? KK3
Added Member To Class: ClassName=schSensorChassiNano Member=Component K? KK3
Added Member To Class: ClassName=schSensorChassiNano Member=Component K? KK3
Added Member To Class: ClassName=schBeagleBone Member=Component RJ? RJ45
Added Member To Class: ClassName=schBeagleBone Member=Component RJ? RJ45
Added Member To Class: ClassName=schBeagleBone Member=Component RJ? RJ45
Added Member To Class: ClassName=schBeagleBone Member=Component RJ? RJ45
Added Room: Name=schBeagleBone
Added Room: Name=schSensorChassiNano
