Removed Pin From Net: NetName=S0 Pin=Nano_1-9
Removed Pin From Net: NetName=S0 Pin=TCS1-1
Removed Pin From Net: NetName=S0 Pin=TCS2-1
Removed Pin From Net: NetName=S0 Pin=TCS3-1
Removed Pin From Net: NetName=S0 Pin=TCS4-1
Added Component: Designator=C3(RAD-0.3)
Add component. Clean all parameters for all variants
Add component (AddParameter): Name = "LatestRevisionDate"; Value = "17-Jul-2002"; VariantName = "[No Variations]"
Add component (AddParameter): Name = "LatestRevisionNote"; Value = "Re-released for DXP Platform."; VariantName = "[No Variations]"
Add component (AddParameter): Name = "PackageDescription"; Value = "Radial Cap, Thru-Hole; 2 Leads; 0.3 in Pin Spacing"; VariantName = "[No Variations]"
Add component (AddParameter): Name = "PackageReference"; Value = "RAD-0.3"; VariantName = "[No Variations]"
Add component (AddParameter): Name = "Published"; Value = "8-Jun-2000"; VariantName = "[No Variations]"
Add component (AddParameter): Name = "Publisher"; Value = "Altium Limited"; VariantName = "[No Variations]"
Add component (AddParameter): Name = "Value"; Value = "100pF"; VariantName = "[No Variations]"
Added Component: Designator=C4(RAD-0.3)
Add component. Clean all parameters for all variants
Add component (AddParameter): Name = "LatestRevisionDate"; Value = "17-Jul-2002"; VariantName = "[No Variations]"
Add component (AddParameter): Name = "LatestRevisionNote"; Value = "Re-released for DXP Platform."; VariantName = "[No Variations]"
Add component (AddParameter): Name = "PackageDescription"; Value = "Radial Cap, Thru-Hole; 2 Leads; 0.3 in Pin Spacing"; VariantName = "[No Variations]"
Add component (AddParameter): Name = "PackageReference"; Value = "RAD-0.3"; VariantName = "[No Variations]"
Add component (AddParameter): Name = "Published"; Value = "8-Jun-2000"; VariantName = "[No Variations]"
Add component (AddParameter): Name = "Publisher"; Value = "Altium Limited"; VariantName = "[No Variations]"
Add component (AddParameter): Name = "Value"; Value = "100pF"; VariantName = "[No Variations]"
Added Component: Designator=K7(3-vias)
Add component. Clean all parameters for all variants
Added Component: Designator=RJ1(RJ45_90)
Add component. Clean all parameters for all variants
Added Component: Designator=RJ3(RJ45_Simples)
Add component. Clean all parameters for all variants
Added Component: Designator=RJ4(RJ45_90)
Add component. Clean all parameters for all variants
Added Component: Designator=RJ5(RJ45_Simples)
Add component. Clean all parameters for all variants
Added Pin To Net: NetName=GND Pin=C3-1
Added Pin To Net: NetName=NetC3_2 Pin=C3-2
Added Pin To Net: NetName=NetC4_1 Pin=C4-1
Added Pin To Net: NetName=GND Pin=C4-2
Added Pin To Net: NetName=NetC4_1 Pin=K7-1
Added Pin To Net: NetName=GND Pin=K7-2
Added Pin To Net: NetName=NetC3_2 Pin=K7-3
Added Pin To Net: NetName=NetNano_1_9 Pin=Nano_1-9
Added Pin To Net: NetName=NetNano_1_9 Pin=TCS1-1
Added Pin To Net: NetName=NetNano_1_9 Pin=TCS2-1
Added Pin To Net: NetName=NetNano_1_9 Pin=TCS3-1
Added Pin To Net: NetName=NetNano_1_9 Pin=TCS4-1
Added Net: Name=NetNano_1_9
Added Member To Class: ClassName=schBeagleBone Member=Component C3 Cap
Added Member To Class: ClassName=schBeagleBone Member=Component C4 Cap
Added Member To Class: ClassName=schBeagleBone Member=Component K7 KK3
Added Member To Class: ClassName=schBeagleBone Member=Component RJ1 RJ45
Added Member To Class: ClassName=schBeagleBone Member=Component RJ3 RJ45
Added Member To Class: ClassName=schBeagleBone Member=Component RJ4 RJ45
Added Member To Class: ClassName=schBeagleBone Member=Component RJ5 RJ45
Added Room: Name=schBeagleBone
Added Room: Name=schSensorChassiNano
