Change Component Footprint: Designator=Central_Principal Old Footprint=RJ45_90 New Footprint=RJ45_Simples
Change Component Footprint: Designator=RJ2 Old Footprint=RJ45_90 New Footprint=RJ45_Simples
Added Pin To Net: NetName=D12_MISO_Nano1 Pin=Central_Principal-1
Added Pin To Net: NetName=D11_MOSI_Nano1 Pin=Central_Principal-2
Added Pin To Net: NetName=SCK Pin=Central_Principal-4
Added Pin To Net: NetName=D12_MISO_Nano2 Pin=Central_Principal-5
Added Pin To Net: NetName=D11_MOSI_Nano2 Pin=Central_Principal-6
Added Pin To Net: NetName=D10_SS_Nano1 Pin=Central_Principal-7
Added Pin To Net: NetName=D10_SS_Nano2 Pin=Central_Principal-8
Added Pin To Net: NetName=NetLDR_1_2_1 Pin=LDR_1_2-1
Added Pin To Net: NetName=GND Pin=LDR_1_2-2
Added Pin To Net: NetName=NetLDR_1_2_3 Pin=LDR_1_2-3
Added Pin To Net: NetName=GND Pin=LDR_1_2-4
Added Pin To Net: NetName=NetLDR_1_2_5 Pin=LDR_1_2-5
Added Pin To Net: NetName=GND Pin=LDR_1_2-6
Added Pin To Net: NetName=NetLDR_1_2_7 Pin=LDR_1_2-7
Added Pin To Net: NetName=GND Pin=LDR_1_2-8
Added Pin To Net: NetName=NetLDR_2_2_1 Pin=LDR_2_2-1
Added Pin To Net: NetName=GND Pin=LDR_2_2-2
Added Pin To Net: NetName=NetLDR_2_2_3 Pin=LDR_2_2-3
Added Pin To Net: NetName=GND Pin=LDR_2_2-4
Added Pin To Net: NetName=NetLDR_2_2_5 Pin=LDR_2_2-5
Added Pin To Net: NetName=GND Pin=LDR_2_2-6
Added Pin To Net: NetName=NetLDR_2_2_7 Pin=LDR_2_2-7
Added Pin To Net: NetName=GND Pin=LDR_2_2-8
Added Pin To Net: NetName=NetLDR_3_2_1 Pin=LDR_3_2-1
Added Pin To Net: NetName=GND Pin=LDR_3_2-2
Added Pin To Net: NetName=NetLDR_3_2_3 Pin=LDR_3_2-3
Added Pin To Net: NetName=GND Pin=LDR_3_2-4
Added Pin To Net: NetName=NetLDR_3_2_5 Pin=LDR_3_2-5
Added Pin To Net: NetName=GND Pin=LDR_3_2-6
Added Pin To Net: NetName=NetLDR_3_2_7 Pin=LDR_3_2-7
Added Pin To Net: NetName=GND Pin=LDR_3_2-8
Added Pin To Net: NetName=NetEncoder_6_3 Pin=RJ2-1
Added Pin To Net: NetName=NetEncoder_6_2 Pin=RJ2-2
Added Pin To Net: NetName=NetEncoder_5_3 Pin=RJ2-3
Added Pin To Net: NetName=NetEncoder_5_2 Pin=RJ2-4
Added Pin To Net: NetName=NetEncoder_4_3 Pin=RJ2-5
Added Pin To Net: NetName=NetEncoder_4_2 Pin=RJ2-6
Added Pin To Net: NetName=NetK1_3 Pin=RJ2-7
Added Pin To Net: NetName=NetK1_2 Pin=RJ2-8
Added Pin To Net: NetName=GND Pin=TCS1-1
Added Pin To Net: NetName=NetNano_2_9 Pin=TCS1-2
Added Pin To Net: NetName=NetNano_2_6 Pin=TCS1-3
Added Pin To Net: NetName=NetNano_2_10 Pin=TCS1-4
Added Pin To Net: NetName=NetNano_2_4 Pin=TCS1-5
Added Pin To Net: NetName=NetNano_2_22 Pin=TCS1-6
Added Pin To Net: NetName=5VCC Pin=TCS1-7
Added Pin To Net: NetName=5VCC Pin=TCS1-8
Added Pin To Net: NetName=GND Pin=TCS2-1
Added Pin To Net: NetName=NetNano_2_9 Pin=TCS2-2
Added Pin To Net: NetName=NetNano_2_6 Pin=TCS2-3
Added Pin To Net: NetName=NetNano_2_10 Pin=TCS2-4
Added Pin To Net: NetName=NetNano_2_4 Pin=TCS2-5
Added Pin To Net: NetName=NetNano_2_22 Pin=TCS2-6
Added Pin To Net: NetName=NetNano_2_8 Pin=TCS2-7
Added Pin To Net: NetName=5VCC Pin=TCS2-8
Added Pin To Net: NetName=GND Pin=TCS3-1
Added Pin To Net: NetName=NetNano_2_9 Pin=TCS3-2
Added Pin To Net: NetName=NetNano_2_6 Pin=TCS3-3
Added Pin To Net: NetName=NetNano_2_10 Pin=TCS3-4
Added Pin To Net: NetName=NetNano_2_4 Pin=TCS3-5
Added Pin To Net: NetName=NetNano_2_22 Pin=TCS3-6
Added Pin To Net: NetName=NetNano_2_7 Pin=TCS3-7
Added Pin To Net: NetName=5VCC Pin=TCS3-8
Added Pin To Net: NetName=GND Pin=TCS4-1
Added Pin To Net: NetName=NetNano_2_9 Pin=TCS4-2
Added Pin To Net: NetName=NetNano_2_6 Pin=TCS4-3
Added Pin To Net: NetName=NetNano_2_10 Pin=TCS4-4
Added Pin To Net: NetName=NetNano_2_4 Pin=TCS4-5
Added Pin To Net: NetName=NetNano_2_22 Pin=TCS4-6
Added Pin To Net: NetName=NetNano_2_5 Pin=TCS4-7
Added Pin To Net: NetName=5VCC Pin=TCS4-8
