Added Component: Designator=5V(2-vias)
Add component. Clean all parameters for all variants
Added Component: Designator=C3(RAD-0.3)
Add component. Clean all parameters for all variants
Add component (AddParameter): Name = "LatestRevisionDate"; Value = "17-Jul-2002"; VariantName = "[No Variations]"
Add component (AddParameter): Name = "LatestRevisionNote"; Value = "Re-released for DXP Platform."; VariantName = "[No Variations]"
Add component (AddParameter): Name = "PackageDescription"; Value = "Radial Cap, Thru-Hole; 2 Leads; 0.3 in Pin Spacing"; VariantName = "[No Variations]"
Add component (AddParameter): Name = "PackageReference"; Value = "RAD-0.3"; VariantName = "[No Variations]"
Add component (AddParameter): Name = "Published"; Value = "8-Jun-2000"; VariantName = "[No Variations]"
Add component (AddParameter): Name = "Publisher"; Value = "Altium Limited"; VariantName = "[No Variations]"
Add component (AddParameter): Name = "Value"; Value = "100pF"; VariantName = "[No Variations]"
Added Component: Designator=C4(RAD-0.3)
Add component. Clean all parameters for all variants
Add component (AddParameter): Name = "LatestRevisionDate"; Value = "17-Jul-2002"; VariantName = "[No Variations]"
Add component (AddParameter): Name = "LatestRevisionNote"; Value = "Re-released for DXP Platform."; VariantName = "[No Variations]"
Add component (AddParameter): Name = "PackageDescription"; Value = "Radial Cap, Thru-Hole; 2 Leads; 0.3 in Pin Spacing"; VariantName = "[No Variations]"
Add component (AddParameter): Name = "PackageReference"; Value = "RAD-0.3"; VariantName = "[No Variations]"
Add component (AddParameter): Name = "Published"; Value = "8-Jun-2000"; VariantName = "[No Variations]"
Add component (AddParameter): Name = "Publisher"; Value = "Altium Limited"; VariantName = "[No Variations]"
Add component (AddParameter): Name = "Value"; Value = "100pF"; VariantName = "[No Variations]"
Added Component: Designator=C5(RAD-0.3)
Add component. Clean all parameters for all variants
Add component (AddParameter): Name = "LatestRevisionDate"; Value = "17-Jul-2002"; VariantName = "[No Variations]"
Add component (AddParameter): Name = "LatestRevisionNote"; Value = "Re-released for DXP Platform."; VariantName = "[No Variations]"
Add component (AddParameter): Name = "PackageDescription"; Value = "Radial Cap, Thru-Hole; 2 Leads; 0.3 in Pin Spacing"; VariantName = "[No Variations]"
Add component (AddParameter): Name = "PackageReference"; Value = "RAD-0.3"; VariantName = "[No Variations]"
Add component (AddParameter): Name = "Published"; Value = "8-Jun-2000"; VariantName = "[No Variations]"
Add component (AddParameter): Name = "Publisher"; Value = "Altium Limited"; VariantName = "[No Variations]"
Add component (AddParameter): Name = "Value"; Value = "100pF"; VariantName = "[No Variations]"
Added Component: Designator=C6(RAD-0.3)
Add component. Clean all parameters for all variants
Add component (AddParameter): Name = "LatestRevisionDate"; Value = "17-Jul-2002"; VariantName = "[No Variations]"
Add component (AddParameter): Name = "LatestRevisionNote"; Value = "Re-released for DXP Platform."; VariantName = "[No Variations]"
Add component (AddParameter): Name = "PackageDescription"; Value = "Radial Cap, Thru-Hole; 2 Leads; 0.3 in Pin Spacing"; VariantName = "[No Variations]"
Add component (AddParameter): Name = "PackageReference"; Value = "RAD-0.3"; VariantName = "[No Variations]"
Add component (AddParameter): Name = "Published"; Value = "8-Jun-2000"; VariantName = "[No Variations]"
Add component (AddParameter): Name = "Publisher"; Value = "Altium Limited"; VariantName = "[No Variations]"
Add component (AddParameter): Name = "Value"; Value = "100pF"; VariantName = "[No Variations]"
Added Component: Designator=Central(RJ45_Simples)
Add component. Clean all parameters for all variants
Added Component: Designator=ChaveEN(2-vias)
Add component. Clean all parameters for all variants
Added Component: Designator=D1(3.2X1.6X1.1)
Add component. Clean all parameters for all variants
Add component (AddParameter): Name = "LatestRevisionDate"; Value = "17-Jul-2002"; VariantName = "[No Variations]"
Add component (AddParameter): Name = "LatestRevisionNote"; Value = "Re-released for DXP Platform."; VariantName = "[No Variations]"
Add component (AddParameter): Name = "PackageDescription"; Value = "SM LED; 2 Flat Leads"; VariantName = "[No Variations]"
Add component (AddParameter): Name = "PackageReference"; Value = "3.2X1.6X1.1"; VariantName = "[No Variations]"
Add component (AddParameter): Name = "PackageVersion"; Value = "Feb-2002"; VariantName = "[No Variations]"
Add component (AddParameter): Name = "Published"; Value = "8-Jun-2000"; VariantName = "[No Variations]"
Add component (AddParameter): Name = "Publisher"; Value = "Altium Limited"; VariantName = "[No Variations]"
Added Component: Designator=D2(3.2X1.6X1.1)
Add component. Clean all parameters for all variants
Add component (AddParameter): Name = "LatestRevisionDate"; Value = "17-Jul-2002"; VariantName = "[No Variations]"
Add component (AddParameter): Name = "LatestRevisionNote"; Value = "Re-released for DXP Platform."; VariantName = "[No Variations]"
Add component (AddParameter): Name = "PackageDescription"; Value = "SM LED; 2 Flat Leads"; VariantName = "[No Variations]"
Add component (AddParameter): Name = "PackageReference"; Value = "3.2X1.6X1.1"; VariantName = "[No Variations]"
Add component (AddParameter): Name = "PackageVersion"; Value = "Feb-2002"; VariantName = "[No Variations]"
Add component (AddParameter): Name = "Published"; Value = "8-Jun-2000"; VariantName = "[No Variations]"
Add component (AddParameter): Name = "Publisher"; Value = "Altium Limited"; VariantName = "[No Variations]"
Added Component: Designator=Driver 1(A4988)
Add component. Clean all parameters for all variants
Added Component: Designator=Driver 2(A4988)
Add component. Clean all parameters for all variants
Added Component: Designator=Eletroima1(2-vias)
Add component. Clean all parameters for all variants
Added Component: Designator=Eletroima2(2-vias)
Add component. Clean all parameters for all variants
Added Component: Designator=Eltroima1(3-vias)
Add component. Clean all parameters for all variants
Add component (AddParameter): Name = "LatestRevisionDate"; Value = "17-Jul-2002"; VariantName = "[No Variations]"
Add component (AddParameter): Name = "LatestRevisionNote"; Value = "Re-released for DXP Platform."; VariantName = "[No Variations]"
Add component (AddParameter): Name = "PackageDescription"; Value = "TO, Flat Index; 3 In-Line, Axial Leads; Body Dia. 4.6mm; Lead Dia. 0.5 mm (max)"; VariantName = "[No Variations]"
Add component (AddParameter): Name = "PackageReference"; Value = "E3"; VariantName = "[No Variations]"
Add component (AddParameter): Name = "PackageVersion"; Value = "1995/1996"; VariantName = "[No Variations]"
Add component (AddParameter): Name = "Published"; Value = "8-Jun-2000"; VariantName = "[No Variations]"
Add component (AddParameter): Name = "Publisher"; Value = "Altium Limited"; VariantName = "[No Variations]"
Added Component: Designator=Eltroima2(3-vias)
Add component. Clean all parameters for all variants
Add component (AddParameter): Name = "LatestRevisionDate"; Value = "17-Jul-2002"; VariantName = "[No Variations]"
Add component (AddParameter): Name = "LatestRevisionNote"; Value = "Re-released for DXP Platform."; VariantName = "[No Variations]"
Add component (AddParameter): Name = "PackageDescription"; Value = "TO, Flat Index; 3 In-Line, Axial Leads; Body Dia. 4.6mm; Lead Dia. 0.5 mm (max)"; VariantName = "[No Variations]"
Add component (AddParameter): Name = "PackageReference"; Value = "E3"; VariantName = "[No Variations]"
Add component (AddParameter): Name = "PackageVersion"; Value = "1995/1996"; VariantName = "[No Variations]"
Add component (AddParameter): Name = "Published"; Value = "8-Jun-2000"; VariantName = "[No Variations]"
Add component (AddParameter): Name = "Publisher"; Value = "Altium Limited"; VariantName = "[No Variations]"
Added Component: Designator=K7(3-vias)
Add component. Clean all parameters for all variants
Added Component: Designator=Matriz(JTS-XH (5T))
Add component. Clean all parameters for all variants
Added Component: Designator=Mot1(4-vias)
Add component. Clean all parameters for all variants
Add component (AddParameter): Name = "ComponentLink1Description"; Value = "Fabricante"; VariantName = "[No Variations]"
Add component (AddParameter): Name = "ComponentLink1URL"; Value = "https://www.molex.com/molex/products/family?key=kk_254_rpc_connector_system&channel=products&chanName=family&pageTitle=Introduction&parentKey=kk_interconnect_solutions"; VariantName = "[No Variations]"
Added Component: Designator=Mot2(4-vias)
Add component. Clean all parameters for all variants
Add component (AddParameter): Name = "ComponentLink1Description"; Value = "Fabricante"; VariantName = "[No Variations]"
Add component (AddParameter): Name = "ComponentLink1URL"; Value = "https://www.molex.com/molex/products/family?key=kk_254_rpc_connector_system&channel=products&chanName=family&pageTitle=Introduction&parentKey=kk_interconnect_solutions"; VariantName = "[No Variations]"
Added Component: Designator=MS1(2-vias)
Add component. Clean all parameters for all variants
Added Component: Designator=MS2(2-vias)
Add component. Clean all parameters for all variants
Added Component: Designator=MS3(2-vias)
Add component. Clean all parameters for all variants
Added Component: Designator=Nano_2(Arduino_Nano)
Add component. Clean all parameters for all variants
Added Component: Designator=R1(AXIAL-0.3)
Add component. Clean all parameters for all variants
Add component (AddParameter): Name = "LatestRevisionDate"; Value = "17-Jul-2002"; VariantName = "[No Variations]"
Add component (AddParameter): Name = "LatestRevisionNote"; Value = "Re-released for DXP Platform."; VariantName = "[No Variations]"
Add component (AddParameter): Name = "PackageDescription"; Value = "Axial Device, Thru-Hole; 2 Leads; 0.3 in Pin Spacing"; VariantName = "[No Variations]"
Add component (AddParameter): Name = "PackageReference"; Value = "AXIAL-0.3"; VariantName = "[No Variations]"
Add component (AddParameter): Name = "Published"; Value = "8-Jun-2000"; VariantName = "[No Variations]"
Add component (AddParameter): Name = "Publisher"; Value = "Altium Limited"; VariantName = "[No Variations]"
Add component (AddParameter): Name = "Value"; Value = "1K"; VariantName = "[No Variations]"
Added Component: Designator=R2(AXIAL-0.3)
Add component. Clean all parameters for all variants
Add component (AddParameter): Name = "LatestRevisionDate"; Value = "17-Jul-2002"; VariantName = "[No Variations]"
Add component (AddParameter): Name = "LatestRevisionNote"; Value = "Re-released for DXP Platform."; VariantName = "[No Variations]"
Add component (AddParameter): Name = "PackageDescription"; Value = "Axial Device, Thru-Hole; 2 Leads; 0.3 in Pin Spacing"; VariantName = "[No Variations]"
Add component (AddParameter): Name = "PackageReference"; Value = "AXIAL-0.3"; VariantName = "[No Variations]"
Add component (AddParameter): Name = "Published"; Value = "8-Jun-2000"; VariantName = "[No Variations]"
Add component (AddParameter): Name = "Publisher"; Value = "Altium Limited"; VariantName = "[No Variations]"
Add component (AddParameter): Name = "Value"; Value = "1K"; VariantName = "[No Variations]"
Added Component: Designator=RJ1(RJ45_90)
Add component. Clean all parameters for all variants
Added Component: Designator=RJ3(RJ45_Simples)
Add component. Clean all parameters for all variants
Added Component: Designator=RJ4(RJ45_90)
Add component. Clean all parameters for all variants
Added Component: Designator=RJ5(RJ45_Simples)
Add component. Clean all parameters for all variants
Added Component: Designator=TCS3200(RJ45_Simples)
Add component. Clean all parameters for all variants
Added Component: Designator=Vin(2-vias)
Add component. Clean all parameters for all variants
Added Pin To Net: NetName=GND Pin=5V-1
Added Pin To Net: NetName=GND Pin=C3-1
Added Pin To Net: NetName=NetC3_2 Pin=C3-2
Added Pin To Net: NetName=NetC4_1 Pin=C4-1
Added Pin To Net: NetName=GND Pin=C4-2
Added Pin To Net: NetName=GND Pin=C5-2
Added Pin To Net: NetName=SCK Pin=Central-2
Added Pin To Net: NetName=GND Pin=Driver 1-15
Added Pin To Net: NetName=GND Pin=Driver 2-15
Added Pin To Net: NetName=NetC4_1 Pin=K7-1
Added Pin To Net: NetName=GND Pin=K7-2
Added Pin To Net: NetName=NetC3_2 Pin=K7-3
Added Pin To Net: NetName=GND Pin=Matriz-4
Added Pin To Net: NetName=SCK Pin=Nano_2-15
Added Pin To Net: NetName=S3 Pin=Nano_2-20
Added Pin To Net: NetName=S1 Pin=Nano_2-21
Added Pin To Net: NetName=GND Pin=Nano_2-28
Added Pin To Net: NetName=S1 Pin=TCS3200-2
Added Pin To Net: NetName=GND Pin=TCS3200-4
Added Pin To Net: NetName=S3 Pin=TCS3200-5
Added Pin To Net: NetName=GND Pin=TCS3200-6
Added Pin To Net: NetName=1A_M1 Pin=Driver 1-12
Added Pin To Net: NetName=1A_M1 Pin=Mot1-3
Added Net: Name=1A_M1
Added Pin To Net: NetName=1A_M2 Pin=Driver 2-12
Added Pin To Net: NetName=1A_M2 Pin=Mot2-3
Added Net: Name=1A_M2
Added Pin To Net: NetName=1B_M1 Pin=Driver 1-13
Added Pin To Net: NetName=1B_M1 Pin=Mot1-4
Added Net: Name=1B_M1
Added Pin To Net: NetName=1B_M2 Pin=Driver 2-13
Added Pin To Net: NetName=1B_M2 Pin=Mot2-4
Added Net: Name=1B_M2
Added Pin To Net: NetName=2A_M1 Pin=Driver 1-11
Added Pin To Net: NetName=2A_M1 Pin=Mot1-2
Added Net: Name=2A_M1
Added Pin To Net: NetName=2A_M2 Pin=Driver 2-11
Added Pin To Net: NetName=2A_M2 Pin=Mot2-2
Added Net: Name=2A_M2
Added Pin To Net: NetName=2B_M1 Pin=Driver 1-10
Added Pin To Net: NetName=2B_M1 Pin=Mot1-1
Added Net: Name=2B_M1
Added Pin To Net: NetName=2B_M2 Pin=Driver 2-10
Added Pin To Net: NetName=2B_M2 Pin=Mot2-1
Added Net: Name=2B_M2
Added Pin To Net: NetName=5V Pin=5V-2
Added Pin To Net: NetName=5V Pin=C5-1
Added Pin To Net: NetName=5V Pin=ChaveEN-2
Added Pin To Net: NetName=5V Pin=Driver 1-14
Added Pin To Net: NetName=5V Pin=Driver 2-14
Added Pin To Net: NetName=5V Pin=Matriz-5
Added Pin To Net: NetName=5V Pin=MS1-2
Added Pin To Net: NetName=5V Pin=MS2-2
Added Pin To Net: NetName=5V Pin=MS3-2
Added Pin To Net: NetName=5V Pin=Nano_2-26
Added Pin To Net: NetName=5V Pin=TCS3200-8
Added Net: Name=5V
Added Pin To Net: NetName=DIR_M1 Pin=Driver 1-7
Added Pin To Net: NetName=DIR_M1 Pin=Nano_2-4
Added Net: Name=DIR_M1
Added Pin To Net: NetName=DIR_M2 Pin=Driver 2-7
Added Pin To Net: NetName=DIR_M2 Pin=Nano_2-23
Added Net: Name=DIR_M2
Added Pin To Net: NetName=Eletro1 Pin=Eltroima1-2
Added Pin To Net: NetName=Eletro1 Pin=Nano_2-7
Added Net: Name=Eletro1
Added Pin To Net: NetName=Eletro2 Pin=Eltroima2-2
Added Pin To Net: NetName=Eletro2 Pin=Nano_2-8
Added Net: Name=Eletro2
Added Pin To Net: NetName=GND_MOT Pin=C6-2
Added Pin To Net: NetName=GND_MOT Pin=Driver 1-9
Added Pin To Net: NetName=GND_MOT Pin=Driver 2-9
Added Pin To Net: NetName=GND_MOT Pin=Vin-1
Added Net: Name=GND_MOT
Added Pin To Net: NetName=MISO Pin=Central-8
Added Pin To Net: NetName=MISO Pin=Nano_2-14
Added Net: Name=MISO
Added Pin To Net: NetName=MOSI Pin=Central-6
Added Pin To Net: NetName=MOSI Pin=Nano_2-13
Added Net: Name=MOSI
Added Pin To Net: NetName=MS1 Pin=Driver 1-1
Added Pin To Net: NetName=MS1 Pin=Driver 2-1
Added Pin To Net: NetName=MS1 Pin=MS1-1
Added Net: Name=MS1
Added Pin To Net: NetName=MS2 Pin=Driver 1-2
Added Pin To Net: NetName=MS2 Pin=Driver 2-2
Added Pin To Net: NetName=MS2 Pin=MS2-1
Added Net: Name=MS2
Added Pin To Net: NetName=MS3 Pin=Driver 1-3
Added Pin To Net: NetName=MS3 Pin=Driver 2-3
Added Pin To Net: NetName=MS3 Pin=MS3-1
Added Net: Name=MS3
Added Pin To Net: NetName=NetChaveEN_1 Pin=ChaveEN-1
Added Net: Name=NetChaveEN_1
Added Pin To Net: NetName=NetD1_1 Pin=D1-1
Added Pin To Net: NetName=NetD1_1 Pin=R1-1
Added Net: Name=NetD1_1
Added Pin To Net: NetName=NetD1_2 Pin=D1-2
Added Pin To Net: NetName=NetD1_2 Pin=Eletroima1-1
Added Pin To Net: NetName=NetD1_2 Pin=Eltroima1-3
Added Net: Name=NetD1_2
Added Pin To Net: NetName=NetD2_1 Pin=D2-1
Added Pin To Net: NetName=NetD2_1 Pin=R2-2
Added Net: Name=NetD2_1
Added Pin To Net: NetName=NetD2_2 Pin=D2-2
Added Pin To Net: NetName=NetD2_2 Pin=Eletroima2-1
Added Pin To Net: NetName=NetD2_2 Pin=Eltroima2-3
Added Net: Name=NetD2_2
Added Pin To Net: NetName=NetEletroima1_2 Pin=Eletroima1-2
Added Pin To Net: NetName=NetEletroima1_2 Pin=Eltroima1-1
Added Pin To Net: NetName=NetEletroima1_2 Pin=R1-2
Added Net: Name=NetEletroima1_2
Added Pin To Net: NetName=NetEletroima2_2 Pin=Eletroima2-2
Added Pin To Net: NetName=NetEletroima2_2 Pin=Eltroima2-1
Added Pin To Net: NetName=NetEletroima2_2 Pin=R2-1
Added Net: Name=NetEletroima2_2
Added Pin To Net: NetName=NetMatriz_1 Pin=Matriz-1
Added Pin To Net: NetName=NetMatriz_1 Pin=Nano_2-9
Added Net: Name=NetMatriz_1
Added Pin To Net: NetName=NetMatriz_2 Pin=Matriz-2
Added Pin To Net: NetName=NetMatriz_2 Pin=Nano_2-10
Added Net: Name=NetMatriz_2
Added Pin To Net: NetName=NetMatriz_3 Pin=Matriz-3
Added Pin To Net: NetName=NetMatriz_3 Pin=Nano_2-11
Added Net: Name=NetMatriz_3
Added Pin To Net: NetName=NetNano_2_19 Pin=Nano_2-19
Added Pin To Net: NetName=NetNano_2_19 Pin=TCS3200-3
Added Net: Name=NetNano_2_19
Added Pin To Net: NetName=NetNano_2_25 Pin=Nano_2-25
Added Pin To Net: NetName=NetNano_2_25 Pin=TCS3200-7
Added Net: Name=NetNano_2_25
Added Pin To Net: NetName=RST_D Pin=Driver 1-4
Added Pin To Net: NetName=RST_D Pin=Driver 2-4
Added Pin To Net: NetName=RST_D Pin=Nano_2-6
Added Net: Name=RST_D
Added Pin To Net: NetName=SLEEP Pin=Driver 1-5
Added Pin To Net: NetName=SLEEP Pin=Driver 2-5
Added Pin To Net: NetName=SLEEP Pin=Nano_2-24
Added Net: Name=SLEEP
Added Pin To Net: NetName=SO Pin=Nano_2-18
Added Pin To Net: NetName=SO Pin=TCS3200-1
Added Net: Name=SO
Added Pin To Net: NetName=SS Pin=Central-4
Added Pin To Net: NetName=SS Pin=Nano_2-12
Added Net: Name=SS
Added Pin To Net: NetName=STP_M1 Pin=Driver 1-6
Added Pin To Net: NetName=STP_M1 Pin=Nano_2-5
Added Net: Name=STP_M1
Added Pin To Net: NetName=STP_M2 Pin=Driver 2-6
Added Pin To Net: NetName=STP_M2 Pin=Nano_2-22
Added Net: Name=STP_M2
Added Pin To Net: NetName=Vin Pin=C6-1
Added Pin To Net: NetName=Vin Pin=Driver 1-8
Added Pin To Net: NetName=Vin Pin=Driver 2-8
Added Pin To Net: NetName=Vin Pin=Vin-2
Added Net: Name=Vin
Added Class: Name=schGarra
Added Member To Class: ClassName=schBeagleBone Member=Component C3 Cap
Added Member To Class: ClassName=schBeagleBone Member=Component C4 Cap
Added Member To Class: ClassName=schBeagleBone Member=Component K7 KK3
Added Member To Class: ClassName=schBeagleBone Member=Component RJ1 RJ45
Added Member To Class: ClassName=schSensorChassiNano Member=Component RJ2 RJ45
Added Member To Class: ClassName=schBeagleBone Member=Component RJ3 RJ45
Added Member To Class: ClassName=schBeagleBone Member=Component RJ4 RJ45
Added Member To Class: ClassName=schBeagleBone Member=Component RJ5 RJ45
Added Room: Name=schBeagleBone
Added Room: Name=schGarra
Added Room: Name=schSensorChassiNano
