Added Component: Designator=C3(RAD-0.3)
Add component. Clean all parameters for all variants
Add component (AddParameter): Name = "LatestRevisionDate"; Value = "17-Jul-2002"; VariantName = "[No Variations]"
Add component (AddParameter): Name = "LatestRevisionNote"; Value = "Re-released for DXP Platform."; VariantName = "[No Variations]"
Add component (AddParameter): Name = "PackageDescription"; Value = "Radial Cap, Thru-Hole; 2 Leads; 0.3 in Pin Spacing"; VariantName = "[No Variations]"
Add component (AddParameter): Name = "PackageReference"; Value = "RAD-0.3"; VariantName = "[No Variations]"
Add component (AddParameter): Name = "Published"; Value = "8-Jun-2000"; VariantName = "[No Variations]"
Add component (AddParameter): Name = "Publisher"; Value = "Altium Limited"; VariantName = "[No Variations]"
Add component (AddParameter): Name = "Value"; Value = "100pF"; VariantName = "[No Variations]"
Added Component: Designator=C4(RAD-0.3)
Add component. Clean all parameters for all variants
Add component (AddParameter): Name = "LatestRevisionDate"; Value = "17-Jul-2002"; VariantName = "[No Variations]"
Add component (AddParameter): Name = "LatestRevisionNote"; Value = "Re-released for DXP Platform."; VariantName = "[No Variations]"
Add component (AddParameter): Name = "PackageDescription"; Value = "Radial Cap, Thru-Hole; 2 Leads; 0.3 in Pin Spacing"; VariantName = "[No Variations]"
Add component (AddParameter): Name = "PackageReference"; Value = "RAD-0.3"; VariantName = "[No Variations]"
Add component (AddParameter): Name = "Published"; Value = "8-Jun-2000"; VariantName = "[No Variations]"
Add component (AddParameter): Name = "Publisher"; Value = "Altium Limited"; VariantName = "[No Variations]"
Add component (AddParameter): Name = "Value"; Value = "100pF"; VariantName = "[No Variations]"
Added Component: Designator=K3(3-vias)
Add component. Clean all parameters for all variants
Added Component: Designator=RJ1(RJ45_90)
Add component. Clean all parameters for all variants
Added Component: Designator=RJ3(RJ45_Simples)
Add component. Clean all parameters for all variants
Added Component: Designator=RJ4(RJ45_90)
Add component. Clean all parameters for all variants
Added Component: Designator=RJ5(RJ45_Simples)
Add component. Clean all parameters for all variants
Added Pin To Net: NetName=5VCC Pin=C3-1
Added Pin To Net: NetName=NetC3_2 Pin=C3-2
Added Pin To Net: NetName=NetC4_1 Pin=C4-1
Added Pin To Net: NetName=5VCC Pin=C4-2
Added Pin To Net: NetName=NetC4_1 Pin=K3-1
Added Pin To Net: NetName=5VCC Pin=K3-2
Added Pin To Net: NetName=NetC3_2 Pin=K3-3
Added Member To Class: ClassName=schSensorChassiNano Member=Component C1 Cap
Added Member To Class: ClassName=schSensorChassiNano Member=Component C2 Cap
Added Member To Class: ClassName=schBeagleBone Member=Component C3 Cap
Added Member To Class: ClassName=schBeagleBone Member=Component C4 Cap
Added Member To Class: ClassName=schSensorChassiNano Member=Component Central_Principal1 RJ45
Added Member To Class: ClassName=schSensorChassiNano Member=Component Encoder_4 KK4
Added Member To Class: ClassName=schSensorChassiNano Member=Component Encoder_5 KK4
Added Member To Class: ClassName=schSensorChassiNano Member=Component Encoder_6 KK4
Added Member To Class: ClassName=schSensorChassiNano Member=Component K1 KK4
Added Member To Class: ClassName=schSensorChassiNano Member=Component K2 KK3
Added Member To Class: ClassName=schBeagleBone Member=Component K3 KK3
Added Member To Class: ClassName=schSensorChassiNano Member=Component LDR_1_2 RJ45
Added Member To Class: ClassName=schSensorChassiNano Member=Component LDR_2_2 RJ45
Added Member To Class: ClassName=schSensorChassiNano Member=Component Nano_1 Nano
Added Member To Class: ClassName=schSensorChassiNano Member=Component R17 Res2
Added Member To Class: ClassName=schSensorChassiNano Member=Component R18 Res2
Added Member To Class: ClassName=schSensorChassiNano Member=Component R19 Res2
Added Member To Class: ClassName=schSensorChassiNano Member=Component R20 Res2
Added Member To Class: ClassName=schSensorChassiNano Member=Component R21 Res2
Added Member To Class: ClassName=schSensorChassiNano Member=Component R22 Res2
Added Member To Class: ClassName=schSensorChassiNano Member=Component R23 Res2
Added Member To Class: ClassName=schSensorChassiNano Member=Component R24 Res2
Added Member To Class: ClassName=schBeagleBone Member=Component RJ1 RJ45
Added Member To Class: ClassName=schSensorChassiNano Member=Component RJ2 RJ45
Added Member To Class: ClassName=schBeagleBone Member=Component RJ3 RJ45
Added Member To Class: ClassName=schBeagleBone Member=Component RJ4 RJ45
Added Member To Class: ClassName=schBeagleBone Member=Component RJ5 RJ45
Added Member To Class: ClassName=schSensorChassiNano Member=Component TCS1 RJ45
Added Member To Class: ClassName=schSensorChassiNano Member=Component TCS2 RJ45
Added Member To Class: ClassName=schSensorChassiNano Member=Component TCS3 RJ45
Added Member To Class: ClassName=schSensorChassiNano Member=Component TCS4 RJ45
Added Room: Name=schBeagleBone
