Removed Pin From Net: NetName=5VCC Pin=C2-1
Removed Pin From Net: NetName=5VCC Pin=K2-2
Removed Pin From Net: NetName=5VCC Pin=Nano_1-11
Removed Pin From Net: NetName=5VCC Pin=Nano_1-29
Removed Pin From Net: NetName=5VCC Pin=R17-2
Removed Pin From Net: NetName=5VCC Pin=R18-2
Removed Pin From Net: NetName=5VCC Pin=R19-2
Removed Pin From Net: NetName=5VCC Pin=R20-2
Removed Pin From Net: NetName=5VCC Pin=R21-2
Removed Pin From Net: NetName=5VCC Pin=R22-2
Removed Pin From Net: NetName=5VCC Pin=R23-2
Removed Pin From Net: NetName=5VCC Pin=R24-2
Removed Pin From Net: NetName=5VCC Pin=TCS1-7
Removed Pin From Net: NetName=5VCC Pin=TCS1-8
Removed Pin From Net: NetName=5VCC Pin=TCS2-8
Removed Pin From Net: NetName=5VCC Pin=TCS3-8
Removed Pin From Net: NetName=5VCC Pin=TCS4-8
Change Component Footprint: Designator=LDR_1_2 Old Footprint=RJ45_90 New Footprint=RJ45_Simples
Change Component Footprint: Designator=LDR_2_2 Old Footprint=RJ45_90 New Footprint=RJ45_Simples
Change Component Footprint: Designator=TCS1 Old Footprint=RJ45_90 New Footprint=RJ45_Simples
Change Component Footprint: Designator=TCS2 Old Footprint=RJ45_90 New Footprint=RJ45_Simples
Change Component Footprint: Designator=TCS3 Old Footprint=RJ45_90 New Footprint=RJ45_Simples
Change Component Footprint: Designator=TCS4 Old Footprint=RJ45_90 New Footprint=RJ45_Simples
Added Component: Designator=C3(RAD-0.3)
Add component. Clean all parameters for all variants
Add component (AddParameter): Name = "LatestRevisionDate"; Value = "17-Jul-2002"; VariantName = "[No Variations]"
Add component (AddParameter): Name = "LatestRevisionNote"; Value = "Re-released for DXP Platform."; VariantName = "[No Variations]"
Add component (AddParameter): Name = "PackageDescription"; Value = "Radial Cap, Thru-Hole; 2 Leads; 0.3 in Pin Spacing"; VariantName = "[No Variations]"
Add component (AddParameter): Name = "PackageReference"; Value = "RAD-0.3"; VariantName = "[No Variations]"
Add component (AddParameter): Name = "Published"; Value = "8-Jun-2000"; VariantName = "[No Variations]"
Add component (AddParameter): Name = "Publisher"; Value = "Altium Limited"; VariantName = "[No Variations]"
Add component (AddParameter): Name = "Value"; Value = "100pF"; VariantName = "[No Variations]"
Added Component: Designator=C4(RAD-0.3)
Add component. Clean all parameters for all variants
Add component (AddParameter): Name = "LatestRevisionDate"; Value = "17-Jul-2002"; VariantName = "[No Variations]"
Add component (AddParameter): Name = "LatestRevisionNote"; Value = "Re-released for DXP Platform."; VariantName = "[No Variations]"
Add component (AddParameter): Name = "PackageDescription"; Value = "Radial Cap, Thru-Hole; 2 Leads; 0.3 in Pin Spacing"; VariantName = "[No Variations]"
Add component (AddParameter): Name = "PackageReference"; Value = "RAD-0.3"; VariantName = "[No Variations]"
Add component (AddParameter): Name = "Published"; Value = "8-Jun-2000"; VariantName = "[No Variations]"
Add component (AddParameter): Name = "Publisher"; Value = "Altium Limited"; VariantName = "[No Variations]"
Add component (AddParameter): Name = "Value"; Value = "100pF"; VariantName = "[No Variations]"
Added Component: Designator=K3(3-vias)
Add component. Clean all parameters for all variants
Added Component: Designator=RJ1(RJ45_90)
Add component. Clean all parameters for all variants
Added Component: Designator=RJ3(RJ45_Simples)
Add component. Clean all parameters for all variants
Added Component: Designator=RJ4(RJ45_90)
Add component. Clean all parameters for all variants
Added Component: Designator=RJ5(RJ45_Simples)
Add component. Clean all parameters for all variants
Added Pin To Net: NetName=5VCC Pin=C3-1
Added Pin To Net: NetName=NetC3_2 Pin=C3-2
Added Pin To Net: NetName=NetC4_1 Pin=C4-1
Added Pin To Net: NetName=5VCC Pin=C4-2
Added Pin To Net: NetName=NetC4_1 Pin=K3-1
Added Pin To Net: NetName=5VCC Pin=K3-2
Added Pin To Net: NetName=NetC3_2 Pin=K3-3
Change Net Name : Old Net Name=5VCC New Net Name=GND
Added Pin To Net: NetName=5VCC Pin=C2-1
Added Pin To Net: NetName=5VCC Pin=K2-2
Added Pin To Net: NetName=5VCC Pin=Nano_1-11
Added Pin To Net: NetName=5VCC Pin=Nano_1-29
Added Pin To Net: NetName=5VCC Pin=R17-2
Added Pin To Net: NetName=5VCC Pin=R18-2
Added Pin To Net: NetName=5VCC Pin=R19-2
Added Pin To Net: NetName=5VCC Pin=R20-2
Added Pin To Net: NetName=5VCC Pin=R21-2
Added Pin To Net: NetName=5VCC Pin=R22-2
Added Pin To Net: NetName=5VCC Pin=R23-2
Added Pin To Net: NetName=5VCC Pin=R24-2
Added Pin To Net: NetName=5VCC Pin=TCS1-7
Added Pin To Net: NetName=5VCC Pin=TCS1-8
Added Pin To Net: NetName=5VCC Pin=TCS2-8
Added Pin To Net: NetName=5VCC Pin=TCS3-8
Added Pin To Net: NetName=5VCC Pin=TCS4-8
Added Net: Name=5VCC
