Added Component: Designator=Central_1(RJ45_90)
Add component. Clean all parameters for all variants
Added Component: Designator=Central_2(RJ45_90)
Add component. Clean all parameters for all variants
Added Component: Designator=Central_3(RJ45_90)
Add component. Clean all parameters for all variants
Added Component: Designator=Central_Principal(RJ45_90)
Add component. Clean all parameters for all variants
Added Component: Designator=Encoder_1(4-vias)
Add component. Clean all parameters for all variants
Add component (AddParameter): Name = "ComponentLink1Description"; Value = "Fabricante"; VariantName = "[No Variations]"
Add component (AddParameter): Name = "ComponentLink1URL"; Value = "https://www.molex.com/molex/products/family?key=kk_254_rpc_connector_system&channel=products&chanName=family&pageTitle=Introduction&parentKey=kk_interconnect_solutions"; VariantName = "[No Variations]"
Added Component: Designator=Encoder_2(4-vias)
Add component. Clean all parameters for all variants
Add component (AddParameter): Name = "ComponentLink1Description"; Value = "Fabricante"; VariantName = "[No Variations]"
Add component (AddParameter): Name = "ComponentLink1URL"; Value = "https://www.molex.com/molex/products/family?key=kk_254_rpc_connector_system&channel=products&chanName=family&pageTitle=Introduction&parentKey=kk_interconnect_solutions"; VariantName = "[No Variations]"
Added Component: Designator=Encoder_3(4-vias)
Add component. Clean all parameters for all variants
Add component (AddParameter): Name = "ComponentLink1Description"; Value = "Fabricante"; VariantName = "[No Variations]"
Add component (AddParameter): Name = "ComponentLink1URL"; Value = "https://www.molex.com/molex/products/family?key=kk_254_rpc_connector_system&channel=products&chanName=family&pageTitle=Introduction&parentKey=kk_interconnect_solutions"; VariantName = "[No Variations]"
Added Component: Designator=Encoder_4(4-vias)
Add component. Clean all parameters for all variants
Add component (AddParameter): Name = "ComponentLink1Description"; Value = "Fabricante"; VariantName = "[No Variations]"
Add component (AddParameter): Name = "ComponentLink1URL"; Value = "https://www.molex.com/molex/products/family?key=kk_254_rpc_connector_system&channel=products&chanName=family&pageTitle=Introduction&parentKey=kk_interconnect_solutions"; VariantName = "[No Variations]"
Added Component: Designator=Encoder_5(4-vias)
Add component. Clean all parameters for all variants
Add component (AddParameter): Name = "ComponentLink1Description"; Value = "Fabricante"; VariantName = "[No Variations]"
Add component (AddParameter): Name = "ComponentLink1URL"; Value = "https://www.molex.com/molex/products/family?key=kk_254_rpc_connector_system&channel=products&chanName=family&pageTitle=Introduction&parentKey=kk_interconnect_solutions"; VariantName = "[No Variations]"
Added Component: Designator=Encoder_6(4-vias)
Add component. Clean all parameters for all variants
Add component (AddParameter): Name = "ComponentLink1Description"; Value = "Fabricante"; VariantName = "[No Variations]"
Add component (AddParameter): Name = "ComponentLink1URL"; Value = "https://www.molex.com/molex/products/family?key=kk_254_rpc_connector_system&channel=products&chanName=family&pageTitle=Introduction&parentKey=kk_interconnect_solutions"; VariantName = "[No Variations]"
Added Component: Designator=K1(4-vias)
Add component. Clean all parameters for all variants
Add component (AddParameter): Name = "ComponentLink1Description"; Value = "Fabricante"; VariantName = "[No Variations]"
Add component (AddParameter): Name = "ComponentLink1URL"; Value = "https://www.molex.com/molex/products/family?key=kk_254_rpc_connector_system&channel=products&chanName=family&pageTitle=Introduction&parentKey=kk_interconnect_solutions"; VariantName = "[No Variations]"
Added Component: Designator=K3(4-vias)
Add component. Clean all parameters for all variants
Add component (AddParameter): Name = "ComponentLink1Description"; Value = "Fabricante"; VariantName = "[No Variations]"
Add component (AddParameter): Name = "ComponentLink1URL"; Value = "https://www.molex.com/molex/products/family?key=kk_254_rpc_connector_system&channel=products&chanName=family&pageTitle=Introduction&parentKey=kk_interconnect_solutions"; VariantName = "[No Variations]"
Added Component: Designator=LDR_1(RJ45_Simples)
Add component. Clean all parameters for all variants
Added Component: Designator=LDR_1(RJ45_Simples)
Add component. Clean all parameters for all variants
Added Component: Designator=LDR_2(RJ45_Simples)
Add component. Clean all parameters for all variants
Added Component: Designator=LDR_2(RJ45_Simples)
Add component. Clean all parameters for all variants
Added Component: Designator=LDR_3(RJ45_Simples)
Add component. Clean all parameters for all variants
Added Component: Designator=LDR_3(RJ45_Simples)
Add component. Clean all parameters for all variants
Added Component: Designator=Nano_1(Arduino_Nano)
Add component. Clean all parameters for all variants
Added Component: Designator=Nano_2(Arduino_Nano)
Add component. Clean all parameters for all variants
Added Component: Designator=R1(AXIAL-0.4)
Add component. Clean all parameters for all variants
Add component (AddParameter): Name = "LatestRevisionDate"; Value = "17-Jul-2002"; VariantName = "[No Variations]"
Add component (AddParameter): Name = "LatestRevisionNote"; Value = "Re-released for DXP Platform."; VariantName = "[No Variations]"
Add component (AddParameter): Name = "PackageDescription"; Value = "Axial Device, Thru-Hole; 2 Leads; 0.4 in Pin Spacing"; VariantName = "[No Variations]"
Add component (AddParameter): Name = "PackageReference"; Value = "AXIAL-0.4"; VariantName = "[No Variations]"
Add component (AddParameter): Name = "Published"; Value = "8-Jun-2000"; VariantName = "[No Variations]"
Add component (AddParameter): Name = "Publisher"; Value = "Altium Limited"; VariantName = "[No Variations]"
Add component (AddParameter): Name = "Value"; Value = "1K"; VariantName = "[No Variations]"
Added Component: Designator=R2(AXIAL-0.4)
Add component. Clean all parameters for all variants
Add component (AddParameter): Name = "LatestRevisionDate"; Value = "17-Jul-2002"; VariantName = "[No Variations]"
Add component (AddParameter): Name = "LatestRevisionNote"; Value = "Re-released for DXP Platform."; VariantName = "[No Variations]"
Add component (AddParameter): Name = "PackageDescription"; Value = "Axial Device, Thru-Hole; 2 Leads; 0.4 in Pin Spacing"; VariantName = "[No Variations]"
Add component (AddParameter): Name = "PackageReference"; Value = "AXIAL-0.4"; VariantName = "[No Variations]"
Add component (AddParameter): Name = "Published"; Value = "8-Jun-2000"; VariantName = "[No Variations]"
Add component (AddParameter): Name = "Publisher"; Value = "Altium Limited"; VariantName = "[No Variations]"
Add component (AddParameter): Name = "Value"; Value = "1K"; VariantName = "[No Variations]"
Added Component: Designator=R3(AXIAL-0.4)
Add component. Clean all parameters for all variants
Add component (AddParameter): Name = "LatestRevisionDate"; Value = "17-Jul-2002"; VariantName = "[No Variations]"
Add component (AddParameter): Name = "LatestRevisionNote"; Value = "Re-released for DXP Platform."; VariantName = "[No Variations]"
Add component (AddParameter): Name = "PackageDescription"; Value = "Axial Device, Thru-Hole; 2 Leads; 0.4 in Pin Spacing"; VariantName = "[No Variations]"
Add component (AddParameter): Name = "PackageReference"; Value = "AXIAL-0.4"; VariantName = "[No Variations]"
Add component (AddParameter): Name = "Published"; Value = "8-Jun-2000"; VariantName = "[No Variations]"
Add component (AddParameter): Name = "Publisher"; Value = "Altium Limited"; VariantName = "[No Variations]"
Add component (AddParameter): Name = "Value"; Value = "1K"; VariantName = "[No Variations]"
Added Component: Designator=R4(AXIAL-0.4)
Add component. Clean all parameters for all variants
Add component (AddParameter): Name = "LatestRevisionDate"; Value = "17-Jul-2002"; VariantName = "[No Variations]"
Add component (AddParameter): Name = "LatestRevisionNote"; Value = "Re-released for DXP Platform."; VariantName = "[No Variations]"
Add component (AddParameter): Name = "PackageDescription"; Value = "Axial Device, Thru-Hole; 2 Leads; 0.4 in Pin Spacing"; VariantName = "[No Variations]"
Add component (AddParameter): Name = "PackageReference"; Value = "AXIAL-0.4"; VariantName = "[No Variations]"
Add component (AddParameter): Name = "Published"; Value = "8-Jun-2000"; VariantName = "[No Variations]"
Add component (AddParameter): Name = "Publisher"; Value = "Altium Limited"; VariantName = "[No Variations]"
Add component (AddParameter): Name = "Value"; Value = "1K"; VariantName = "[No Variations]"
Added Component: Designator=R5(AXIAL-0.4)
Add component. Clean all parameters for all variants
Add component (AddParameter): Name = "LatestRevisionDate"; Value = "17-Jul-2002"; VariantName = "[No Variations]"
Add component (AddParameter): Name = "LatestRevisionNote"; Value = "Re-released for DXP Platform."; VariantName = "[No Variations]"
Add component (AddParameter): Name = "PackageDescription"; Value = "Axial Device, Thru-Hole; 2 Leads; 0.4 in Pin Spacing"; VariantName = "[No Variations]"
Add component (AddParameter): Name = "PackageReference"; Value = "AXIAL-0.4"; VariantName = "[No Variations]"
Add component (AddParameter): Name = "Published"; Value = "8-Jun-2000"; VariantName = "[No Variations]"
Add component (AddParameter): Name = "Publisher"; Value = "Altium Limited"; VariantName = "[No Variations]"
Add component (AddParameter): Name = "Value"; Value = "1K"; VariantName = "[No Variations]"
Added Component: Designator=R6(AXIAL-0.4)
Add component. Clean all parameters for all variants
Add component (AddParameter): Name = "LatestRevisionDate"; Value = "17-Jul-2002"; VariantName = "[No Variations]"
Add component (AddParameter): Name = "LatestRevisionNote"; Value = "Re-released for DXP Platform."; VariantName = "[No Variations]"
Add component (AddParameter): Name = "PackageDescription"; Value = "Axial Device, Thru-Hole; 2 Leads; 0.4 in Pin Spacing"; VariantName = "[No Variations]"
Add component (AddParameter): Name = "PackageReference"; Value = "AXIAL-0.4"; VariantName = "[No Variations]"
Add component (AddParameter): Name = "Published"; Value = "8-Jun-2000"; VariantName = "[No Variations]"
Add component (AddParameter): Name = "Publisher"; Value = "Altium Limited"; VariantName = "[No Variations]"
Add component (AddParameter): Name = "Value"; Value = "1K"; VariantName = "[No Variations]"
Added Component: Designator=R7(AXIAL-0.4)
Add component. Clean all parameters for all variants
Add component (AddParameter): Name = "LatestRevisionDate"; Value = "17-Jul-2002"; VariantName = "[No Variations]"
Add component (AddParameter): Name = "LatestRevisionNote"; Value = "Re-released for DXP Platform."; VariantName = "[No Variations]"
Add component (AddParameter): Name = "PackageDescription"; Value = "Axial Device, Thru-Hole; 2 Leads; 0.4 in Pin Spacing"; VariantName = "[No Variations]"
Add component (AddParameter): Name = "PackageReference"; Value = "AXIAL-0.4"; VariantName = "[No Variations]"
Add component (AddParameter): Name = "Published"; Value = "8-Jun-2000"; VariantName = "[No Variations]"
Add component (AddParameter): Name = "Publisher"; Value = "Altium Limited"; VariantName = "[No Variations]"
Add component (AddParameter): Name = "Value"; Value = "1K"; VariantName = "[No Variations]"
Added Component: Designator=R8(AXIAL-0.4)
Add component. Clean all parameters for all variants
Add component (AddParameter): Name = "LatestRevisionDate"; Value = "17-Jul-2002"; VariantName = "[No Variations]"
Add component (AddParameter): Name = "LatestRevisionNote"; Value = "Re-released for DXP Platform."; VariantName = "[No Variations]"
Add component (AddParameter): Name = "PackageDescription"; Value = "Axial Device, Thru-Hole; 2 Leads; 0.4 in Pin Spacing"; VariantName = "[No Variations]"
Add component (AddParameter): Name = "PackageReference"; Value = "AXIAL-0.4"; VariantName = "[No Variations]"
Add component (AddParameter): Name = "Published"; Value = "8-Jun-2000"; VariantName = "[No Variations]"
Add component (AddParameter): Name = "Publisher"; Value = "Altium Limited"; VariantName = "[No Variations]"
Add component (AddParameter): Name = "Value"; Value = "1K"; VariantName = "[No Variations]"
Added Component: Designator=R9(AXIAL-0.4)
Add component. Clean all parameters for all variants
Add component (AddParameter): Name = "LatestRevisionDate"; Value = "17-Jul-2002"; VariantName = "[No Variations]"
Add component (AddParameter): Name = "LatestRevisionNote"; Value = "Re-released for DXP Platform."; VariantName = "[No Variations]"
Add component (AddParameter): Name = "PackageDescription"; Value = "Axial Device, Thru-Hole; 2 Leads; 0.4 in Pin Spacing"; VariantName = "[No Variations]"
Add component (AddParameter): Name = "PackageReference"; Value = "AXIAL-0.4"; VariantName = "[No Variations]"
Add component (AddParameter): Name = "Published"; Value = "8-Jun-2000"; VariantName = "[No Variations]"
Add component (AddParameter): Name = "Publisher"; Value = "Altium Limited"; VariantName = "[No Variations]"
Add component (AddParameter): Name = "Value"; Value = "1K"; VariantName = "[No Variations]"
Added Component: Designator=R10(AXIAL-0.4)
Add component. Clean all parameters for all variants
Add component (AddParameter): Name = "LatestRevisionDate"; Value = "17-Jul-2002"; VariantName = "[No Variations]"
Add component (AddParameter): Name = "LatestRevisionNote"; Value = "Re-released for DXP Platform."; VariantName = "[No Variations]"
Add component (AddParameter): Name = "PackageDescription"; Value = "Axial Device, Thru-Hole; 2 Leads; 0.4 in Pin Spacing"; VariantName = "[No Variations]"
Add component (AddParameter): Name = "PackageReference"; Value = "AXIAL-0.4"; VariantName = "[No Variations]"
Add component (AddParameter): Name = "Published"; Value = "8-Jun-2000"; VariantName = "[No Variations]"
Add component (AddParameter): Name = "Publisher"; Value = "Altium Limited"; VariantName = "[No Variations]"
Add component (AddParameter): Name = "Value"; Value = "1K"; VariantName = "[No Variations]"
Added Component: Designator=R11(AXIAL-0.4)
Add component. Clean all parameters for all variants
Add component (AddParameter): Name = "LatestRevisionDate"; Value = "17-Jul-2002"; VariantName = "[No Variations]"
Add component (AddParameter): Name = "LatestRevisionNote"; Value = "Re-released for DXP Platform."; VariantName = "[No Variations]"
Add component (AddParameter): Name = "PackageDescription"; Value = "Axial Device, Thru-Hole; 2 Leads; 0.4 in Pin Spacing"; VariantName = "[No Variations]"
Add component (AddParameter): Name = "PackageReference"; Value = "AXIAL-0.4"; VariantName = "[No Variations]"
Add component (AddParameter): Name = "Published"; Value = "8-Jun-2000"; VariantName = "[No Variations]"
Add component (AddParameter): Name = "Publisher"; Value = "Altium Limited"; VariantName = "[No Variations]"
Add component (AddParameter): Name = "Value"; Value = "1K"; VariantName = "[No Variations]"
Added Component: Designator=R12(AXIAL-0.4)
Add component. Clean all parameters for all variants
Add component (AddParameter): Name = "LatestRevisionDate"; Value = "17-Jul-2002"; VariantName = "[No Variations]"
Add component (AddParameter): Name = "LatestRevisionNote"; Value = "Re-released for DXP Platform."; VariantName = "[No Variations]"
Add component (AddParameter): Name = "PackageDescription"; Value = "Axial Device, Thru-Hole; 2 Leads; 0.4 in Pin Spacing"; VariantName = "[No Variations]"
Add component (AddParameter): Name = "PackageReference"; Value = "AXIAL-0.4"; VariantName = "[No Variations]"
Add component (AddParameter): Name = "Published"; Value = "8-Jun-2000"; VariantName = "[No Variations]"
Add component (AddParameter): Name = "Publisher"; Value = "Altium Limited"; VariantName = "[No Variations]"
Add component (AddParameter): Name = "Value"; Value = "1K"; VariantName = "[No Variations]"
Added Component: Designator=R13(AXIAL-0.4)
Add component. Clean all parameters for all variants
Add component (AddParameter): Name = "LatestRevisionDate"; Value = "17-Jul-2002"; VariantName = "[No Variations]"
Add component (AddParameter): Name = "LatestRevisionNote"; Value = "Re-released for DXP Platform."; VariantName = "[No Variations]"
Add component (AddParameter): Name = "PackageDescription"; Value = "Axial Device, Thru-Hole; 2 Leads; 0.4 in Pin Spacing"; VariantName = "[No Variations]"
Add component (AddParameter): Name = "PackageReference"; Value = "AXIAL-0.4"; VariantName = "[No Variations]"
Add component (AddParameter): Name = "Published"; Value = "8-Jun-2000"; VariantName = "[No Variations]"
Add component (AddParameter): Name = "Publisher"; Value = "Altium Limited"; VariantName = "[No Variations]"
Add component (AddParameter): Name = "Value"; Value = "1K"; VariantName = "[No Variations]"
Added Component: Designator=R14(AXIAL-0.4)
Add component. Clean all parameters for all variants
Add component (AddParameter): Name = "LatestRevisionDate"; Value = "17-Jul-2002"; VariantName = "[No Variations]"
Add component (AddParameter): Name = "LatestRevisionNote"; Value = "Re-released for DXP Platform."; VariantName = "[No Variations]"
Add component (AddParameter): Name = "PackageDescription"; Value = "Axial Device, Thru-Hole; 2 Leads; 0.4 in Pin Spacing"; VariantName = "[No Variations]"
Add component (AddParameter): Name = "PackageReference"; Value = "AXIAL-0.4"; VariantName = "[No Variations]"
Add component (AddParameter): Name = "Published"; Value = "8-Jun-2000"; VariantName = "[No Variations]"
Add component (AddParameter): Name = "Publisher"; Value = "Altium Limited"; VariantName = "[No Variations]"
Add component (AddParameter): Name = "Value"; Value = "1K"; VariantName = "[No Variations]"
Added Component: Designator=R15(AXIAL-0.4)
Add component. Clean all parameters for all variants
Add component (AddParameter): Name = "LatestRevisionDate"; Value = "17-Jul-2002"; VariantName = "[No Variations]"
Add component (AddParameter): Name = "LatestRevisionNote"; Value = "Re-released for DXP Platform."; VariantName = "[No Variations]"
Add component (AddParameter): Name = "PackageDescription"; Value = "Axial Device, Thru-Hole; 2 Leads; 0.4 in Pin Spacing"; VariantName = "[No Variations]"
Add component (AddParameter): Name = "PackageReference"; Value = "AXIAL-0.4"; VariantName = "[No Variations]"
Add component (AddParameter): Name = "Published"; Value = "8-Jun-2000"; VariantName = "[No Variations]"
Add component (AddParameter): Name = "Publisher"; Value = "Altium Limited"; VariantName = "[No Variations]"
Add component (AddParameter): Name = "Value"; Value = "1K"; VariantName = "[No Variations]"
Added Component: Designator=R16(AXIAL-0.4)
Add component. Clean all parameters for all variants
Add component (AddParameter): Name = "LatestRevisionDate"; Value = "17-Jul-2002"; VariantName = "[No Variations]"
Add component (AddParameter): Name = "LatestRevisionNote"; Value = "Re-released for DXP Platform."; VariantName = "[No Variations]"
Add component (AddParameter): Name = "PackageDescription"; Value = "Axial Device, Thru-Hole; 2 Leads; 0.4 in Pin Spacing"; VariantName = "[No Variations]"
Add component (AddParameter): Name = "PackageReference"; Value = "AXIAL-0.4"; VariantName = "[No Variations]"
Add component (AddParameter): Name = "Published"; Value = "8-Jun-2000"; VariantName = "[No Variations]"
Add component (AddParameter): Name = "Publisher"; Value = "Altium Limited"; VariantName = "[No Variations]"
Add component (AddParameter): Name = "Value"; Value = "1K"; VariantName = "[No Variations]"
Added Component: Designator=R17(AXIAL-0.4)
Add component. Clean all parameters for all variants
Add component (AddParameter): Name = "LatestRevisionDate"; Value = "17-Jul-2002"; VariantName = "[No Variations]"
Add component (AddParameter): Name = "LatestRevisionNote"; Value = "Re-released for DXP Platform."; VariantName = "[No Variations]"
Add component (AddParameter): Name = "PackageDescription"; Value = "Axial Device, Thru-Hole; 2 Leads; 0.4 in Pin Spacing"; VariantName = "[No Variations]"
Add component (AddParameter): Name = "PackageReference"; Value = "AXIAL-0.4"; VariantName = "[No Variations]"
Add component (AddParameter): Name = "Published"; Value = "8-Jun-2000"; VariantName = "[No Variations]"
Add component (AddParameter): Name = "Publisher"; Value = "Altium Limited"; VariantName = "[No Variations]"
Add component (AddParameter): Name = "Value"; Value = "1K"; VariantName = "[No Variations]"
Added Component: Designator=R18(AXIAL-0.4)
Add component. Clean all parameters for all variants
Add component (AddParameter): Name = "LatestRevisionDate"; Value = "17-Jul-2002"; VariantName = "[No Variations]"
Add component (AddParameter): Name = "LatestRevisionNote"; Value = "Re-released for DXP Platform."; VariantName = "[No Variations]"
Add component (AddParameter): Name = "PackageDescription"; Value = "Axial Device, Thru-Hole; 2 Leads; 0.4 in Pin Spacing"; VariantName = "[No Variations]"
Add component (AddParameter): Name = "PackageReference"; Value = "AXIAL-0.4"; VariantName = "[No Variations]"
Add component (AddParameter): Name = "Published"; Value = "8-Jun-2000"; VariantName = "[No Variations]"
Add component (AddParameter): Name = "Publisher"; Value = "Altium Limited"; VariantName = "[No Variations]"
Add component (AddParameter): Name = "Value"; Value = "1K"; VariantName = "[No Variations]"
Added Component: Designator=R19(AXIAL-0.4)
Add component. Clean all parameters for all variants
Add component (AddParameter): Name = "LatestRevisionDate"; Value = "17-Jul-2002"; VariantName = "[No Variations]"
Add component (AddParameter): Name = "LatestRevisionNote"; Value = "Re-released for DXP Platform."; VariantName = "[No Variations]"
Add component (AddParameter): Name = "PackageDescription"; Value = "Axial Device, Thru-Hole; 2 Leads; 0.4 in Pin Spacing"; VariantName = "[No Variations]"
Add component (AddParameter): Name = "PackageReference"; Value = "AXIAL-0.4"; VariantName = "[No Variations]"
Add component (AddParameter): Name = "Published"; Value = "8-Jun-2000"; VariantName = "[No Variations]"
Add component (AddParameter): Name = "Publisher"; Value = "Altium Limited"; VariantName = "[No Variations]"
Add component (AddParameter): Name = "Value"; Value = "1K"; VariantName = "[No Variations]"
Added Component: Designator=R20(AXIAL-0.4)
Add component. Clean all parameters for all variants
Add component (AddParameter): Name = "LatestRevisionDate"; Value = "17-Jul-2002"; VariantName = "[No Variations]"
Add component (AddParameter): Name = "LatestRevisionNote"; Value = "Re-released for DXP Platform."; VariantName = "[No Variations]"
Add component (AddParameter): Name = "PackageDescription"; Value = "Axial Device, Thru-Hole; 2 Leads; 0.4 in Pin Spacing"; VariantName = "[No Variations]"
Add component (AddParameter): Name = "PackageReference"; Value = "AXIAL-0.4"; VariantName = "[No Variations]"
Add component (AddParameter): Name = "Published"; Value = "8-Jun-2000"; VariantName = "[No Variations]"
Add component (AddParameter): Name = "Publisher"; Value = "Altium Limited"; VariantName = "[No Variations]"
Add component (AddParameter): Name = "Value"; Value = "1K"; VariantName = "[No Variations]"
Added Component: Designator=R21(AXIAL-0.4)
Add component. Clean all parameters for all variants
Add component (AddParameter): Name = "LatestRevisionDate"; Value = "17-Jul-2002"; VariantName = "[No Variations]"
Add component (AddParameter): Name = "LatestRevisionNote"; Value = "Re-released for DXP Platform."; VariantName = "[No Variations]"
Add component (AddParameter): Name = "PackageDescription"; Value = "Axial Device, Thru-Hole; 2 Leads; 0.4 in Pin Spacing"; VariantName = "[No Variations]"
Add component (AddParameter): Name = "PackageReference"; Value = "AXIAL-0.4"; VariantName = "[No Variations]"
Add component (AddParameter): Name = "Published"; Value = "8-Jun-2000"; VariantName = "[No Variations]"
Add component (AddParameter): Name = "Publisher"; Value = "Altium Limited"; VariantName = "[No Variations]"
Add component (AddParameter): Name = "Value"; Value = "1K"; VariantName = "[No Variations]"
Added Component: Designator=R22(AXIAL-0.4)
Add component. Clean all parameters for all variants
Add component (AddParameter): Name = "LatestRevisionDate"; Value = "17-Jul-2002"; VariantName = "[No Variations]"
Add component (AddParameter): Name = "LatestRevisionNote"; Value = "Re-released for DXP Platform."; VariantName = "[No Variations]"
Add component (AddParameter): Name = "PackageDescription"; Value = "Axial Device, Thru-Hole; 2 Leads; 0.4 in Pin Spacing"; VariantName = "[No Variations]"
Add component (AddParameter): Name = "PackageReference"; Value = "AXIAL-0.4"; VariantName = "[No Variations]"
Add component (AddParameter): Name = "Published"; Value = "8-Jun-2000"; VariantName = "[No Variations]"
Add component (AddParameter): Name = "Publisher"; Value = "Altium Limited"; VariantName = "[No Variations]"
Add component (AddParameter): Name = "Value"; Value = "1K"; VariantName = "[No Variations]"
Added Component: Designator=R23(AXIAL-0.4)
Add component. Clean all parameters for all variants
Add component (AddParameter): Name = "LatestRevisionDate"; Value = "17-Jul-2002"; VariantName = "[No Variations]"
Add component (AddParameter): Name = "LatestRevisionNote"; Value = "Re-released for DXP Platform."; VariantName = "[No Variations]"
Add component (AddParameter): Name = "PackageDescription"; Value = "Axial Device, Thru-Hole; 2 Leads; 0.4 in Pin Spacing"; VariantName = "[No Variations]"
Add component (AddParameter): Name = "PackageReference"; Value = "AXIAL-0.4"; VariantName = "[No Variations]"
Add component (AddParameter): Name = "Published"; Value = "8-Jun-2000"; VariantName = "[No Variations]"
Add component (AddParameter): Name = "Publisher"; Value = "Altium Limited"; VariantName = "[No Variations]"
Add component (AddParameter): Name = "Value"; Value = "1K"; VariantName = "[No Variations]"
Added Component: Designator=R24(AXIAL-0.4)
Add component. Clean all parameters for all variants
Add component (AddParameter): Name = "LatestRevisionDate"; Value = "17-Jul-2002"; VariantName = "[No Variations]"
Add component (AddParameter): Name = "LatestRevisionNote"; Value = "Re-released for DXP Platform."; VariantName = "[No Variations]"
Add component (AddParameter): Name = "PackageDescription"; Value = "Axial Device, Thru-Hole; 2 Leads; 0.4 in Pin Spacing"; VariantName = "[No Variations]"
Add component (AddParameter): Name = "PackageReference"; Value = "AXIAL-0.4"; VariantName = "[No Variations]"
Add component (AddParameter): Name = "Published"; Value = "8-Jun-2000"; VariantName = "[No Variations]"
Add component (AddParameter): Name = "Publisher"; Value = "Altium Limited"; VariantName = "[No Variations]"
Add component (AddParameter): Name = "Value"; Value = "1K"; VariantName = "[No Variations]"
Added Component: Designator=RJ1(RJ45_90)
Add component. Clean all parameters for all variants
Added Component: Designator=RJ2(RJ45_90)
Add component. Clean all parameters for all variants
Added Component: Designator=TCS1(RJ45_Simples)
Add component. Clean all parameters for all variants
Added Component: Designator=TCS2(RJ45_90)
Add component. Clean all parameters for all variants
Added Component: Designator=TCS3(RJ45_90)
Add component. Clean all parameters for all variants
Added Component: Designator=TCS4(RJ45_90)
Add component. Clean all parameters for all variants
Added Component: Designator=TCS230_1(RJ45_90)
Add component. Clean all parameters for all variants
Added Component: Designator=TCS230_2(RJ45_90)
Add component. Clean all parameters for all variants
Added Component: Designator=TCS230_3(RJ45_Simples)
Add component. Clean all parameters for all variants
Added Pin To Net: NetName=3.3V Pin=Central_3-1
Added Pin To Net: NetName=3.3V Pin=Central_3-3
Added Pin To Net: NetName=3.3V Pin=Central_Principal-1
Added Pin To Net: NetName=3.3V Pin=Central_Principal-3
Added Pin To Net: NetName=3.3V Pin=Encoder_1-1
Added Pin To Net: NetName=3.3V Pin=Encoder_1-4
Added Pin To Net: NetName=3.3V Pin=Encoder_2-1
Added Pin To Net: NetName=3.3V Pin=Encoder_2-2
Added Pin To Net: NetName=3.3V Pin=Encoder_2-3
Added Pin To Net: NetName=3.3V Pin=Encoder_2-4
Added Pin To Net: NetName=3.3V Pin=Encoder_3-1
Added Pin To Net: NetName=3.3V Pin=Encoder_3-4
Added Pin To Net: NetName=3.3V Pin=Encoder_4-4
Added Pin To Net: NetName=3.3V Pin=Encoder_5-4
Added Pin To Net: NetName=3.3V Pin=Encoder_6-4
Added Pin To Net: NetName=3.3V Pin=K1-4
Added Pin To Net: NetName=3.3V Pin=K3-1
Added Pin To Net: NetName=3.3V Pin=K3-4
Added Pin To Net: NetName=3.3V Pin=LDR_1-1
Added Pin To Net: NetName=3.3V Pin=LDR_1-2
Added Pin To Net: NetName=3.3V Pin=LDR_1-2
Added Pin To Net: NetName=3.3V Pin=LDR_1-4
Added Pin To Net: NetName=3.3V Pin=LDR_1-4
Added Pin To Net: NetName=3.3V Pin=LDR_1-6
Added Pin To Net: NetName=3.3V Pin=LDR_1-6
Added Pin To Net: NetName=3.3V Pin=LDR_1-8
Added Pin To Net: NetName=3.3V Pin=LDR_1-8
Added Pin To Net: NetName=3.3V Pin=LDR_2-2
Added Pin To Net: NetName=3.3V Pin=LDR_2-2
Added Pin To Net: NetName=3.3V Pin=LDR_2-4
Added Pin To Net: NetName=3.3V Pin=LDR_2-4
Added Pin To Net: NetName=3.3V Pin=LDR_2-6
Added Pin To Net: NetName=3.3V Pin=LDR_2-6
Added Pin To Net: NetName=3.3V Pin=LDR_2-8
Added Pin To Net: NetName=3.3V Pin=LDR_2-8
Added Pin To Net: NetName=3.3V Pin=LDR_3-2
Added Pin To Net: NetName=3.3V Pin=LDR_3-2
Added Pin To Net: NetName=3.3V Pin=LDR_3-4
Added Pin To Net: NetName=3.3V Pin=LDR_3-4
Added Pin To Net: NetName=3.3V Pin=LDR_3-6
Added Pin To Net: NetName=3.3V Pin=LDR_3-6
Added Pin To Net: NetName=3.3V Pin=LDR_3-8
Added Pin To Net: NetName=3.3V Pin=LDR_3-8
Added Pin To Net: NetName=3.3V Pin=Nano_1-22
Added Pin To Net: NetName=3.3V Pin=Nano_1-28
Added Pin To Net: NetName=3.3V Pin=Nano_2-3
Added Pin To Net: NetName=3.3V Pin=Nano_2-28
Added Pin To Net: NetName=3.3V Pin=R24-1
Added Pin To Net: NetName=3.3V Pin=RJ1-3
Added Pin To Net: NetName=3.3V Pin=RJ1-4
Added Pin To Net: NetName=3.3V Pin=TCS1-1
Added Pin To Net: NetName=3.3V Pin=TCS2-1
Added Pin To Net: NetName=3.3V Pin=TCS3-1
Added Pin To Net: NetName=3.3V Pin=TCS4-1
Added Pin To Net: NetName=3.3V Pin=TCS230_1-8
Added Pin To Net: NetName=3.3V Pin=TCS230_2-8
Added Pin To Net: NetName=3.3V Pin=TCS230_3-8
Added Net: Name=3.3V
Added Pin To Net: NetName=5VCC Pin=Central_3-4
Added Pin To Net: NetName=5VCC Pin=Central_Principal-2
Added Pin To Net: NetName=5VCC Pin=Nano_1-29
Added Pin To Net: NetName=5VCC Pin=Nano_2-11
Added Pin To Net: NetName=5VCC Pin=Nano_2-29
Added Pin To Net: NetName=5VCC Pin=R1-2
Added Pin To Net: NetName=5VCC Pin=R2-2
Added Pin To Net: NetName=5VCC Pin=R3-2
Added Pin To Net: NetName=5VCC Pin=R4-2
Added Pin To Net: NetName=5VCC Pin=R5-2
Added Pin To Net: NetName=5VCC Pin=R6-2
Added Pin To Net: NetName=5VCC Pin=R7-2
Added Pin To Net: NetName=5VCC Pin=R8-2
Added Pin To Net: NetName=5VCC Pin=R9-2
Added Pin To Net: NetName=5VCC Pin=R10-2
Added Pin To Net: NetName=5VCC Pin=R11-2
Added Pin To Net: NetName=5VCC Pin=R12-2
Added Pin To Net: NetName=5VCC Pin=R13-2
Added Pin To Net: NetName=5VCC Pin=R14-2
Added Pin To Net: NetName=5VCC Pin=R15-2
Added Pin To Net: NetName=5VCC Pin=R16-2
Added Pin To Net: NetName=5VCC Pin=R17-2
Added Pin To Net: NetName=5VCC Pin=R18-2
Added Pin To Net: NetName=5VCC Pin=R19-2
Added Pin To Net: NetName=5VCC Pin=R20-2
Added Pin To Net: NetName=5VCC Pin=R21-2
Added Pin To Net: NetName=5VCC Pin=R22-2
Added Pin To Net: NetName=5VCC Pin=R23-2
Added Pin To Net: NetName=5VCC Pin=R24-2
Added Pin To Net: NetName=5VCC Pin=TCS1-7
Added Pin To Net: NetName=5VCC Pin=TCS1-8
Added Pin To Net: NetName=5VCC Pin=TCS2-8
Added Pin To Net: NetName=5VCC Pin=TCS3-8
Added Pin To Net: NetName=5VCC Pin=TCS4-8
Added Pin To Net: NetName=5VCC Pin=TCS230_1-1
Added Pin To Net: NetName=5VCC Pin=TCS230_2-1
Added Pin To Net: NetName=5VCC Pin=TCS230_3-1
Added Net: Name=5VCC
Added Pin To Net: NetName=NetCentral_1_1 Pin=Central_1-1
Added Pin To Net: NetName=NetCentral_1_1 Pin=TCS230_1-5
Added Pin To Net: NetName=NetCentral_1_1 Pin=TCS230_2-5
Added Pin To Net: NetName=NetCentral_1_1 Pin=TCS230_3-5
Added Net: Name=NetCentral_1_1
Added Pin To Net: NetName=NetCentral_1_2 Pin=Central_1-2
Added Pin To Net: NetName=NetCentral_1_2 Pin=TCS230_3-7
Added Net: Name=NetCentral_1_2
Added Pin To Net: NetName=NetCentral_1_3 Pin=Central_1-3
Added Pin To Net: NetName=NetCentral_1_3 Pin=TCS230_2-7
Added Net: Name=NetCentral_1_3
Added Pin To Net: NetName=NetCentral_1_4 Pin=Central_1-4
Added Pin To Net: NetName=NetCentral_1_4 Pin=TCS230_1-7
Added Net: Name=NetCentral_1_4
Added Pin To Net: NetName=NetCentral_1_5 Pin=Central_1-5
Added Pin To Net: NetName=NetCentral_1_5 Pin=TCS230_1-3
Added Pin To Net: NetName=NetCentral_1_5 Pin=TCS230_2-3
Added Pin To Net: NetName=NetCentral_1_5 Pin=TCS230_3-3
Added Net: Name=NetCentral_1_5
Added Pin To Net: NetName=NetCentral_1_6 Pin=Central_1-6
Added Pin To Net: NetName=NetCentral_1_6 Pin=TCS230_1-2
Added Pin To Net: NetName=NetCentral_1_6 Pin=TCS230_2-2
Added Pin To Net: NetName=NetCentral_1_6 Pin=TCS230_3-2
Added Net: Name=NetCentral_1_6
Added Pin To Net: NetName=NetCentral_1_7 Pin=Central_1-7
Added Pin To Net: NetName=NetCentral_1_7 Pin=TCS230_1-4
Added Pin To Net: NetName=NetCentral_1_7 Pin=TCS230_2-4
Added Pin To Net: NetName=NetCentral_1_7 Pin=TCS230_3-4
Added Net: Name=NetCentral_1_7
Added Pin To Net: NetName=NetCentral_1_8 Pin=Central_1-8
Added Pin To Net: NetName=NetCentral_1_8 Pin=TCS230_1-6
Added Pin To Net: NetName=NetCentral_1_8 Pin=TCS230_2-6
Added Pin To Net: NetName=NetCentral_1_8 Pin=TCS230_3-6
Added Net: Name=NetCentral_1_8
Added Pin To Net: NetName=NetCentral_2_1 Pin=Central_2-1
Added Pin To Net: NetName=NetCentral_2_1 Pin=LDR_1-5
Added Pin To Net: NetName=NetCentral_2_1 Pin=R2-1
Added Net: Name=NetCentral_2_1
Added Pin To Net: NetName=NetCentral_2_2 Pin=Central_2-2
Added Pin To Net: NetName=NetCentral_2_2 Pin=LDR_1-7
Added Pin To Net: NetName=NetCentral_2_2 Pin=R1-1
Added Net: Name=NetCentral_2_2
Added Pin To Net: NetName=NetCentral_2_3 Pin=Central_2-3
Added Pin To Net: NetName=NetCentral_2_3 Pin=LDR_1-1
Added Pin To Net: NetName=NetCentral_2_3 Pin=R4-1
Added Net: Name=NetCentral_2_3
Added Pin To Net: NetName=NetCentral_2_4 Pin=Central_2-4
Added Pin To Net: NetName=NetCentral_2_4 Pin=LDR_1-3
Added Pin To Net: NetName=NetCentral_2_4 Pin=R3-1
Added Net: Name=NetCentral_2_4
Added Pin To Net: NetName=NetCentral_2_5 Pin=Central_2-5
Added Pin To Net: NetName=NetCentral_2_5 Pin=LDR_2-7
Added Pin To Net: NetName=NetCentral_2_5 Pin=R5-1
Added Net: Name=NetCentral_2_5
Added Pin To Net: NetName=NetCentral_2_6 Pin=Central_2-6
Added Pin To Net: NetName=NetCentral_2_6 Pin=LDR_2-5
Added Pin To Net: NetName=NetCentral_2_6 Pin=R6-1
Added Net: Name=NetCentral_2_6
Added Pin To Net: NetName=NetCentral_2_7 Pin=Central_2-7
Added Pin To Net: NetName=NetCentral_2_7 Pin=LDR_2-3
Added Pin To Net: NetName=NetCentral_2_7 Pin=R7-1
Added Net: Name=NetCentral_2_7
Added Pin To Net: NetName=NetCentral_2_8 Pin=Central_2-8
Added Pin To Net: NetName=NetCentral_2_8 Pin=LDR_2-1
Added Pin To Net: NetName=NetCentral_2_8 Pin=R8-1
Added Net: Name=NetCentral_2_8
Added Pin To Net: NetName=NetCentral_3_5 Pin=Central_3-5
Added Pin To Net: NetName=NetCentral_3_5 Pin=LDR_3-7
Added Pin To Net: NetName=NetCentral_3_5 Pin=R9-1
Added Net: Name=NetCentral_3_5
Added Pin To Net: NetName=NetCentral_3_6 Pin=Central_3-6
Added Pin To Net: NetName=NetCentral_3_6 Pin=LDR_3-5
Added Pin To Net: NetName=NetCentral_3_6 Pin=R10-1
Added Net: Name=NetCentral_3_6
Added Pin To Net: NetName=NetCentral_3_7 Pin=Central_3-7
Added Pin To Net: NetName=NetCentral_3_7 Pin=LDR_3-3
Added Pin To Net: NetName=NetCentral_3_7 Pin=R11-1
Added Net: Name=NetCentral_3_7
Added Pin To Net: NetName=NetCentral_3_8 Pin=Central_3-8
Added Pin To Net: NetName=NetCentral_3_8 Pin=LDR_3-1
Added Pin To Net: NetName=NetCentral_3_8 Pin=R12-1
Added Net: Name=NetCentral_3_8
Added Pin To Net: NetName=NetCentral_Principal_4 Pin=Central_Principal-4
Added Pin To Net: NetName=NetCentral_Principal_4 Pin=Nano_1-15
Added Pin To Net: NetName=NetCentral_Principal_4 Pin=Nano_2-15
Added Net: Name=NetCentral_Principal_4
Added Pin To Net: NetName=NetCentral_Principal_5 Pin=Central_Principal-5
Added Pin To Net: NetName=NetCentral_Principal_5 Pin=Nano_1-14
Added Pin To Net: NetName=NetCentral_Principal_5 Pin=Nano_2-14
Added Net: Name=NetCentral_Principal_5
Added Pin To Net: NetName=NetCentral_Principal_6 Pin=Central_Principal-6
Added Pin To Net: NetName=NetCentral_Principal_6 Pin=Nano_1-13
Added Pin To Net: NetName=NetCentral_Principal_6 Pin=Nano_2-13
Added Net: Name=NetCentral_Principal_6
Added Pin To Net: NetName=NetCentral_Principal_7 Pin=Central_Principal-7
Added Pin To Net: NetName=NetCentral_Principal_7 Pin=Nano_1-12
Added Net: Name=NetCentral_Principal_7
Added Pin To Net: NetName=NetCentral_Principal_8 Pin=Central_Principal-8
Added Pin To Net: NetName=NetCentral_Principal_8 Pin=Nano_2-12
Added Net: Name=NetCentral_Principal_8
Added Pin To Net: NetName=NetEncoder_1_2 Pin=Encoder_1-2
Added Pin To Net: NetName=NetEncoder_1_2 Pin=RJ1-2
Added Net: Name=NetEncoder_1_2
Added Pin To Net: NetName=NetEncoder_1_3 Pin=Encoder_1-3
Added Pin To Net: NetName=NetEncoder_1_3 Pin=RJ1-1
Added Net: Name=NetEncoder_1_3
Added Pin To Net: NetName=NetEncoder_3_2 Pin=Encoder_3-2
Added Pin To Net: NetName=NetEncoder_3_2 Pin=RJ1-6
Added Net: Name=NetEncoder_3_2
Added Pin To Net: NetName=NetEncoder_3_3 Pin=Encoder_3-3
Added Pin To Net: NetName=NetEncoder_3_3 Pin=RJ1-5
Added Net: Name=NetEncoder_3_3
Added Pin To Net: NetName=NetEncoder_4_1 Pin=Encoder_4-1
Added Pin To Net: NetName=NetEncoder_4_1 Pin=Encoder_5-1
Added Pin To Net: NetName=NetEncoder_4_1 Pin=Encoder_6-1
Added Pin To Net: NetName=NetEncoder_4_1 Pin=K1-1
Added Net: Name=NetEncoder_4_1
Added Pin To Net: NetName=NetEncoder_4_2 Pin=Encoder_4-2
Added Pin To Net: NetName=NetEncoder_4_2 Pin=RJ2-6
Added Net: Name=NetEncoder_4_2
Added Pin To Net: NetName=NetEncoder_4_3 Pin=Encoder_4-3
Added Pin To Net: NetName=NetEncoder_4_3 Pin=RJ2-5
Added Net: Name=NetEncoder_4_3
Added Pin To Net: NetName=NetEncoder_5_2 Pin=Encoder_5-2
Added Pin To Net: NetName=NetEncoder_5_2 Pin=RJ2-4
Added Net: Name=NetEncoder_5_2
Added Pin To Net: NetName=NetEncoder_5_3 Pin=Encoder_5-3
Added Pin To Net: NetName=NetEncoder_5_3 Pin=RJ2-3
Added Net: Name=NetEncoder_5_3
Added Pin To Net: NetName=NetEncoder_6_2 Pin=Encoder_6-2
Added Pin To Net: NetName=NetEncoder_6_2 Pin=RJ2-2
Added Net: Name=NetEncoder_6_2
Added Pin To Net: NetName=NetEncoder_6_3 Pin=Encoder_6-3
Added Pin To Net: NetName=NetEncoder_6_3 Pin=RJ2-1
Added Net: Name=NetEncoder_6_3
Added Pin To Net: NetName=NetK1_2 Pin=K1-2
Added Pin To Net: NetName=NetK1_2 Pin=RJ2-8
Added Net: Name=NetK1_2
Added Pin To Net: NetName=NetK1_3 Pin=K1-3
Added Pin To Net: NetName=NetK1_3 Pin=RJ2-7
Added Net: Name=NetK1_3
Added Pin To Net: NetName=NetK3_2 Pin=K3-2
Added Pin To Net: NetName=NetK3_2 Pin=RJ1-8
Added Net: Name=NetK3_2
Added Pin To Net: NetName=NetK3_3 Pin=K3-3
Added Pin To Net: NetName=NetK3_3 Pin=RJ1-7
Added Net: Name=NetK3_3
Added Pin To Net: NetName=NetLDR_1_3 Pin=LDR_1-3
Added Pin To Net: NetName=NetLDR_1_3 Pin=Nano_1-23
Added Pin To Net: NetName=NetLDR_1_3 Pin=R23-1
Added Net: Name=NetLDR_1_3
Added Pin To Net: NetName=NetLDR_1_5 Pin=LDR_1-5
Added Pin To Net: NetName=NetLDR_1_5 Pin=Nano_1-24
Added Pin To Net: NetName=NetLDR_1_5 Pin=R22-1
Added Net: Name=NetLDR_1_5
Added Pin To Net: NetName=NetLDR_1_7 Pin=LDR_1-7
Added Pin To Net: NetName=NetLDR_1_7 Pin=Nano_1-25
Added Pin To Net: NetName=NetLDR_1_7 Pin=R21-1
Added Net: Name=NetLDR_1_7
Added Pin To Net: NetName=NetLDR_2_1 Pin=LDR_2-1
Added Pin To Net: NetName=NetLDR_2_1 Pin=Nano_1-21
Added Pin To Net: NetName=NetLDR_2_1 Pin=R20-1
Added Net: Name=NetLDR_2_1
Added Pin To Net: NetName=NetLDR_2_3 Pin=LDR_2-3
Added Pin To Net: NetName=NetLDR_2_3 Pin=Nano_1-20
Added Pin To Net: NetName=NetLDR_2_3 Pin=R19-1
Added Net: Name=NetLDR_2_3
Added Pin To Net: NetName=NetLDR_2_5 Pin=LDR_2-5
Added Pin To Net: NetName=NetLDR_2_5 Pin=Nano_1-19
Added Pin To Net: NetName=NetLDR_2_5 Pin=R18-1
Added Net: Name=NetLDR_2_5
Added Pin To Net: NetName=NetLDR_2_7 Pin=LDR_2-7
Added Pin To Net: NetName=NetLDR_2_7 Pin=Nano_1-18
Added Pin To Net: NetName=NetLDR_2_7 Pin=R17-1
Added Net: Name=NetLDR_2_7
Added Pin To Net: NetName=NetLDR_3_1 Pin=LDR_3-1
Added Pin To Net: NetName=NetLDR_3_1 Pin=Nano_2-23
Added Pin To Net: NetName=NetLDR_3_1 Pin=R16-1
Added Net: Name=NetLDR_3_1
Added Pin To Net: NetName=NetLDR_3_3 Pin=LDR_3-3
Added Pin To Net: NetName=NetLDR_3_3 Pin=Nano_2-24
Added Pin To Net: NetName=NetLDR_3_3 Pin=R15-1
Added Net: Name=NetLDR_3_3
Added Pin To Net: NetName=NetLDR_3_5 Pin=LDR_3-5
Added Pin To Net: NetName=NetLDR_3_5 Pin=Nano_2-25
Added Pin To Net: NetName=NetLDR_3_5 Pin=R14-1
Added Net: Name=NetLDR_3_5
Added Pin To Net: NetName=NetLDR_3_7 Pin=LDR_3-7
Added Pin To Net: NetName=NetLDR_3_7 Pin=Nano_2-21
Added Pin To Net: NetName=NetLDR_3_7 Pin=R13-1
Added Net: Name=NetLDR_3_7
Added Pin To Net: NetName=NetNano_2_4 Pin=Nano_2-4
Added Pin To Net: NetName=NetNano_2_4 Pin=TCS1-5
Added Pin To Net: NetName=NetNano_2_4 Pin=TCS2-5
Added Pin To Net: NetName=NetNano_2_4 Pin=TCS3-5
Added Pin To Net: NetName=NetNano_2_4 Pin=TCS4-5
Added Net: Name=NetNano_2_4
Added Pin To Net: NetName=NetNano_2_5 Pin=Nano_2-5
Added Pin To Net: NetName=NetNano_2_5 Pin=TCS4-7
Added Net: Name=NetNano_2_5
Added Pin To Net: NetName=NetNano_2_6 Pin=Nano_2-6
Added Pin To Net: NetName=NetNano_2_6 Pin=TCS1-3
Added Pin To Net: NetName=NetNano_2_6 Pin=TCS2-3
Added Pin To Net: NetName=NetNano_2_6 Pin=TCS3-3
Added Pin To Net: NetName=NetNano_2_6 Pin=TCS4-3
Added Net: Name=NetNano_2_6
Added Pin To Net: NetName=NetNano_2_7 Pin=Nano_2-7
Added Pin To Net: NetName=NetNano_2_7 Pin=TCS3-7
Added Net: Name=NetNano_2_7
Added Pin To Net: NetName=NetNano_2_8 Pin=Nano_2-8
Added Pin To Net: NetName=NetNano_2_8 Pin=TCS2-7
Added Net: Name=NetNano_2_8
Added Pin To Net: NetName=NetNano_2_9 Pin=Nano_2-9
Added Pin To Net: NetName=NetNano_2_9 Pin=TCS1-2
Added Pin To Net: NetName=NetNano_2_9 Pin=TCS2-2
Added Pin To Net: NetName=NetNano_2_9 Pin=TCS3-2
Added Pin To Net: NetName=NetNano_2_9 Pin=TCS4-2
Added Net: Name=NetNano_2_9
Added Pin To Net: NetName=NetNano_2_10 Pin=Nano_2-10
Added Pin To Net: NetName=NetNano_2_10 Pin=TCS1-4
Added Pin To Net: NetName=NetNano_2_10 Pin=TCS2-4
Added Pin To Net: NetName=NetNano_2_10 Pin=TCS3-4
Added Pin To Net: NetName=NetNano_2_10 Pin=TCS4-4
Added Net: Name=NetNano_2_10
Added Pin To Net: NetName=NetNano_2_22 Pin=Nano_2-22
Added Pin To Net: NetName=NetNano_2_22 Pin=TCS1-6
Added Pin To Net: NetName=NetNano_2_22 Pin=TCS2-6
Added Pin To Net: NetName=NetNano_2_22 Pin=TCS3-6
Added Pin To Net: NetName=NetNano_2_22 Pin=TCS4-6
Added Net: Name=NetNano_2_22
Added Class: Name=schMapaSensorChassi
Added Class: Name=schSensorChassiNano
Added Room: Name=schMapaSensorChassi
Added Room: Name=schSensorChassiNano
