Added Component: Designator=Central_Principal(RJ45_90)
Add component. Clean all parameters for all variants
Added Component: Designator=Encoder_4(4-vias)
Add component. Clean all parameters for all variants
Add component (AddParameter): Name = "ComponentLink1Description"; Value = "Fabricante"; VariantName = "[No Variations]"
Add component (AddParameter): Name = "ComponentLink1URL"; Value = "https://www.molex.com/molex/products/family?key=kk_254_rpc_connector_system&channel=products&chanName=family&pageTitle=Introduction&parentKey=kk_interconnect_solutions"; VariantName = "[No Variations]"
Added Component: Designator=Encoder_5(4-vias)
Add component. Clean all parameters for all variants
Add component (AddParameter): Name = "ComponentLink1Description"; Value = "Fabricante"; VariantName = "[No Variations]"
Add component (AddParameter): Name = "ComponentLink1URL"; Value = "https://www.molex.com/molex/products/family?key=kk_254_rpc_connector_system&channel=products&chanName=family&pageTitle=Introduction&parentKey=kk_interconnect_solutions"; VariantName = "[No Variations]"
Added Component: Designator=Encoder_6(4-vias)
Add component. Clean all parameters for all variants
Add component (AddParameter): Name = "ComponentLink1Description"; Value = "Fabricante"; VariantName = "[No Variations]"
Add component (AddParameter): Name = "ComponentLink1URL"; Value = "https://www.molex.com/molex/products/family?key=kk_254_rpc_connector_system&channel=products&chanName=family&pageTitle=Introduction&parentKey=kk_interconnect_solutions"; VariantName = "[No Variations]"
Added Component: Designator=K1(4-vias)
Add component. Clean all parameters for all variants
Add component (AddParameter): Name = "ComponentLink1Description"; Value = "Fabricante"; VariantName = "[No Variations]"
Add component (AddParameter): Name = "ComponentLink1URL"; Value = "https://www.molex.com/molex/products/family?key=kk_254_rpc_connector_system&channel=products&chanName=family&pageTitle=Introduction&parentKey=kk_interconnect_solutions"; VariantName = "[No Variations]"
Added Component: Designator=K2(3-vias)
Add component. Clean all parameters for all variants
Added Component: Designator=LDR_1_2(RJ45_Simples)
Add component. Clean all parameters for all variants
Added Component: Designator=LDR_2_2(RJ45_Simples)
Add component. Clean all parameters for all variants
Added Component: Designator=LDR_3_2(RJ45_Simples)
Add component. Clean all parameters for all variants
Added Component: Designator=Nano_1(Arduino_Nano)
Add component. Clean all parameters for all variants
Added Component: Designator=Nano_2(Arduino_Nano)
Add component. Clean all parameters for all variants
Added Component: Designator=R13(AXIAL-0.4)
Add component. Clean all parameters for all variants
Add component (AddParameter): Name = "LatestRevisionDate"; Value = "17-Jul-2002"; VariantName = "[No Variations]"
Add component (AddParameter): Name = "LatestRevisionNote"; Value = "Re-released for DXP Platform."; VariantName = "[No Variations]"
Add component (AddParameter): Name = "PackageDescription"; Value = "Axial Device, Thru-Hole; 2 Leads; 0.4 in Pin Spacing"; VariantName = "[No Variations]"
Add component (AddParameter): Name = "PackageReference"; Value = "AXIAL-0.4"; VariantName = "[No Variations]"
Add component (AddParameter): Name = "Published"; Value = "8-Jun-2000"; VariantName = "[No Variations]"
Add component (AddParameter): Name = "Publisher"; Value = "Altium Limited"; VariantName = "[No Variations]"
Add component (AddParameter): Name = "Value"; Value = "1K"; VariantName = "[No Variations]"
Added Component: Designator=R14(AXIAL-0.4)
Add component. Clean all parameters for all variants
Add component (AddParameter): Name = "LatestRevisionDate"; Value = "17-Jul-2002"; VariantName = "[No Variations]"
Add component (AddParameter): Name = "LatestRevisionNote"; Value = "Re-released for DXP Platform."; VariantName = "[No Variations]"
Add component (AddParameter): Name = "PackageDescription"; Value = "Axial Device, Thru-Hole; 2 Leads; 0.4 in Pin Spacing"; VariantName = "[No Variations]"
Add component (AddParameter): Name = "PackageReference"; Value = "AXIAL-0.4"; VariantName = "[No Variations]"
Add component (AddParameter): Name = "Published"; Value = "8-Jun-2000"; VariantName = "[No Variations]"
Add component (AddParameter): Name = "Publisher"; Value = "Altium Limited"; VariantName = "[No Variations]"
Add component (AddParameter): Name = "Value"; Value = "1K"; VariantName = "[No Variations]"
Added Component: Designator=R15(AXIAL-0.4)
Add component. Clean all parameters for all variants
Add component (AddParameter): Name = "LatestRevisionDate"; Value = "17-Jul-2002"; VariantName = "[No Variations]"
Add component (AddParameter): Name = "LatestRevisionNote"; Value = "Re-released for DXP Platform."; VariantName = "[No Variations]"
Add component (AddParameter): Name = "PackageDescription"; Value = "Axial Device, Thru-Hole; 2 Leads; 0.4 in Pin Spacing"; VariantName = "[No Variations]"
Add component (AddParameter): Name = "PackageReference"; Value = "AXIAL-0.4"; VariantName = "[No Variations]"
Add component (AddParameter): Name = "Published"; Value = "8-Jun-2000"; VariantName = "[No Variations]"
Add component (AddParameter): Name = "Publisher"; Value = "Altium Limited"; VariantName = "[No Variations]"
Add component (AddParameter): Name = "Value"; Value = "1K"; VariantName = "[No Variations]"
Added Component: Designator=R16(AXIAL-0.4)
Add component. Clean all parameters for all variants
Add component (AddParameter): Name = "LatestRevisionDate"; Value = "17-Jul-2002"; VariantName = "[No Variations]"
Add component (AddParameter): Name = "LatestRevisionNote"; Value = "Re-released for DXP Platform."; VariantName = "[No Variations]"
Add component (AddParameter): Name = "PackageDescription"; Value = "Axial Device, Thru-Hole; 2 Leads; 0.4 in Pin Spacing"; VariantName = "[No Variations]"
Add component (AddParameter): Name = "PackageReference"; Value = "AXIAL-0.4"; VariantName = "[No Variations]"
Add component (AddParameter): Name = "Published"; Value = "8-Jun-2000"; VariantName = "[No Variations]"
Add component (AddParameter): Name = "Publisher"; Value = "Altium Limited"; VariantName = "[No Variations]"
Add component (AddParameter): Name = "Value"; Value = "1K"; VariantName = "[No Variations]"
Added Component: Designator=R17(AXIAL-0.4)
Add component. Clean all parameters for all variants
Add component (AddParameter): Name = "LatestRevisionDate"; Value = "17-Jul-2002"; VariantName = "[No Variations]"
Add component (AddParameter): Name = "LatestRevisionNote"; Value = "Re-released for DXP Platform."; VariantName = "[No Variations]"
Add component (AddParameter): Name = "PackageDescription"; Value = "Axial Device, Thru-Hole; 2 Leads; 0.4 in Pin Spacing"; VariantName = "[No Variations]"
Add component (AddParameter): Name = "PackageReference"; Value = "AXIAL-0.4"; VariantName = "[No Variations]"
Add component (AddParameter): Name = "Published"; Value = "8-Jun-2000"; VariantName = "[No Variations]"
Add component (AddParameter): Name = "Publisher"; Value = "Altium Limited"; VariantName = "[No Variations]"
Add component (AddParameter): Name = "Value"; Value = "1K"; VariantName = "[No Variations]"
Added Component: Designator=R18(AXIAL-0.4)
Add component. Clean all parameters for all variants
Add component (AddParameter): Name = "LatestRevisionDate"; Value = "17-Jul-2002"; VariantName = "[No Variations]"
Add component (AddParameter): Name = "LatestRevisionNote"; Value = "Re-released for DXP Platform."; VariantName = "[No Variations]"
Add component (AddParameter): Name = "PackageDescription"; Value = "Axial Device, Thru-Hole; 2 Leads; 0.4 in Pin Spacing"; VariantName = "[No Variations]"
Add component (AddParameter): Name = "PackageReference"; Value = "AXIAL-0.4"; VariantName = "[No Variations]"
Add component (AddParameter): Name = "Published"; Value = "8-Jun-2000"; VariantName = "[No Variations]"
Add component (AddParameter): Name = "Publisher"; Value = "Altium Limited"; VariantName = "[No Variations]"
Add component (AddParameter): Name = "Value"; Value = "1K"; VariantName = "[No Variations]"
Added Component: Designator=R19(AXIAL-0.4)
Add component. Clean all parameters for all variants
Add component (AddParameter): Name = "LatestRevisionDate"; Value = "17-Jul-2002"; VariantName = "[No Variations]"
Add component (AddParameter): Name = "LatestRevisionNote"; Value = "Re-released for DXP Platform."; VariantName = "[No Variations]"
Add component (AddParameter): Name = "PackageDescription"; Value = "Axial Device, Thru-Hole; 2 Leads; 0.4 in Pin Spacing"; VariantName = "[No Variations]"
Add component (AddParameter): Name = "PackageReference"; Value = "AXIAL-0.4"; VariantName = "[No Variations]"
Add component (AddParameter): Name = "Published"; Value = "8-Jun-2000"; VariantName = "[No Variations]"
Add component (AddParameter): Name = "Publisher"; Value = "Altium Limited"; VariantName = "[No Variations]"
Add component (AddParameter): Name = "Value"; Value = "1K"; VariantName = "[No Variations]"
Added Component: Designator=R20(AXIAL-0.4)
Add component. Clean all parameters for all variants
Add component (AddParameter): Name = "LatestRevisionDate"; Value = "17-Jul-2002"; VariantName = "[No Variations]"
Add component (AddParameter): Name = "LatestRevisionNote"; Value = "Re-released for DXP Platform."; VariantName = "[No Variations]"
Add component (AddParameter): Name = "PackageDescription"; Value = "Axial Device, Thru-Hole; 2 Leads; 0.4 in Pin Spacing"; VariantName = "[No Variations]"
Add component (AddParameter): Name = "PackageReference"; Value = "AXIAL-0.4"; VariantName = "[No Variations]"
Add component (AddParameter): Name = "Published"; Value = "8-Jun-2000"; VariantName = "[No Variations]"
Add component (AddParameter): Name = "Publisher"; Value = "Altium Limited"; VariantName = "[No Variations]"
Add component (AddParameter): Name = "Value"; Value = "1K"; VariantName = "[No Variations]"
Added Component: Designator=R21(AXIAL-0.4)
Add component. Clean all parameters for all variants
Add component (AddParameter): Name = "LatestRevisionDate"; Value = "17-Jul-2002"; VariantName = "[No Variations]"
Add component (AddParameter): Name = "LatestRevisionNote"; Value = "Re-released for DXP Platform."; VariantName = "[No Variations]"
Add component (AddParameter): Name = "PackageDescription"; Value = "Axial Device, Thru-Hole; 2 Leads; 0.4 in Pin Spacing"; VariantName = "[No Variations]"
Add component (AddParameter): Name = "PackageReference"; Value = "AXIAL-0.4"; VariantName = "[No Variations]"
Add component (AddParameter): Name = "Published"; Value = "8-Jun-2000"; VariantName = "[No Variations]"
Add component (AddParameter): Name = "Publisher"; Value = "Altium Limited"; VariantName = "[No Variations]"
Add component (AddParameter): Name = "Value"; Value = "1K"; VariantName = "[No Variations]"
Added Component: Designator=R22(AXIAL-0.4)
Add component. Clean all parameters for all variants
Add component (AddParameter): Name = "LatestRevisionDate"; Value = "17-Jul-2002"; VariantName = "[No Variations]"
Add component (AddParameter): Name = "LatestRevisionNote"; Value = "Re-released for DXP Platform."; VariantName = "[No Variations]"
Add component (AddParameter): Name = "PackageDescription"; Value = "Axial Device, Thru-Hole; 2 Leads; 0.4 in Pin Spacing"; VariantName = "[No Variations]"
Add component (AddParameter): Name = "PackageReference"; Value = "AXIAL-0.4"; VariantName = "[No Variations]"
Add component (AddParameter): Name = "Published"; Value = "8-Jun-2000"; VariantName = "[No Variations]"
Add component (AddParameter): Name = "Publisher"; Value = "Altium Limited"; VariantName = "[No Variations]"
Add component (AddParameter): Name = "Value"; Value = "1K"; VariantName = "[No Variations]"
Added Component: Designator=R23(AXIAL-0.4)
Add component. Clean all parameters for all variants
Add component (AddParameter): Name = "LatestRevisionDate"; Value = "17-Jul-2002"; VariantName = "[No Variations]"
Add component (AddParameter): Name = "LatestRevisionNote"; Value = "Re-released for DXP Platform."; VariantName = "[No Variations]"
Add component (AddParameter): Name = "PackageDescription"; Value = "Axial Device, Thru-Hole; 2 Leads; 0.4 in Pin Spacing"; VariantName = "[No Variations]"
Add component (AddParameter): Name = "PackageReference"; Value = "AXIAL-0.4"; VariantName = "[No Variations]"
Add component (AddParameter): Name = "Published"; Value = "8-Jun-2000"; VariantName = "[No Variations]"
Add component (AddParameter): Name = "Publisher"; Value = "Altium Limited"; VariantName = "[No Variations]"
Add component (AddParameter): Name = "Value"; Value = "1K"; VariantName = "[No Variations]"
Added Component: Designator=R24(AXIAL-0.4)
Add component. Clean all parameters for all variants
Add component (AddParameter): Name = "LatestRevisionDate"; Value = "17-Jul-2002"; VariantName = "[No Variations]"
Add component (AddParameter): Name = "LatestRevisionNote"; Value = "Re-released for DXP Platform."; VariantName = "[No Variations]"
Add component (AddParameter): Name = "PackageDescription"; Value = "Axial Device, Thru-Hole; 2 Leads; 0.4 in Pin Spacing"; VariantName = "[No Variations]"
Add component (AddParameter): Name = "PackageReference"; Value = "AXIAL-0.4"; VariantName = "[No Variations]"
Add component (AddParameter): Name = "Published"; Value = "8-Jun-2000"; VariantName = "[No Variations]"
Add component (AddParameter): Name = "Publisher"; Value = "Altium Limited"; VariantName = "[No Variations]"
Add component (AddParameter): Name = "Value"; Value = "1K"; VariantName = "[No Variations]"
Added Component: Designator=RJ2(RJ45_90)
Add component. Clean all parameters for all variants
Added Component: Designator=TCS1(RJ45_Simples)
Add component. Clean all parameters for all variants
Added Component: Designator=TCS2(RJ45_90)
Add component. Clean all parameters for all variants
Added Component: Designator=TCS3(RJ45_90)
Add component. Clean all parameters for all variants
Added Component: Designator=TCS4(RJ45_90)
Add component. Clean all parameters for all variants
Added Pin To Net: NetName=NetCentral_Principal_4 Pin=Central_Principal-4
Added Pin To Net: NetName=NetCentral_Principal_5 Pin=Central_Principal-5
Added Pin To Net: NetName=NetCentral_Principal_6 Pin=Central_Principal-6
Added Pin To Net: NetName=NetCentral_Principal_7 Pin=Central_Principal-7
Added Pin To Net: NetName=NetCentral_Principal_8 Pin=Central_Principal-8
Added Pin To Net: NetName=3VCC Pin=Encoder_4-1
Added Pin To Net: NetName=NetEncoder_4_2 Pin=Encoder_4-2
Added Pin To Net: NetName=NetEncoder_4_3 Pin=Encoder_4-3
Added Pin To Net: NetName=GND Pin=Encoder_4-4
Added Pin To Net: NetName=3VCC Pin=Encoder_5-1
Added Pin To Net: NetName=NetEncoder_5_2 Pin=Encoder_5-2
Added Pin To Net: NetName=NetEncoder_5_3 Pin=Encoder_5-3
Added Pin To Net: NetName=GND Pin=Encoder_5-4
Added Pin To Net: NetName=3VCC Pin=Encoder_6-1
Added Pin To Net: NetName=NetEncoder_6_2 Pin=Encoder_6-2
Added Pin To Net: NetName=NetEncoder_6_3 Pin=Encoder_6-3
Added Pin To Net: NetName=GND Pin=Encoder_6-4
Added Pin To Net: NetName=3VCC Pin=K1-1
Added Pin To Net: NetName=NetK1_2 Pin=K1-2
Added Pin To Net: NetName=NetK1_3 Pin=K1-3
Added Pin To Net: NetName=GND Pin=K1-4
Added Pin To Net: NetName=NetLDR_1_2_1 Pin=LDR_1_2-1
Added Pin To Net: NetName=GND Pin=LDR_1_2-2
Added Pin To Net: NetName=NetLDR_1_2_3 Pin=LDR_1_2-3
Added Pin To Net: NetName=GND Pin=LDR_1_2-4
Added Pin To Net: NetName=NetLDR_1_2_5 Pin=LDR_1_2-5
Added Pin To Net: NetName=GND Pin=LDR_1_2-6
Added Pin To Net: NetName=NetLDR_1_2_7 Pin=LDR_1_2-7
Added Pin To Net: NetName=GND Pin=LDR_1_2-8
Added Pin To Net: NetName=NetLDR_2_2_1 Pin=LDR_2_2-1
Added Pin To Net: NetName=GND Pin=LDR_2_2-2
Added Pin To Net: NetName=NetLDR_2_2_3 Pin=LDR_2_2-3
Added Pin To Net: NetName=GND Pin=LDR_2_2-4
Added Pin To Net: NetName=NetLDR_2_2_5 Pin=LDR_2_2-5
Added Pin To Net: NetName=GND Pin=LDR_2_2-6
Added Pin To Net: NetName=NetLDR_2_2_7 Pin=LDR_2_2-7
Added Pin To Net: NetName=GND Pin=LDR_2_2-8
Added Pin To Net: NetName=NetLDR_3_2_1 Pin=LDR_3_2-1
Added Pin To Net: NetName=GND Pin=LDR_3_2-2
Added Pin To Net: NetName=NetLDR_3_2_3 Pin=LDR_3_2-3
Added Pin To Net: NetName=GND Pin=LDR_3_2-4
Added Pin To Net: NetName=NetLDR_3_2_5 Pin=LDR_3_2-5
Added Pin To Net: NetName=GND Pin=LDR_3_2-6
Added Pin To Net: NetName=NetLDR_3_2_7 Pin=LDR_3_2-7
Added Pin To Net: NetName=GND Pin=LDR_3_2-8
Added Pin To Net: NetName=NetCentral_Principal_7 Pin=Nano_1-12
Added Pin To Net: NetName=NetCentral_Principal_4 Pin=Nano_1-15
Added Pin To Net: NetName=NetLDR_2_2_7 Pin=Nano_1-18
Added Pin To Net: NetName=NetLDR_2_2_5 Pin=Nano_1-19
Added Pin To Net: NetName=NetLDR_2_2_3 Pin=Nano_1-20
Added Pin To Net: NetName=NetLDR_2_2_1 Pin=Nano_1-21
Added Pin To Net: NetName=NetLDR_1_2_1 Pin=Nano_1-22
Added Pin To Net: NetName=NetLDR_1_2_3 Pin=Nano_1-23
Added Pin To Net: NetName=NetLDR_1_2_5 Pin=Nano_1-24
Added Pin To Net: NetName=NetLDR_1_2_7 Pin=Nano_1-25
Added Pin To Net: NetName=GND Pin=Nano_1-28
Added Pin To Net: NetName=5VCC Pin=Nano_1-29
Added Pin To Net: NetName=GND Pin=Nano_2-3
Added Pin To Net: NetName=NetNano_2_4 Pin=Nano_2-4
Added Pin To Net: NetName=NetNano_2_5 Pin=Nano_2-5
Added Pin To Net: NetName=NetNano_2_6 Pin=Nano_2-6
Added Pin To Net: NetName=NetNano_2_7 Pin=Nano_2-7
Added Pin To Net: NetName=NetNano_2_8 Pin=Nano_2-8
Added Pin To Net: NetName=NetNano_2_9 Pin=Nano_2-9
Added Pin To Net: NetName=NetNano_2_10 Pin=Nano_2-10
Added Pin To Net: NetName=5VCC Pin=Nano_2-11
Added Pin To Net: NetName=NetCentral_Principal_8 Pin=Nano_2-12
Added Pin To Net: NetName=NetCentral_Principal_6 Pin=Nano_2-13
Added Pin To Net: NetName=NetCentral_Principal_5 Pin=Nano_2-14
Added Pin To Net: NetName=NetCentral_Principal_4 Pin=Nano_2-15
Added Pin To Net: NetName=NetLDR_3_2_7 Pin=Nano_2-21
Added Pin To Net: NetName=NetNano_2_22 Pin=Nano_2-22
Added Pin To Net: NetName=NetLDR_3_2_1 Pin=Nano_2-23
Added Pin To Net: NetName=NetLDR_3_2_3 Pin=Nano_2-24
Added Pin To Net: NetName=NetLDR_3_2_5 Pin=Nano_2-25
Added Pin To Net: NetName=GND Pin=Nano_2-28
Added Pin To Net: NetName=5VCC Pin=Nano_2-29
Added Pin To Net: NetName=NetLDR_3_2_7 Pin=R13-1
Added Pin To Net: NetName=5VCC Pin=R13-2
Added Pin To Net: NetName=NetLDR_3_2_5 Pin=R14-1
Added Pin To Net: NetName=5VCC Pin=R14-2
Added Pin To Net: NetName=NetLDR_3_2_3 Pin=R15-1
Added Pin To Net: NetName=5VCC Pin=R15-2
Added Pin To Net: NetName=NetLDR_3_2_1 Pin=R16-1
Added Pin To Net: NetName=5VCC Pin=R16-2
Added Pin To Net: NetName=NetLDR_2_2_7 Pin=R17-1
Added Pin To Net: NetName=5VCC Pin=R17-2
Added Pin To Net: NetName=NetLDR_2_2_5 Pin=R18-1
Added Pin To Net: NetName=5VCC Pin=R18-2
Added Pin To Net: NetName=NetLDR_2_2_3 Pin=R19-1
Added Pin To Net: NetName=5VCC Pin=R19-2
Added Pin To Net: NetName=NetLDR_2_2_1 Pin=R20-1
Added Pin To Net: NetName=5VCC Pin=R20-2
Added Pin To Net: NetName=NetLDR_1_2_7 Pin=R21-1
Added Pin To Net: NetName=5VCC Pin=R21-2
Added Pin To Net: NetName=NetLDR_1_2_5 Pin=R22-1
Added Pin To Net: NetName=5VCC Pin=R22-2
Added Pin To Net: NetName=NetLDR_1_2_3 Pin=R23-1
Added Pin To Net: NetName=5VCC Pin=R23-2
Added Pin To Net: NetName=NetLDR_1_2_1 Pin=R24-1
Added Pin To Net: NetName=5VCC Pin=R24-2
Added Pin To Net: NetName=NetEncoder_6_3 Pin=RJ2-1
Added Pin To Net: NetName=NetEncoder_6_2 Pin=RJ2-2
Added Pin To Net: NetName=NetEncoder_5_3 Pin=RJ2-3
Added Pin To Net: NetName=NetEncoder_5_2 Pin=RJ2-4
Added Pin To Net: NetName=NetEncoder_4_3 Pin=RJ2-5
Added Pin To Net: NetName=NetEncoder_4_2 Pin=RJ2-6
Added Pin To Net: NetName=NetK1_3 Pin=RJ2-7
Added Pin To Net: NetName=NetK1_2 Pin=RJ2-8
Added Pin To Net: NetName=GND Pin=TCS1-1
Added Pin To Net: NetName=NetNano_2_9 Pin=TCS1-2
Added Pin To Net: NetName=NetNano_2_6 Pin=TCS1-3
Added Pin To Net: NetName=NetNano_2_10 Pin=TCS1-4
Added Pin To Net: NetName=NetNano_2_4 Pin=TCS1-5
Added Pin To Net: NetName=NetNano_2_22 Pin=TCS1-6
Added Pin To Net: NetName=5VCC Pin=TCS1-7
Added Pin To Net: NetName=5VCC Pin=TCS1-8
Added Pin To Net: NetName=GND Pin=TCS2-1
Added Pin To Net: NetName=NetNano_2_9 Pin=TCS2-2
Added Pin To Net: NetName=NetNano_2_6 Pin=TCS2-3
Added Pin To Net: NetName=NetNano_2_10 Pin=TCS2-4
Added Pin To Net: NetName=NetNano_2_4 Pin=TCS2-5
Added Pin To Net: NetName=NetNano_2_22 Pin=TCS2-6
Added Pin To Net: NetName=NetNano_2_8 Pin=TCS2-7
Added Pin To Net: NetName=5VCC Pin=TCS2-8
Added Pin To Net: NetName=GND Pin=TCS3-1
Added Pin To Net: NetName=NetNano_2_9 Pin=TCS3-2
Added Pin To Net: NetName=NetNano_2_6 Pin=TCS3-3
Added Pin To Net: NetName=NetNano_2_10 Pin=TCS3-4
Added Pin To Net: NetName=NetNano_2_4 Pin=TCS3-5
Added Pin To Net: NetName=NetNano_2_22 Pin=TCS3-6
Added Pin To Net: NetName=NetNano_2_7 Pin=TCS3-7
Added Pin To Net: NetName=5VCC Pin=TCS3-8
Added Pin To Net: NetName=GND Pin=TCS4-1
Added Pin To Net: NetName=NetNano_2_9 Pin=TCS4-2
Added Pin To Net: NetName=NetNano_2_6 Pin=TCS4-3
Added Pin To Net: NetName=NetNano_2_10 Pin=TCS4-4
Added Pin To Net: NetName=NetNano_2_4 Pin=TCS4-5
Added Pin To Net: NetName=NetNano_2_22 Pin=TCS4-6
Added Pin To Net: NetName=NetNano_2_5 Pin=TCS4-7
Added Pin To Net: NetName=5VCC Pin=TCS4-8
Added Pin To Net: NetName=NetCentral_Principal_1 Pin=Central_Principal-1
Added Pin To Net: NetName=NetCentral_Principal_1 Pin=Nano_1-14
Added Net: Name=NetCentral_Principal_1
Added Pin To Net: NetName=NetCentral_Principal_2 Pin=Central_Principal-2
Added Pin To Net: NetName=NetCentral_Principal_2 Pin=Nano_1-13
Added Net: Name=NetCentral_Principal_2
Added Member To Class: ClassName=schSensorChassiNano Member=Component Central_Principal RJ45
Added Member To Class: ClassName=schSensorChassiNano Member=Component Encoder_4 Encoder_3
Added Member To Class: ClassName=schSensorChassiNano Member=Component Encoder_5 Encoder_2
Added Member To Class: ClassName=schSensorChassiNano Member=Component Encoder_6 Encoder1
Added Member To Class: ClassName=schSensorChassiNano Member=Component K1 Encoder_4
Added Member To Class: ClassName=schSensorChassiNano Member=Component K2 KK3
Added Member To Class: ClassName=schSensorChassiNano Member=Component LDR_1_2 RJ45
Added Member To Class: ClassName=schSensorChassiNano Member=Component LDR_2_2 RJ45
Added Member To Class: ClassName=schSensorChassiNano Member=Component LDR_3_2 RJ45
Added Member To Class: ClassName=schSensorChassiNano Member=Component Nano_1 Nano
Added Member To Class: ClassName=schSensorChassiNano Member=Component Nano_2 Nano
Added Member To Class: ClassName=schSensorChassiNano Member=Component R13 Res2
Added Member To Class: ClassName=schSensorChassiNano Member=Component R14 Res2
Added Member To Class: ClassName=schSensorChassiNano Member=Component R15 Res2
Added Member To Class: ClassName=schSensorChassiNano Member=Component R16 Res2
Added Member To Class: ClassName=schSensorChassiNano Member=Component R17 Res2
Added Member To Class: ClassName=schSensorChassiNano Member=Component R18 Res2
Added Member To Class: ClassName=schSensorChassiNano Member=Component R19 Res2
Added Member To Class: ClassName=schSensorChassiNano Member=Component R20 Res2
Added Member To Class: ClassName=schSensorChassiNano Member=Component R21 Res2
Added Member To Class: ClassName=schSensorChassiNano Member=Component R22 Res2
Added Member To Class: ClassName=schSensorChassiNano Member=Component R23 Res2
Added Member To Class: ClassName=schSensorChassiNano Member=Component R24 Res2
Added Member To Class: ClassName=schSensorChassiNano Member=Component RJ2 RJ45
Added Member To Class: ClassName=schSensorChassiNano Member=Component TCS1 RJ45
Added Member To Class: ClassName=schSensorChassiNano Member=Component TCS2 RJ45
Added Member To Class: ClassName=schSensorChassiNano Member=Component TCS3 RJ45
Added Member To Class: ClassName=schSensorChassiNano Member=Component TCS4 RJ45
