Removed Pin From Net: NetName=GND Pin=LDR_2_2-2
Removed Pin From Net: NetName=GND Pin=LDR_2_2-4
Removed Pin From Net: NetName=GND Pin=LDR_2_2-6
Removed Pin From Net: NetName=GND Pin=LDR_2_2-8
Change Component Footprint: Designator=LDR_1_2 Old Footprint=RJ45_90 New Footprint=RJ45_Simples
Change Component Footprint: Designator=LDR_2_2 Old Footprint=RJ45_90 New Footprint=RJ45_Simples
Change Component Footprint: Designator=TCS1 Old Footprint=RJ45_90 New Footprint=RJ45_Simples
Change Component Footprint: Designator=TCS2 Old Footprint=RJ45_90 New Footprint=RJ45_Simples
Change Component Footprint: Designator=TCS3 Old Footprint=RJ45_90 New Footprint=RJ45_Simples
Change Component Footprint: Designator=TCS4 Old Footprint=RJ45_90 New Footprint=RJ45_Simples
Added Component: Designator=C?(RAD-0.3)
Add component. Clean all parameters for all variants
Add component (AddParameter): Name = "LatestRevisionDate"; Value = "17-Jul-2002"; VariantName = "[No Variations]"
Add component (AddParameter): Name = "LatestRevisionNote"; Value = "Re-released for DXP Platform."; VariantName = "[No Variations]"
Add component (AddParameter): Name = "PackageDescription"; Value = "Radial Cap, Thru-Hole; 2 Leads; 0.3 in Pin Spacing"; VariantName = "[No Variations]"
Add component (AddParameter): Name = "PackageReference"; Value = "RAD-0.3"; VariantName = "[No Variations]"
Add component (AddParameter): Name = "Published"; Value = "8-Jun-2000"; VariantName = "[No Variations]"
Add component (AddParameter): Name = "Publisher"; Value = "Altium Limited"; VariantName = "[No Variations]"
Add component (AddParameter): Name = "Value"; Value = "100pF"; VariantName = "[No Variations]"
Added Component: Designator=C?(RAD-0.3)
Add component. Clean all parameters for all variants
Add component (AddParameter): Name = "LatestRevisionDate"; Value = "17-Jul-2002"; VariantName = "[No Variations]"
Add component (AddParameter): Name = "LatestRevisionNote"; Value = "Re-released for DXP Platform."; VariantName = "[No Variations]"
Add component (AddParameter): Name = "PackageDescription"; Value = "Radial Cap, Thru-Hole; 2 Leads; 0.3 in Pin Spacing"; VariantName = "[No Variations]"
Add component (AddParameter): Name = "PackageReference"; Value = "RAD-0.3"; VariantName = "[No Variations]"
Add component (AddParameter): Name = "Published"; Value = "8-Jun-2000"; VariantName = "[No Variations]"
Add component (AddParameter): Name = "Publisher"; Value = "Altium Limited"; VariantName = "[No Variations]"
Add component (AddParameter): Name = "Value"; Value = "100pF"; VariantName = "[No Variations]"
Added Component: Designator=K?(3-vias)
Add component. Clean all parameters for all variants
Added Component: Designator=RJ?(RJ45_90)
Add component. Clean all parameters for all variants
Added Component: Designator=RJ?(RJ45_90)
Add component. Clean all parameters for all variants
Added Component: Designator=RJ?(RJ45_Simples)
Add component. Clean all parameters for all variants
Added Component: Designator=RJ?(RJ45_Simples)
Add component. Clean all parameters for all variants
Added Pin To Net: NetName=GND Pin=C?-1
Added Pin To Net: NetName=GND Pin=C?-2
Added Pin To Net: NetName=GND Pin=K?-2
Added Pin To Net: NetName=GND Pin=LDR_2_2-1
Added Pin To Net: NetName=GND Pin=LDR_2_2-3
Added Pin To Net: NetName=GND Pin=LDR_2_2-5
Added Pin To Net: NetName=GND Pin=LDR_2_2-7
Added Pin To Net: NetName=NetC?_1 Pin=C?-1
Added Pin To Net: NetName=NetC?_1 Pin=K?-1
Added Net: Name=NetC?_1
Added Pin To Net: NetName=NetC?_2 Pin=C?-2
Added Pin To Net: NetName=NetC?_2 Pin=K?-3
Added Net: Name=NetC?_2
Added Pin To Net: NetName=NetLDR_2_2_2 Pin=LDR_2_2-2
Added Pin To Net: NetName=NetLDR_2_2_2 Pin=Nano_1-21
Added Pin To Net: NetName=NetLDR_2_2_2 Pin=R20-1
Added Net: Name=NetLDR_2_2_2
Added Pin To Net: NetName=NetLDR_2_2_4 Pin=LDR_2_2-4
Added Pin To Net: NetName=NetLDR_2_2_4 Pin=Nano_1-20
Added Pin To Net: NetName=NetLDR_2_2_4 Pin=R19-1
Added Net: Name=NetLDR_2_2_4
Added Pin To Net: NetName=NetLDR_2_2_6 Pin=LDR_2_2-6
Added Pin To Net: NetName=NetLDR_2_2_6 Pin=Nano_1-19
Added Pin To Net: NetName=NetLDR_2_2_6 Pin=R18-1
Added Net: Name=NetLDR_2_2_6
Added Pin To Net: NetName=NetLDR_2_2_8 Pin=LDR_2_2-8
Added Pin To Net: NetName=NetLDR_2_2_8 Pin=Nano_1-18
Added Pin To Net: NetName=NetLDR_2_2_8 Pin=R17-1
Added Net: Name=NetLDR_2_2_8
Added Member To Class: ClassName=schBeagleBone Member=Component C? Cap
Added Member To Class: ClassName=schBeagleBone Member=Component C? Cap
Added Member To Class: ClassName=schBeagleBone Member=Component K? KK3
Added Member To Class: ClassName=schBeagleBone Member=Component RJ? RJ45
Added Member To Class: ClassName=schBeagleBone Member=Component RJ? RJ45
Added Member To Class: ClassName=schBeagleBone Member=Component RJ? RJ45
Added Member To Class: ClassName=schBeagleBone Member=Component RJ? RJ45
Added Room: Name=schBeagleBone
