Replace Part 5V KK2Vias in E:\UnB\Equipes de Competição\D.Ro.I.D\Executando\OPEN - 2018\Open2018\Eletronica\mapaSensorChassi\schGarra.SchDoc with KK2Vias from Componentes_Open.SchLib
Replace Part C5 Cap in E:\UnB\Equipes de Competição\D.Ro.I.D\Executando\OPEN - 2018\Open2018\Eletronica\mapaSensorChassi\schGarra.SchDoc with Cap from Miscellaneous Devices.IntLib
Replace Part C6 Cap in E:\UnB\Equipes de Competição\D.Ro.I.D\Executando\OPEN - 2018\Open2018\Eletronica\mapaSensorChassi\schGarra.SchDoc with Cap from Miscellaneous Devices.IntLib
Replace Part Central RJ45 in E:\UnB\Equipes de Competição\D.Ro.I.D\Executando\OPEN - 2018\Open2018\Eletronica\mapaSensorChassi\schGarra.SchDoc with RJ45 from Componentes_Open.SchLib
Replace Part ChaveEN KK2Vias in E:\UnB\Equipes de Competição\D.Ro.I.D\Executando\OPEN - 2018\Open2018\Eletronica\mapaSensorChassi\schGarra.SchDoc with KK2Vias from Componentes_Open.SchLib
Replace Part D1 LED2 in E:\UnB\Equipes de Competição\D.Ro.I.D\Executando\OPEN - 2018\Open2018\Eletronica\mapaSensorChassi\schGarra.SchDoc with LED2 from Miscellaneous Devices.IntLib
Replace Part D2 LED2 in E:\UnB\Equipes de Competição\D.Ro.I.D\Executando\OPEN - 2018\Open2018\Eletronica\mapaSensorChassi\schGarra.SchDoc with LED2 from Miscellaneous Devices.IntLib
Replace Part Driver 1 A4988 in E:\UnB\Equipes de Competição\D.Ro.I.D\Executando\OPEN - 2018\Open2018\Eletronica\mapaSensorChassi\schGarra.SchDoc with A4988 from Componentes_Open.SchLib
Replace Part Driver 2 A4988 in E:\UnB\Equipes de Competição\D.Ro.I.D\Executando\OPEN - 2018\Open2018\Eletronica\mapaSensorChassi\schGarra.SchDoc with A4988 from Componentes_Open.SchLib
Replace Part Eletroima1 KK2Vias in E:\UnB\Equipes de Competição\D.Ro.I.D\Executando\OPEN - 2018\Open2018\Eletronica\mapaSensorChassi\schGarra.SchDoc with KK2Vias from Componentes_Open.SchLib
Replace Part Eletroima2 KK2Vias in E:\UnB\Equipes de Competição\D.Ro.I.D\Executando\OPEN - 2018\Open2018\Eletronica\mapaSensorChassi\schGarra.SchDoc with KK2Vias from Componentes_Open.SchLib
Replace Part Eltroima1 MOSFET-N in E:\UnB\Equipes de Competição\D.Ro.I.D\Executando\OPEN - 2018\Open2018\Eletronica\mapaSensorChassi\schGarra.SchDoc with MOSFET-N from Miscellaneous Devices.IntLib
Replace Part Eltroima2 MOSFET-N in E:\UnB\Equipes de Competição\D.Ro.I.D\Executando\OPEN - 2018\Open2018\Eletronica\mapaSensorChassi\schGarra.SchDoc with MOSFET-N from Miscellaneous Devices.IntLib
Replace Part Matriz JTS-XH (5T) in E:\UnB\Equipes de Competição\D.Ro.I.D\Executando\OPEN - 2018\Open2018\Eletronica\mapaSensorChassi\schGarra.SchDoc with JTS-XH (5T) from Componentes_Open.SchLib
Replace Part Mot1 KK4Vias in E:\UnB\Equipes de Competição\D.Ro.I.D\Executando\OPEN - 2018\Open2018\Eletronica\mapaSensorChassi\schGarra.SchDoc with KK4Vias from Componentes_Open.SchLib
Replace Part Mot2 KK4Vias in E:\UnB\Equipes de Competição\D.Ro.I.D\Executando\OPEN - 2018\Open2018\Eletronica\mapaSensorChassi\schGarra.SchDoc with KK4Vias from Componentes_Open.SchLib
Replace Part MS1 KK2Vias in E:\UnB\Equipes de Competição\D.Ro.I.D\Executando\OPEN - 2018\Open2018\Eletronica\mapaSensorChassi\schGarra.SchDoc with KK2Vias from Componentes_Open.SchLib
Replace Part MS2 KK2Vias in E:\UnB\Equipes de Competição\D.Ro.I.D\Executando\OPEN - 2018\Open2018\Eletronica\mapaSensorChassi\schGarra.SchDoc with KK2Vias from Componentes_Open.SchLib
Replace Part MS3 KK2Vias in E:\UnB\Equipes de Competição\D.Ro.I.D\Executando\OPEN - 2018\Open2018\Eletronica\mapaSensorChassi\schGarra.SchDoc with KK2Vias from Componentes_Open.SchLib
Replace Part Nano_2 Arduino_Nano in E:\UnB\Equipes de Competição\D.Ro.I.D\Executando\OPEN - 2018\Open2018\Eletronica\mapaSensorChassi\schGarra.SchDoc with Arduino_Nano from Componentes_Open.SchLib
Replace Part R1 Res1 in E:\UnB\Equipes de Competição\D.Ro.I.D\Executando\OPEN - 2018\Open2018\Eletronica\mapaSensorChassi\schGarra.SchDoc with Res1 from Miscellaneous Devices.IntLib
Replace Part R2 Res1 in E:\UnB\Equipes de Competição\D.Ro.I.D\Executando\OPEN - 2018\Open2018\Eletronica\mapaSensorChassi\schGarra.SchDoc with Res1 from Miscellaneous Devices.IntLib
Replace Part TCS3200 RJ45 in E:\UnB\Equipes de Competição\D.Ro.I.D\Executando\OPEN - 2018\Open2018\Eletronica\mapaSensorChassi\schGarra.SchDoc with RJ45 from Componentes_Open.SchLib
Replace Part Vin KK2Vias in E:\UnB\Equipes de Competição\D.Ro.I.D\Executando\OPEN - 2018\Open2018\Eletronica\mapaSensorChassi\schGarra.SchDoc with KK2Vias from Componentes_Open.SchLib
