Replace Part C1 Cap in E:\UnB\Equipes de Competição\D.Ro.I.D\Executando\OPEN - 2018\Open2018\Eletronica\mapaSensorChassi\schSensorChassiNano.SchDoc with Cap from Miscellaneous Devices.IntLib
Replace Part C2 Cap in E:\UnB\Equipes de Competição\D.Ro.I.D\Executando\OPEN - 2018\Open2018\Eletronica\mapaSensorChassi\schSensorChassiNano.SchDoc with Cap from Miscellaneous Devices.IntLib
Replace Part Central_Principal1 RJ45 in E:\UnB\Equipes de Competição\D.Ro.I.D\Executando\OPEN - 2018\Open2018\Eletronica\mapaSensorChassi\schSensorChassiNano.SchDoc with RJ45 from Componentes_Open.SchLib
Replace Part Encoder_4 KK4Vias in E:\UnB\Equipes de Competição\D.Ro.I.D\Executando\OPEN - 2018\Open2018\Eletronica\mapaSensorChassi\schSensorChassiNano.SchDoc with KK4Vias from Componentes_Open.SchLib
Replace Part Encoder_5 KK4Vias in E:\UnB\Equipes de Competição\D.Ro.I.D\Executando\OPEN - 2018\Open2018\Eletronica\mapaSensorChassi\schSensorChassiNano.SchDoc with KK4Vias from Componentes_Open.SchLib
Replace Part Encoder_6 KK4Vias in E:\UnB\Equipes de Competição\D.Ro.I.D\Executando\OPEN - 2018\Open2018\Eletronica\mapaSensorChassi\schSensorChassiNano.SchDoc with KK4Vias from Componentes_Open.SchLib
Replace Part K1 KK4Vias in E:\UnB\Equipes de Competição\D.Ro.I.D\Executando\OPEN - 2018\Open2018\Eletronica\mapaSensorChassi\schSensorChassiNano.SchDoc with KK4Vias from Componentes_Open.SchLib
Replace Part K2 KK3Vias in E:\UnB\Equipes de Competição\D.Ro.I.D\Executando\OPEN - 2018\Open2018\Eletronica\mapaSensorChassi\schSensorChassiNano.SchDoc with KK3Vias from Componentes_Open.SchLib
Replace Part K3 KK3Vias in E:\UnB\Equipes de Competição\D.Ro.I.D\Executando\OPEN - 2018\Open2018\Eletronica\mapaSensorChassi\schSensorChassiNano.SchDoc with KK3Vias from Componentes_Open.SchLib
Replace Part K4 KK3Vias in E:\UnB\Equipes de Competição\D.Ro.I.D\Executando\OPEN - 2018\Open2018\Eletronica\mapaSensorChassi\schSensorChassiNano.SchDoc with KK3Vias from Componentes_Open.SchLib
Replace Part K5 KK3Vias in E:\UnB\Equipes de Competição\D.Ro.I.D\Executando\OPEN - 2018\Open2018\Eletronica\mapaSensorChassi\schSensorChassiNano.SchDoc with KK3Vias from Componentes_Open.SchLib
Replace Part K6 KK3Vias in E:\UnB\Equipes de Competição\D.Ro.I.D\Executando\OPEN - 2018\Open2018\Eletronica\mapaSensorChassi\schSensorChassiNano.SchDoc with KK3Vias from Componentes_Open.SchLib
Replace Part LDR_1_2 RJ45 in E:\UnB\Equipes de Competição\D.Ro.I.D\Executando\OPEN - 2018\Open2018\Eletronica\mapaSensorChassi\schSensorChassiNano.SchDoc with RJ45 from Componentes_Open.SchLib
Replace Part LDR_2_2 RJ45 in E:\UnB\Equipes de Competição\D.Ro.I.D\Executando\OPEN - 2018\Open2018\Eletronica\mapaSensorChassi\schSensorChassiNano.SchDoc with RJ45 from Componentes_Open.SchLib
Replace Part Nano_1 Arduino_Nano in E:\UnB\Equipes de Competição\D.Ro.I.D\Executando\OPEN - 2018\Open2018\Eletronica\mapaSensorChassi\schSensorChassiNano.SchDoc with Arduino_Nano from Componentes_Open.SchLib
Replace Part R17 Res2 in E:\UnB\Equipes de Competição\D.Ro.I.D\Executando\OPEN - 2018\Open2018\Eletronica\mapaSensorChassi\schSensorChassiNano.SchDoc with Res2 from Miscellaneous Devices.IntLib
Replace Part R18 Res2 in E:\UnB\Equipes de Competição\D.Ro.I.D\Executando\OPEN - 2018\Open2018\Eletronica\mapaSensorChassi\schSensorChassiNano.SchDoc with Res2 from Miscellaneous Devices.IntLib
Replace Part R19 Res2 in E:\UnB\Equipes de Competição\D.Ro.I.D\Executando\OPEN - 2018\Open2018\Eletronica\mapaSensorChassi\schSensorChassiNano.SchDoc with Res2 from Miscellaneous Devices.IntLib
Replace Part R20 Res2 in E:\UnB\Equipes de Competição\D.Ro.I.D\Executando\OPEN - 2018\Open2018\Eletronica\mapaSensorChassi\schSensorChassiNano.SchDoc with Res2 from Miscellaneous Devices.IntLib
Replace Part R21 Res2 in E:\UnB\Equipes de Competição\D.Ro.I.D\Executando\OPEN - 2018\Open2018\Eletronica\mapaSensorChassi\schSensorChassiNano.SchDoc with Res2 from Miscellaneous Devices.IntLib
Replace Part R22 Res2 in E:\UnB\Equipes de Competição\D.Ro.I.D\Executando\OPEN - 2018\Open2018\Eletronica\mapaSensorChassi\schSensorChassiNano.SchDoc with Res2 from Miscellaneous Devices.IntLib
Replace Part R23 Res2 in E:\UnB\Equipes de Competição\D.Ro.I.D\Executando\OPEN - 2018\Open2018\Eletronica\mapaSensorChassi\schSensorChassiNano.SchDoc with Res2 from Miscellaneous Devices.IntLib
Replace Part R24 Res2 in E:\UnB\Equipes de Competição\D.Ro.I.D\Executando\OPEN - 2018\Open2018\Eletronica\mapaSensorChassi\schSensorChassiNano.SchDoc with Res2 from Miscellaneous Devices.IntLib
Replace Part RJ2 RJ45 in E:\UnB\Equipes de Competição\D.Ro.I.D\Executando\OPEN - 2018\Open2018\Eletronica\mapaSensorChassi\schSensorChassiNano.SchDoc with RJ45 from Componentes_Open.SchLib
Replace Part TCS1 RJ45 in E:\UnB\Equipes de Competição\D.Ro.I.D\Executando\OPEN - 2018\Open2018\Eletronica\mapaSensorChassi\schSensorChassiNano.SchDoc with RJ45 from Componentes_Open.SchLib
Replace Part TCS2 RJ45 in E:\UnB\Equipes de Competição\D.Ro.I.D\Executando\OPEN - 2018\Open2018\Eletronica\mapaSensorChassi\schSensorChassiNano.SchDoc with RJ45 from Componentes_Open.SchLib
Replace Part TCS3 RJ45 in E:\UnB\Equipes de Competição\D.Ro.I.D\Executando\OPEN - 2018\Open2018\Eletronica\mapaSensorChassi\schSensorChassiNano.SchDoc with RJ45 from Componentes_Open.SchLib
Replace Part TCS4 RJ45 in E:\UnB\Equipes de Competição\D.Ro.I.D\Executando\OPEN - 2018\Open2018\Eletronica\mapaSensorChassi\schSensorChassiNano.SchDoc with RJ45 from Componentes_Open.SchLib
