Change Component Designator: Old Designator=Central_? New Designator=Central_4
Change Component Designator: Old Designator=Encoder_? New Designator=Encoder_4
Change Component Designator: Old Designator=Encoder_? New Designator=Encoder_5
Change Component Designator: Old Designator=Encoder_? New Designator=Encoder_6
Change Component Designator: Old Designator=K? New Designator=K1
Change Component Designator: Old Designator=LDR_? New Designator=LDR_4
Change Component Designator: Old Designator=LDR_? New Designator=LDR_5
Change Component Designator: Old Designator=LDR_? New Designator=LDR_6
Change Component Designator: Old Designator=Nano_? New Designator=Nano_1
Change Component Designator: Old Designator=Nano_? New Designator=Nano_2
Change Component Designator: Old Designator=R? New Designator=R13
Change Component Designator: Old Designator=R? New Designator=R14
Change Component Designator: Old Designator=R? New Designator=R15
Change Component Designator: Old Designator=R? New Designator=R16
Change Component Designator: Old Designator=R? New Designator=R17
Change Component Designator: Old Designator=R? New Designator=R18
Change Component Designator: Old Designator=R? New Designator=R19
Change Component Designator: Old Designator=R? New Designator=R20
Change Component Designator: Old Designator=R? New Designator=R21
Change Component Designator: Old Designator=R? New Designator=R22
Change Component Designator: Old Designator=R? New Designator=R23
Change Component Designator: Old Designator=R? New Designator=R24
Change Component Designator: Old Designator=RJ? New Designator=RJ2
Change Component Designator: Old Designator=TCS? New Designator=TCS1
Change Component Designator: Old Designator=TCS? New Designator=TCS2
Change Component Designator: Old Designator=TCS? New Designator=TCS3
