Replace Part C1 Cap in C:\Users\lucas\Downloads\DROID\Open2018\Eletronica\mapaSensorChassi\schSensorChassiNano.SchDoc with Cap from Miscellaneous Devices.IntLib
Replace Part C2 Cap in C:\Users\lucas\Downloads\DROID\Open2018\Eletronica\mapaSensorChassi\schSensorChassiNano.SchDoc with Cap from Miscellaneous Devices.IntLib
Replace Part Central_Principal RJ45 in C:\Users\lucas\Downloads\DROID\Open2018\Eletronica\mapaSensorChassi\schSensorChassiNano.SchDoc with RJ45 from Componentes_Open.SchLib
Replace Part Encoder_4 KK4Vias in C:\Users\lucas\Downloads\DROID\Open2018\Eletronica\mapaSensorChassi\schSensorChassiNano.SchDoc with KK4Vias from Componentes_Open.SchLib
Replace Part Encoder_5 KK4Vias in C:\Users\lucas\Downloads\DROID\Open2018\Eletronica\mapaSensorChassi\schSensorChassiNano.SchDoc with KK4Vias from Componentes_Open.SchLib
Replace Part Encoder_6 KK4Vias in C:\Users\lucas\Downloads\DROID\Open2018\Eletronica\mapaSensorChassi\schSensorChassiNano.SchDoc with KK4Vias from Componentes_Open.SchLib
Replace Part K1 KK4Vias in C:\Users\lucas\Downloads\DROID\Open2018\Eletronica\mapaSensorChassi\schSensorChassiNano.SchDoc with KK4Vias from Componentes_Open.SchLib
Replace Part K2 KK3Vias in C:\Users\lucas\Downloads\DROID\Open2018\Eletronica\mapaSensorChassi\schSensorChassiNano.SchDoc with KK3Vias from Componentes_Open.SchLib
Replace Part K3 KK3Vias in C:\Users\lucas\Downloads\DROID\Open2018\Eletronica\mapaSensorChassi\schSensorChassiNano.SchDoc with KK3Vias from Componentes_Open.SchLib
Replace Part K4 KK3Vias in C:\Users\lucas\Downloads\DROID\Open2018\Eletronica\mapaSensorChassi\schSensorChassiNano.SchDoc with KK3Vias from Componentes_Open.SchLib
Replace Part LDR_1_2 RJ45 in C:\Users\lucas\Downloads\DROID\Open2018\Eletronica\mapaSensorChassi\schSensorChassiNano.SchDoc with RJ45 from Componentes_Open.SchLib
Replace Part LDR_2_2 RJ45 in C:\Users\lucas\Downloads\DROID\Open2018\Eletronica\mapaSensorChassi\schSensorChassiNano.SchDoc with RJ45 from Componentes_Open.SchLib
Replace Part LDR_3_2 RJ45 in C:\Users\lucas\Downloads\DROID\Open2018\Eletronica\mapaSensorChassi\schSensorChassiNano.SchDoc with RJ45 from Componentes_Open.SchLib
Replace Part Nano_1 Arduino_Nano in C:\Users\lucas\Downloads\DROID\Open2018\Eletronica\mapaSensorChassi\schSensorChassiNano.SchDoc with Arduino_Nano from Componentes_Open.SchLib
Replace Part Nano_2 Arduino_Nano in C:\Users\lucas\Downloads\DROID\Open2018\Eletronica\mapaSensorChassi\schSensorChassiNano.SchDoc with Arduino_Nano from Componentes_Open.SchLib
Replace Part R13 Res2 in C:\Users\lucas\Downloads\DROID\Open2018\Eletronica\mapaSensorChassi\schSensorChassiNano.SchDoc with Res2 from Miscellaneous Devices.IntLib
Replace Part R14 Res2 in C:\Users\lucas\Downloads\DROID\Open2018\Eletronica\mapaSensorChassi\schSensorChassiNano.SchDoc with Res2 from Miscellaneous Devices.IntLib
Replace Part R15 Res2 in C:\Users\lucas\Downloads\DROID\Open2018\Eletronica\mapaSensorChassi\schSensorChassiNano.SchDoc with Res2 from Miscellaneous Devices.IntLib
Replace Part R16 Res2 in C:\Users\lucas\Downloads\DROID\Open2018\Eletronica\mapaSensorChassi\schSensorChassiNano.SchDoc with Res2 from Miscellaneous Devices.IntLib
Replace Part R17 Res2 in C:\Users\lucas\Downloads\DROID\Open2018\Eletronica\mapaSensorChassi\schSensorChassiNano.SchDoc with Res2 from Miscellaneous Devices.IntLib
Replace Part R18 Res2 in C:\Users\lucas\Downloads\DROID\Open2018\Eletronica\mapaSensorChassi\schSensorChassiNano.SchDoc with Res2 from Miscellaneous Devices.IntLib
Replace Part R19 Res2 in C:\Users\lucas\Downloads\DROID\Open2018\Eletronica\mapaSensorChassi\schSensorChassiNano.SchDoc with Res2 from Miscellaneous Devices.IntLib
Replace Part R20 Res2 in C:\Users\lucas\Downloads\DROID\Open2018\Eletronica\mapaSensorChassi\schSensorChassiNano.SchDoc with Res2 from Miscellaneous Devices.IntLib
Replace Part R21 Res2 in C:\Users\lucas\Downloads\DROID\Open2018\Eletronica\mapaSensorChassi\schSensorChassiNano.SchDoc with Res2 from Miscellaneous Devices.IntLib
Replace Part R22 Res2 in C:\Users\lucas\Downloads\DROID\Open2018\Eletronica\mapaSensorChassi\schSensorChassiNano.SchDoc with Res2 from Miscellaneous Devices.IntLib
Replace Part R23 Res2 in C:\Users\lucas\Downloads\DROID\Open2018\Eletronica\mapaSensorChassi\schSensorChassiNano.SchDoc with Res2 from Miscellaneous Devices.IntLib
Replace Part R24 Res2 in C:\Users\lucas\Downloads\DROID\Open2018\Eletronica\mapaSensorChassi\schSensorChassiNano.SchDoc with Res2 from Miscellaneous Devices.IntLib
Replace Part RJ2 RJ45 in C:\Users\lucas\Downloads\DROID\Open2018\Eletronica\mapaSensorChassi\schSensorChassiNano.SchDoc with RJ45 from Componentes_Open.SchLib
Replace Part TCS1 RJ45 in C:\Users\lucas\Downloads\DROID\Open2018\Eletronica\mapaSensorChassi\schSensorChassiNano.SchDoc with RJ45 from Componentes_Open.SchLib
Replace Part TCS2 RJ45 in C:\Users\lucas\Downloads\DROID\Open2018\Eletronica\mapaSensorChassi\schSensorChassiNano.SchDoc with RJ45 from Componentes_Open.SchLib
Replace Part TCS3 RJ45 in C:\Users\lucas\Downloads\DROID\Open2018\Eletronica\mapaSensorChassi\schSensorChassiNano.SchDoc with RJ45 from Componentes_Open.SchLib
Replace Part TCS4 RJ45 in C:\Users\lucas\Downloads\DROID\Open2018\Eletronica\mapaSensorChassi\schSensorChassiNano.SchDoc with RJ45 from Componentes_Open.SchLib
