Added Component: Designator=C1(RAD-0.3)
Add component. Clean all parameters for all variants
Add component (AddParameter): Name = "LatestRevisionDate"; Value = "17-Jul-2002"; VariantName = "[No Variations]"
Add component (AddParameter): Name = "LatestRevisionNote"; Value = "Re-released for DXP Platform."; VariantName = "[No Variations]"
Add component (AddParameter): Name = "PackageDescription"; Value = "Radial Cap, Thru-Hole; 2 Leads; 0.3 in Pin Spacing"; VariantName = "[No Variations]"
Add component (AddParameter): Name = "PackageReference"; Value = "RAD-0.3"; VariantName = "[No Variations]"
Add component (AddParameter): Name = "Published"; Value = "8-Jun-2000"; VariantName = "[No Variations]"
Add component (AddParameter): Name = "Publisher"; Value = "Altium Limited"; VariantName = "[No Variations]"
Add component (AddParameter): Name = "Value"; Value = "100pF"; VariantName = "[No Variations]"
Added Component: Designator=Driver1(A4988)
Add component. Clean all parameters for all variants
Added Component: Designator=Encoder1(4-vias)
Add component. Clean all parameters for all variants
Add component (AddParameter): Name = "ComponentLink1Description"; Value = "Fabricante"; VariantName = "[No Variations]"
Add component (AddParameter): Name = "ComponentLink1URL"; Value = "https://www.molex.com/molex/products/family?key=kk_254_rpc_connector_system&channel=products&chanName=family&pageTitle=Introduction&parentKey=kk_interconnect_solutions"; VariantName = "[No Variations]"
Added Component: Designator=Encoder2(4-vias)
Add component. Clean all parameters for all variants
Add component (AddParameter): Name = "ComponentLink1Description"; Value = "Fabricante"; VariantName = "[No Variations]"
Add component (AddParameter): Name = "ComponentLink1URL"; Value = "https://www.molex.com/molex/products/family?key=kk_254_rpc_connector_system&channel=products&chanName=family&pageTitle=Introduction&parentKey=kk_interconnect_solutions"; VariantName = "[No Variations]"
Added Component: Designator=Encoder3(4-vias)
Add component. Clean all parameters for all variants
Add component (AddParameter): Name = "ComponentLink1Description"; Value = "Fabricante"; VariantName = "[No Variations]"
Add component (AddParameter): Name = "ComponentLink1URL"; Value = "https://www.molex.com/molex/products/family?key=kk_254_rpc_connector_system&channel=products&chanName=family&pageTitle=Introduction&parentKey=kk_interconnect_solutions"; VariantName = "[No Variations]"
Added Component: Designator=Encoder4(4-vias)
Add component. Clean all parameters for all variants
Add component (AddParameter): Name = "ComponentLink1Description"; Value = "Fabricante"; VariantName = "[No Variations]"
Add component (AddParameter): Name = "ComponentLink1URL"; Value = "https://www.molex.com/molex/products/family?key=kk_254_rpc_connector_system&channel=products&chanName=family&pageTitle=Introduction&parentKey=kk_interconnect_solutions"; VariantName = "[No Variations]"
Added Component: Designator=EN(2-vias)
Add component. Clean all parameters for all variants
Added Component: Designator=GP0_1(3-vias)
Add component. Clean all parameters for all variants
Added Component: Designator=GP0_2(3-vias)
Add component. Clean all parameters for all variants
Added Component: Designator=in_12V(JACK J4)
Add component. Clean all parameters for all variants
Added Component: Designator=In_Mot_1(2-vias)
Add component. Clean all parameters for all variants
Added Component: Designator=In_Mot_2(2-vias)
Add component. Clean all parameters for all variants
Added Component: Designator=In_Mot_3(2-vias)
Add component. Clean all parameters for all variants
Added Component: Designator=In_Mot_4(2-vias)
Add component. Clean all parameters for all variants
Added Component: Designator=MS1(2-vias)
Add component. Clean all parameters for all variants
Added Component: Designator=MS2(2-vias)
Add component. Clean all parameters for all variants
Added Component: Designator=MS3(2-vias)
Add component. Clean all parameters for all variants
Added Component: Designator=Out_Mot_1(2-vias)
Add component. Clean all parameters for all variants
Added Component: Designator=Out_Mot_2(2-vias)
Add component. Clean all parameters for all variants
Added Component: Designator=Out_Mot_3(2-vias)
Add component. Clean all parameters for all variants
Added Component: Designator=Out_Mot_4(2-vias)
Add component. Clean all parameters for all variants
Added Component: Designator=RJ_Chassi_1(RJ45_90)
Add component. Clean all parameters for all variants
Added Component: Designator=RJ_Chassi_2(RJ45_90)
Add component. Clean all parameters for all variants
Added Component: Designator=RJ_Garra(RJ45_Simples)
Add component. Clean all parameters for all variants
Added Component: Designator=Servo1(3-vias)
Add component. Clean all parameters for all variants
Added Component: Designator=Servo2(3-vias)
Add component. Clean all parameters for all variants
Added Component: Designator=Servo3(3-vias)
Add component. Clean all parameters for all variants
Added Component: Designator=Servo4(3-vias)
Add component. Clean all parameters for all variants
Added Component: Designator=SP1_1(3-vias)
Add component. Clean all parameters for all variants
Added Component: Designator=SP1_2(3-vias)
Add component. Clean all parameters for all variants
Added Component: Designator=SP2_1(3-vias)
Add component. Clean all parameters for all variants
Added Component: Designator=SP2_2(3-vias)
Add component. Clean all parameters for all variants
Added Component: Designator=StepMot(4-vias)
Add component. Clean all parameters for all variants
Add component (AddParameter): Name = "ComponentLink1Description"; Value = "Fabricante"; VariantName = "[No Variations]"
Add component (AddParameter): Name = "ComponentLink1URL"; Value = "https://www.molex.com/molex/products/family?key=kk_254_rpc_connector_system&channel=products&chanName=family&pageTitle=Introduction&parentKey=kk_interconnect_solutions"; VariantName = "[No Variations]"
Added Pin To Net: NetName=1A Pin=Driver1-12
Added Pin To Net: NetName=1A Pin=StepMot-3
Added Net: Name=1A
Added Pin To Net: NetName=1B Pin=Driver1-13
Added Pin To Net: NetName=1B Pin=StepMot-4
Added Net: Name=1B
Added Pin To Net: NetName=2A Pin=Driver1-11
Added Pin To Net: NetName=2A Pin=StepMot-2
Added Net: Name=2A
Added Pin To Net: NetName=2B Pin=Driver1-10
Added Pin To Net: NetName=2B Pin=StepMot-1
Added Net: Name=2B
Added Pin To Net: NetName=3.3v Pin=Driver1-14
Added Pin To Net: NetName=3.3v Pin=EN-2
Added Pin To Net: NetName=3.3v Pin=GP0_1-2
Added Pin To Net: NetName=3.3v Pin=MS1-2
Added Pin To Net: NetName=3.3v Pin=MS2-2
Added Pin To Net: NetName=3.3v Pin=MS3-2
Added Net: Name=3.3v
Added Pin To Net: NetName=12V Pin=C1-2
Added Pin To Net: NetName=12V Pin=Driver1-8
Added Pin To Net: NetName=12V Pin=in_12V-1
Added Net: Name=12V
Added Pin To Net: NetName=ChA_1 Pin=Encoder4-3
Added Pin To Net: NetName=ChA_1 Pin=RJ_Chassi_1-1
Added Net: Name=ChA_1
Added Pin To Net: NetName=ChA_2 Pin=Encoder2-3
Added Pin To Net: NetName=ChA_2 Pin=RJ_Chassi_1-5
Added Net: Name=ChA_2
Added Pin To Net: NetName=ChA_3 Pin=Encoder1-3
Added Pin To Net: NetName=ChA_3 Pin=RJ_Chassi_1-8
Added Net: Name=ChA_3
Added Pin To Net: NetName=ChA_4 Pin=Encoder3-3
Added Pin To Net: NetName=ChA_4 Pin=RJ_Chassi_1-4
Added Net: Name=ChA_4
Added Pin To Net: NetName=ChB_1 Pin=Encoder4-4
Added Pin To Net: NetName=ChB_1 Pin=RJ_Chassi_1-3
Added Net: Name=ChB_1
Added Pin To Net: NetName=ChB_2 Pin=Encoder2-4
Added Pin To Net: NetName=ChB_2 Pin=RJ_Chassi_1-7
Added Net: Name=ChB_2
Added Pin To Net: NetName=ChB_3 Pin=Encoder1-4
Added Pin To Net: NetName=ChB_3 Pin=RJ_Chassi_1-6
Added Net: Name=ChB_3
Added Pin To Net: NetName=ChB_4 Pin=Encoder3-4
Added Pin To Net: NetName=ChB_4 Pin=RJ_Chassi_1-2
Added Net: Name=ChB_4
Added Pin To Net: NetName=CLK_1 Pin=RJ_Garra-2
Added Pin To Net: NetName=CLK_1 Pin=SP1_2-2
Added Net: Name=CLK_1
Added Pin To Net: NetName=CLK_2 Pin=RJ_Chassi_2-6
Added Pin To Net: NetName=CLK_2 Pin=SP2_2-2
Added Net: Name=CLK_2
Added Pin To Net: NetName=DIR Pin=Driver1-7
Added Pin To Net: NetName=DIR Pin=GP0_2-3
Added Net: Name=DIR
Added Pin To Net: NetName=EN Pin=Driver1-16
Added Pin To Net: NetName=EN Pin=EN-1
Added Net: Name=EN
Added Pin To Net: NetName=GND Pin=C1-1
Added Pin To Net: NetName=GND Pin=Driver1-9
Added Pin To Net: NetName=GND Pin=Driver1-15
Added Pin To Net: NetName=GND Pin=GP0_1-1
Added Pin To Net: NetName=GND Pin=in_12V-2
Added Net: Name=GND
Added Pin To Net: NetName=MISO_1 Pin=RJ_Garra-8
Added Pin To Net: NetName=MISO_1 Pin=SP1_2-1
Added Net: Name=MISO_1
Added Pin To Net: NetName=MISO_2 Pin=RJ_Chassi_2-5
Added Pin To Net: NetName=MISO_2 Pin=SP2_2-1
Added Net: Name=MISO_2
Added Pin To Net: NetName=MOSI_1 Pin=RJ_Garra-6
Added Pin To Net: NetName=MOSI_1 Pin=SP1_1-3
Added Net: Name=MOSI_1
Added Pin To Net: NetName=MOSI_2 Pin=RJ_Chassi_2-7
Added Pin To Net: NetName=MOSI_2 Pin=SP2_1-3
Added Net: Name=MOSI_2
Added Pin To Net: NetName=MotA_1 Pin=In_Mot_1-1
Added Pin To Net: NetName=MotA_1 Pin=Out_Mot_1-2
Added Net: Name=MotA_1
Added Pin To Net: NetName=MotA_2 Pin=In_Mot_1-2
Added Pin To Net: NetName=MotA_2 Pin=Out_Mot_1-1
Added Net: Name=MotA_2
Added Pin To Net: NetName=MotB_1 Pin=In_Mot_2-1
Added Pin To Net: NetName=MotB_1 Pin=Out_Mot_2-2
Added Net: Name=MotB_1
Added Pin To Net: NetName=MotB_2 Pin=In_Mot_2-2
Added Pin To Net: NetName=MotB_2 Pin=Out_Mot_2-1
Added Net: Name=MotB_2
Added Pin To Net: NetName=MotC_1 Pin=In_Mot_3-1
Added Pin To Net: NetName=MotC_1 Pin=Out_Mot_3-2
Added Net: Name=MotC_1
Added Pin To Net: NetName=MotC_2 Pin=In_Mot_3-2
Added Pin To Net: NetName=MotC_2 Pin=Out_Mot_3-1
Added Net: Name=MotC_2
Added Pin To Net: NetName=MotD_1 Pin=In_Mot_4-1
Added Pin To Net: NetName=MotD_1 Pin=Out_Mot_4-2
Added Net: Name=MotD_1
Added Pin To Net: NetName=MotD_2 Pin=In_Mot_4-2
Added Pin To Net: NetName=MotD_2 Pin=Out_Mot_4-1
Added Net: Name=MotD_2
Added Pin To Net: NetName=MS1 Pin=Driver1-1
Added Pin To Net: NetName=MS1 Pin=MS1-1
Added Net: Name=MS1
Added Pin To Net: NetName=MS2 Pin=Driver1-2
Added Pin To Net: NetName=MS2 Pin=MS2-1
Added Net: Name=MS2
Added Pin To Net: NetName=MS3 Pin=Driver1-3
Added Pin To Net: NetName=MS3 Pin=MS3-1
Added Net: Name=MS3
Added Pin To Net: NetName=RST Pin=Driver1-4
Added Pin To Net: NetName=RST Pin=GP0_1-3
Added Net: Name=RST
Added Pin To Net: NetName=Servo1 Pin=RJ_Chassi_2-4
Added Pin To Net: NetName=Servo1 Pin=Servo1-2
Added Net: Name=Servo1
Added Pin To Net: NetName=Servo2 Pin=RJ_Chassi_2-3
Added Pin To Net: NetName=Servo2 Pin=Servo2-2
Added Net: Name=Servo2
Added Pin To Net: NetName=Servo3 Pin=RJ_Chassi_2-2
Added Pin To Net: NetName=Servo3 Pin=Servo3-2
Added Net: Name=Servo3
Added Pin To Net: NetName=Servo4 Pin=RJ_Chassi_2-1
Added Pin To Net: NetName=Servo4 Pin=Servo4-2
Added Net: Name=Servo4
Added Pin To Net: NetName=SLP Pin=Driver1-5
Added Pin To Net: NetName=SLP Pin=GP0_2-1
Added Net: Name=SLP
Added Pin To Net: NetName=SS_1 Pin=RJ_Garra-4
Added Pin To Net: NetName=SS_1 Pin=SP1_2-3
Added Net: Name=SS_1
Added Pin To Net: NetName=SS_2 Pin=RJ_Chassi_2-8
Added Pin To Net: NetName=SS_2 Pin=SP2_2-3
Added Net: Name=SS_2
Added Pin To Net: NetName=STP Pin=Driver1-6
Added Pin To Net: NetName=STP Pin=GP0_2-2
Added Net: Name=STP
Added Class: Name=schBeagleBone
Added Room: Name=schBeagleBone
